Change Component Designator: Old Designator=C1 New Designator=C17
Change Component Designator: Old Designator=C2 New Designator=C18
Change Component Designator: Old Designator=C4 New Designator=C19
Change Component Designator: Old Designator=C5 New Designator=C20
Change Component Designator: Old Designator=C6 New Designator=C21
Change Component Designator: Old Designator=C8 New Designator=C22
Change Component Designator: Old Designator=C9 New Designator=C23
Change Component Designator: Old Designator=C10 New Designator=C24
Change Component Designator: Old Designator=C13 New Designator=C25
Change Component Designator: Old Designator=C14 New Designator=C26
Change Component Designator: Old Designator=C15 New Designator=C27
Change Component Designator: Old Designator=DA2 New Designator=DA3
Change Component Designator: Old Designator=L1 New Designator=L2
Change Component Designator: Old Designator=L2 New Designator=L3
Change Component Designator: Old Designator=L3 New Designator=L4
Change Component Designator: Old Designator=R1 New Designator=R18
Change Component Designator: Old Designator=R2 New Designator=R19
Change Component Designator: Old Designator=R3 New Designator=R20
Change Component Designator: Old Designator=R4 New Designator=R21
Change Component Designator: Old Designator=R5 New Designator=R22
Change Component Designator: Old Designator=R6 New Designator=R23
Change Component Designator: Old Designator=X1 New Designator=X2
Change Component Designator: Old Designator=X2 New Designator=X3
