Change Component Designator: Old Designator=C3 New Designator=C18
Change Component Designator: Old Designator=C3 New Designator=C24
Change Component Designator: Old Designator=C3 New Designator=C29
Change Component Designator: Old Designator=C5 New Designator=C19
Change Component Designator: Old Designator=C6 New Designator=C22
Change Component Designator: Old Designator=C7 New Designator=C27
Change Component Designator: Old Designator=C8 New Designator=C28
Change Component Designator: Old Designator=C9 New Designator=C20
Change Component Designator: Old Designator=C9 New Designator=C23
Change Component Designator: Old Designator=C9 New Designator=C25
Change Component Designator: Old Designator=C9 New Designator=C30
Change Component Designator: Old Designator=C10 New Designator=C33
Change Component Designator: Old Designator=C11 New Designator=C34
Change Component Designator: Old Designator=C12 New Designator=C35
Change Component Designator: Old Designator=C13 New Designator=C36
Change Component Designator: Old Designator=C14 New Designator=C26
Change Component Designator: Old Designator=C14 New Designator=C37
Change Component Designator: Old Designator=C15 New Designator=C38
Change Component Designator: Old Designator=C16 New Designator=C39
Change Component Designator: Old Designator=C17 New Designator=C41
Change Component Designator: Old Designator=C? New Designator=C21
Change Component Designator: Old Designator=C? New Designator=C31
Change Component Designator: Old Designator=C? New Designator=C32
Change Component Designator: Old Designator=C? New Designator=C40
Change Component Designator: Old Designator=C? New Designator=C42
Change Component Designator: Old Designator=DA2 New Designator=DA3
Change Component Designator: Old Designator=DA? New Designator=DA4
Change Component Designator: Old Designator=DA? New Designator=DA5
Change Component Designator: Old Designator=DD1 New Designator=DD4
Change Component Designator: Old Designator=DD2 New Designator=DD5
Change Component Designator: Old Designator=DD3 New Designator=DD6
Change Component Designator: Old Designator=G? New Designator=G1
Change Component Designator: Old Designator=G? New Designator=G2
Change Component Designator: Old Designator=L1 New Designator=L2
Change Component Designator: Old Designator=L1 New Designator=L3
Change Component Designator: Old Designator=L1 New Designator=L4
Change Component Designator: Old Designator=R3 New Designator=R31
Change Component Designator: Old Designator=R4 New Designator=R27
Change Component Designator: Old Designator=R5 New Designator=R20
Change Component Designator: Old Designator=R6 New Designator=R21
Change Component Designator: Old Designator=R7 New Designator=R22
Change Component Designator: Old Designator=R8 New Designator=R17
Change Component Designator: Old Designator=R8 New Designator=R18
Change Component Designator: Old Designator=R8 New Designator=R19
Change Component Designator: Old Designator=R8 New Designator=R23
Change Component Designator: Old Designator=R9 New Designator=R24
Change Component Designator: Old Designator=R10 New Designator=R25
Change Component Designator: Old Designator=R11 New Designator=R14
Change Component Designator: Old Designator=R11 New Designator=R15
Change Component Designator: Old Designator=R11 New Designator=R16
Change Component Designator: Old Designator=R11 New Designator=R26
Change Component Designator: Old Designator=R11 New Designator=R28
Change Component Designator: Old Designator=R11 New Designator=R29
Change Component Designator: Old Designator=R11 New Designator=R30
Change Component Designator: Old Designator=R12 New Designator=R32
Change Component Designator: Old Designator=R13 New Designator=R36
Change Component Designator: Old Designator=R? New Designator=R33
Change Component Designator: Old Designator=R? New Designator=R34
Change Component Designator: Old Designator=R? New Designator=R35
Change Component Designator: Old Designator=T1 New Designator=T4
Change Component Designator: Old Designator=T2 New Designator=T5
Change Component Designator: Old Designator=T3 New Designator=T6
Change Component Designator: Old Designator=VD2 New Designator=VD5
Change Component Designator: Old Designator=VD3 New Designator=VD4
Change Component Designator: Old Designator=VT1 New Designator=VT2
Change Component Designator: Old Designator=X? New Designator=X4
Change Component Designator: Old Designator=X? New Designator=X5
