Change Component Designator: Old Designator=C18 New Designator=C1
Change Component Designator: Old Designator=C19 New Designator=C2
Change Component Designator: Old Designator=C20 New Designator=C3
Change Component Designator: Old Designator=C21 New Designator=C4
Change Component Designator: Old Designator=C22 New Designator=C5
Change Component Designator: Old Designator=C23 New Designator=C6
Change Component Designator: Old Designator=C24 New Designator=C7
Change Component Designator: Old Designator=C25 New Designator=C8
Change Component Designator: Old Designator=C26 New Designator=C9
Change Component Designator: Old Designator=C27 New Designator=C10
Change Component Designator: Old Designator=C28 New Designator=C11
Change Component Designator: Old Designator=C29 New Designator=C12
Change Component Designator: Old Designator=C30 New Designator=C13
Change Component Designator: Old Designator=C31 New Designator=C14
Change Component Designator: Old Designator=C32 New Designator=C15
Change Component Designator: Old Designator=C33 New Designator=C16
Change Component Designator: Old Designator=C34 New Designator=C17
Change Component Designator: Old Designator=C35 New Designator=C18
Change Component Designator: Old Designator=C36 New Designator=C19
Change Component Designator: Old Designator=C37 New Designator=C20
Change Component Designator: Old Designator=C38 New Designator=C21
Change Component Designator: Old Designator=C39 New Designator=C22
Change Component Designator: Old Designator=C40 New Designator=C23
Change Component Designator: Old Designator=C41 New Designator=C24
Change Component Designator: Old Designator=C42 New Designator=C25
Change Component Designator: Old Designator=C43 New Designator=C26
Change Component Designator: Old Designator=C44 New Designator=C27
Change Component Designator: Old Designator=DA3 New Designator=DA1
Change Component Designator: Old Designator=DA4 New Designator=DA2
Change Component Designator: Old Designator=DA5 New Designator=DA3
Change Component Designator: Old Designator=DD4 New Designator=DD1
Change Component Designator: Old Designator=DD5 New Designator=DD2
Change Component Designator: Old Designator=DD6 New Designator=DD3
Change Component Designator: Old Designator=L2 New Designator=L1
Change Component Designator: Old Designator=L3 New Designator=L2
Change Component Designator: Old Designator=L4 New Designator=L3
Change Component Designator: Old Designator=L5 New Designator=L4
Change Component Designator: Old Designator=R14 New Designator=R1
Change Component Designator: Old Designator=R15 New Designator=R2
Change Component Designator: Old Designator=R16 New Designator=R3
Change Component Designator: Old Designator=R17 New Designator=R4
Change Component Designator: Old Designator=R18 New Designator=R5
Change Component Designator: Old Designator=R19 New Designator=R6
Change Component Designator: Old Designator=R20 New Designator=R7
Change Component Designator: Old Designator=R21 New Designator=R8
Change Component Designator: Old Designator=R22 New Designator=R9
Change Component Designator: Old Designator=R23 New Designator=R10
Change Component Designator: Old Designator=R24 New Designator=R11
Change Component Designator: Old Designator=R25 New Designator=R12
Change Component Designator: Old Designator=R26 New Designator=R13
Change Component Designator: Old Designator=R27 New Designator=R14
Change Component Designator: Old Designator=R28 New Designator=R15
Change Component Designator: Old Designator=R29 New Designator=R16
Change Component Designator: Old Designator=R30 New Designator=R17
Change Component Designator: Old Designator=R31 New Designator=R18
Change Component Designator: Old Designator=R32 New Designator=R19
Change Component Designator: Old Designator=R33 New Designator=R20
Change Component Designator: Old Designator=R34 New Designator=R21
Change Component Designator: Old Designator=R35 New Designator=R22
Change Component Designator: Old Designator=R36 New Designator=R23
Change Component Designator: Old Designator=T4 New Designator=T1
Change Component Designator: Old Designator=T5 New Designator=T2
Change Component Designator: Old Designator=T6 New Designator=T3
Change Component Designator: Old Designator=VD4 New Designator=VD1
Change Component Designator: Old Designator=VD5 New Designator=VD2
Change Component Designator: Old Designator=VT2 New Designator=VT1
Change Component Designator: Old Designator=X4 New Designator=X1
