Replace Part A1 antenna in C:\Users\retin\Desktop\My_Git\RSL10\Altium\RSL10\Course.SchDoc with antenna from RSL10_SchLib.SchLib
Replace Part C1 CapCer in C:\Users\retin\Desktop\My_Git\RSL10\Altium\RSL10\Course.SchDoc with CapCer from RSL10_SchLib.SchLib
Replace Part C2 CapCer in C:\Users\retin\Desktop\My_Git\RSL10\Altium\RSL10\Course.SchDoc with CapCer from RSL10_SchLib.SchLib
Replace Part C3 CapCer in C:\Users\retin\Desktop\My_Git\RSL10\Altium\RSL10\Course.SchDoc with CapCer from RSL10_SchLib.SchLib
Replace Part C4 CapCer in C:\Users\retin\Desktop\My_Git\RSL10\Altium\RSL10\Course.SchDoc with CapCer from RSL10_SchLib.SchLib
Replace Part C5 CapCer in C:\Users\retin\Desktop\My_Git\RSL10\Altium\RSL10\Course.SchDoc with CapCer from RSL10_SchLib.SchLib
Replace Part C6 CapCer in C:\Users\retin\Desktop\My_Git\RSL10\Altium\RSL10\Course.SchDoc with CapCer from RSL10_SchLib.SchLib
Replace Part C7 CapTan in C:\Users\retin\Desktop\My_Git\RSL10\Altium\RSL10\Course.SchDoc with CapTan from RSL10_SchLib.SchLib
Replace Part C8 CapCer in C:\Users\retin\Desktop\My_Git\RSL10\Altium\RSL10\Course.SchDoc with CapCer from RSL10_SchLib.SchLib
Replace Part C9 CapCer in C:\Users\retin\Desktop\My_Git\RSL10\Altium\RSL10\Course.SchDoc with CapCer from RSL10_SchLib.SchLib
Replace Part C10 CapCer in C:\Users\retin\Desktop\My_Git\RSL10\Altium\RSL10\Course.SchDoc with CapCer from RSL10_SchLib.SchLib
Replace Part C11 CapTan in C:\Users\retin\Desktop\My_Git\RSL10\Altium\RSL10\Course.SchDoc with CapTan from RSL10_SchLib.SchLib
Replace Part C12 CapCer in C:\Users\retin\Desktop\My_Git\RSL10\Altium\RSL10\Course.SchDoc with CapCer from RSL10_SchLib.SchLib
Replace Part C13 CapCer in C:\Users\retin\Desktop\My_Git\RSL10\Altium\RSL10\Course.SchDoc with CapCer from RSL10_SchLib.SchLib
Replace Part C14 CapCer in C:\Users\retin\Desktop\My_Git\RSL10\Altium\RSL10\Course.SchDoc with CapCer from RSL10_SchLib.SchLib
Replace Part C15 CapCer in C:\Users\retin\Desktop\My_Git\RSL10\Altium\RSL10\Course.SchDoc with CapCer from RSL10_SchLib.SchLib
Replace Part C16 CapCer in C:\Users\retin\Desktop\My_Git\RSL10\Altium\RSL10\Course.SchDoc with CapCer from RSL10_SchLib.SchLib
Replace Part C17 CapCer in C:\Users\retin\Desktop\My_Git\RSL10\Altium\RSL10\Course.SchDoc with CapCer from RSL10_SchLib.SchLib
Replace Part C18 CapCer in C:\Users\retin\Desktop\My_Git\RSL10\Altium\RSL10\Course.SchDoc with CapCer from RSL10_SchLib.SchLib
Replace Part C19 CapCer in C:\Users\retin\Desktop\My_Git\RSL10\Altium\RSL10\Course.SchDoc with CapCer from RSL10_SchLib.SchLib
Replace Part C20 CapCer in C:\Users\retin\Desktop\My_Git\RSL10\Altium\RSL10\Course.SchDoc with CapCer from RSL10_SchLib.SchLib
Replace Part C21 CapCer in C:\Users\retin\Desktop\My_Git\RSL10\Altium\RSL10\Course.SchDoc with CapCer from RSL10_SchLib.SchLib
Replace Part C22 CapCer in C:\Users\retin\Desktop\My_Git\RSL10\Altium\RSL10\Course.SchDoc with CapCer from RSL10_SchLib.SchLib
Replace Part C23 CapCer in C:\Users\retin\Desktop\My_Git\RSL10\Altium\RSL10\Course.SchDoc with CapCer from RSL10_SchLib.SchLib
Replace Part C24 CapCer in C:\Users\retin\Desktop\My_Git\RSL10\Altium\RSL10\Course.SchDoc with CapCer from RSL10_SchLib.SchLib
Replace Part C25 CapCer in C:\Users\retin\Desktop\My_Git\RSL10\Altium\RSL10\Course.SchDoc with CapCer from RSL10_SchLib.SchLib
Replace Part C26 CapCer in C:\Users\retin\Desktop\My_Git\RSL10\Altium\RSL10\Course.SchDoc with CapCer from RSL10_SchLib.SchLib
Replace Part C27 CapCer in C:\Users\retin\Desktop\My_Git\RSL10\Altium\RSL10\Course.SchDoc with CapCer from RSL10_SchLib.SchLib
Replace Part DA1 LDO in C:\Users\retin\Desktop\My_Git\RSL10\Altium\RSL10\Course.SchDoc with LDO from RSL10_SchLib.SchLib
Replace Part DA2 RSL10 in C:\Users\retin\Desktop\My_Git\RSL10\Altium\RSL10\Course.SchDoc with RSL10 from RSL10_SchLib.SchLib
Replace Part DA3 ADC in C:\Users\retin\Desktop\My_Git\RSL10\Altium\RSL10\Course.SchDoc with ADC from RSL10_SchLib.SchLib
Replace Part DD1 operational amplifier_2 in C:\Users\retin\Desktop\My_Git\RSL10\Altium\RSL10\Course.SchDoc with operational amplifier_2 from RSL10_SchLib.SchLib
Replace Part DD2 operational amplifier_1 in C:\Users\retin\Desktop\My_Git\RSL10\Altium\RSL10\Course.SchDoc with operational amplifier_1 from RSL10_SchLib.SchLib
Replace Part DD3 operational amplifier_1 in C:\Users\retin\Desktop\My_Git\RSL10\Altium\RSL10\Course.SchDoc with operational amplifier_1 from RSL10_SchLib.SchLib
Replace Part G1 battery in C:\Users\retin\Desktop\My_Git\RSL10\Altium\RSL10\Course.SchDoc with battery from RSL10_SchLib.SchLib
Replace Part G2 XTAL48 in C:\Users\retin\Desktop\My_Git\RSL10\Altium\RSL10\Course.SchDoc with XTAL48 from RSL10_SchLib.SchLib
Replace Part L1 Ind in C:\Users\retin\Desktop\My_Git\RSL10\Altium\RSL10\Course.SchDoc with Ind from RSL10_SchLib.SchLib
Replace Part L2 Ind in C:\Users\retin\Desktop\My_Git\RSL10\Altium\RSL10\Course.SchDoc with Ind from RSL10_SchLib.SchLib
Replace Part L3 Ind in C:\Users\retin\Desktop\My_Git\RSL10\Altium\RSL10\Course.SchDoc with Ind from RSL10_SchLib.SchLib
Replace Part L4 Ind in C:\Users\retin\Desktop\My_Git\RSL10\Altium\RSL10\Course.SchDoc with Ind from RSL10_SchLib.SchLib
Replace Part R1 Res in C:\Users\retin\Desktop\My_Git\RSL10\Altium\RSL10\Course.SchDoc with Res from RSL10_SchLib.SchLib
Replace Part R2 Res in C:\Users\retin\Desktop\My_Git\RSL10\Altium\RSL10\Course.SchDoc with Res from RSL10_SchLib.SchLib
Replace Part R3 Res in C:\Users\retin\Desktop\My_Git\RSL10\Altium\RSL10\Course.SchDoc with Res from RSL10_SchLib.SchLib
Replace Part R4 Res in C:\Users\retin\Desktop\My_Git\RSL10\Altium\RSL10\Course.SchDoc with Res from RSL10_SchLib.SchLib
Replace Part R5 Res in C:\Users\retin\Desktop\My_Git\RSL10\Altium\RSL10\Course.SchDoc with Res from RSL10_SchLib.SchLib
Replace Part R6 Res in C:\Users\retin\Desktop\My_Git\RSL10\Altium\RSL10\Course.SchDoc with Res from RSL10_SchLib.SchLib
Replace Part R7 Res in C:\Users\retin\Desktop\My_Git\RSL10\Altium\RSL10\Course.SchDoc with Res from RSL10_SchLib.SchLib
Replace Part R8 Res in C:\Users\retin\Desktop\My_Git\RSL10\Altium\RSL10\Course.SchDoc with Res from RSL10_SchLib.SchLib
Replace Part R9 Res in C:\Users\retin\Desktop\My_Git\RSL10\Altium\RSL10\Course.SchDoc with Res from RSL10_SchLib.SchLib
Replace Part R10 Res in C:\Users\retin\Desktop\My_Git\RSL10\Altium\RSL10\Course.SchDoc with Res from RSL10_SchLib.SchLib
Replace Part R11 Res in C:\Users\retin\Desktop\My_Git\RSL10\Altium\RSL10\Course.SchDoc with Res from RSL10_SchLib.SchLib
Replace Part R12 Res in C:\Users\retin\Desktop\My_Git\RSL10\Altium\RSL10\Course.SchDoc with Res from RSL10_SchLib.SchLib
Replace Part R13 Res in C:\Users\retin\Desktop\My_Git\RSL10\Altium\RSL10\Course.SchDoc with Res from RSL10_SchLib.SchLib
Replace Part R14 Res in C:\Users\retin\Desktop\My_Git\RSL10\Altium\RSL10\Course.SchDoc with Res from RSL10_SchLib.SchLib
Replace Part R15 Res in C:\Users\retin\Desktop\My_Git\RSL10\Altium\RSL10\Course.SchDoc with Res from RSL10_SchLib.SchLib
Replace Part R16 Res in C:\Users\retin\Desktop\My_Git\RSL10\Altium\RSL10\Course.SchDoc with Res from RSL10_SchLib.SchLib
Replace Part R17 Res in C:\Users\retin\Desktop\My_Git\RSL10\Altium\RSL10\Course.SchDoc with Res from RSL10_SchLib.SchLib
Replace Part R18 Res in C:\Users\retin\Desktop\My_Git\RSL10\Altium\RSL10\Course.SchDoc with Res from RSL10_SchLib.SchLib
Replace Part R19 Res in C:\Users\retin\Desktop\My_Git\RSL10\Altium\RSL10\Course.SchDoc with Res from RSL10_SchLib.SchLib
Replace Part R20 Res in C:\Users\retin\Desktop\My_Git\RSL10\Altium\RSL10\Course.SchDoc with Res from RSL10_SchLib.SchLib
Replace Part R21 Res in C:\Users\retin\Desktop\My_Git\RSL10\Altium\RSL10\Course.SchDoc with Res from RSL10_SchLib.SchLib
Replace Part R22 Res in C:\Users\retin\Desktop\My_Git\RSL10\Altium\RSL10\Course.SchDoc with Res from RSL10_SchLib.SchLib
Replace Part R23 Res in C:\Users\retin\Desktop\My_Git\RSL10\Altium\RSL10\Course.SchDoc with Res from RSL10_SchLib.SchLib
Replace Part T1 TestPoint in C:\Users\retin\Desktop\My_Git\RSL10\Altium\RSL10\Course.SchDoc with TestPoint from RSL10_SchLib.SchLib
Replace Part T2 TestPoint in C:\Users\retin\Desktop\My_Git\RSL10\Altium\RSL10\Course.SchDoc with TestPoint from RSL10_SchLib.SchLib
Replace Part T3 TestPoint in C:\Users\retin\Desktop\My_Git\RSL10\Altium\RSL10\Course.SchDoc with TestPoint from RSL10_SchLib.SchLib
Replace Part VD1 Photodiode in C:\Users\retin\Desktop\My_Git\RSL10\Altium\RSL10\Course.SchDoc with Photodiode from RSL10_SchLib.SchLib
Replace Part VD2 Led in C:\Users\retin\Desktop\My_Git\RSL10\Altium\RSL10\Course.SchDoc with Led from RSL10_SchLib.SchLib
Replace Part VT1 RU1J002YNTCL in C:\Users\retin\Desktop\My_Git\RSL10\Altium\RSL10\Course.SchDoc with RU1J002YNTCL from RSL10_SchLib.SchLib
Replace Part X1 PSL4 in C:\Users\retin\Desktop\My_Git\RSL10\Altium\RSL10\Course.SchDoc with PSL4 from RSL10_SchLib.SchLib
Replace Part X2 FFC8 in C:\Users\retin\Desktop\My_Git\RSL10\Altium\RSL10\Course.SchDoc with FFC8 from RSL10_SchLib.SchLib
Replace Part X3 FFC8 in C:\Users\retin\Desktop\My_Git\RSL10\Altium\RSL10\Course.SchDoc with FFC8 from RSL10_SchLib.SchLib
