Added Component: Designator=A1(antenna)
Added Component: Designator=C1(cap0603)
Add component (AddParameter): Name = "manufacture"; Value = "ОЖО.460.107ТУ"; VariantName = "[No Variations]"
Add component (AddParameter): Name = "Name"; Value = "Керамический конденсатор"; VariantName = "[No Variations]"
Add component (AddParameter): Name = "name_main"; Value = "CC0603KRX7R7BB104"; VariantName = "[No Variations]"
Add component (AddParameter): Name = "Units"; Value = "Ф"; VariantName = "[No Variations]"
Add component (AddParameter): Name = "Value"; Value = "0,1мк"; VariantName = "[No Variations]"
Added Component: Designator=C2(cap0603)
Add component (AddParameter): Name = "manufacture"; Value = "ОЖО.460.107ТУ"; VariantName = "[No Variations]"
Add component (AddParameter): Name = "Name"; Value = "Керамический конденсатор"; VariantName = "[No Variations]"
Add component (AddParameter): Name = "name_main"; Value = "CC0603KRX7R7BB104"; VariantName = "[No Variations]"
Add component (AddParameter): Name = "nameSuf"; Value = "-3"; VariantName = "[No Variations]"
Add component (AddParameter): Name = "Tolerance"; Value = ""; VariantName = "[No Variations]"
Add component (AddParameter): Name = "Units"; Value = "Ф"; VariantName = "[No Variations]"
Add component (AddParameter): Name = "Value"; Value = "0,1мк"; VariantName = "[No Variations]"
Added Component: Designator=C3(cap0603)
Add component (AddParameter): Name = "manufacture"; Value = "ОЖО.460.107ТУ"; VariantName = "[No Variations]"
Add component (AddParameter): Name = "Name"; Value = "Керамический конденсатор"; VariantName = "[No Variations]"
Add component (AddParameter): Name = "name_main"; Value = "CC0603KRX7R7BB105"; VariantName = "[No Variations]"
Add component (AddParameter): Name = "nameSuf"; Value = "-3"; VariantName = "[No Variations]"
Add component (AddParameter): Name = "Units"; Value = "Ф"; VariantName = "[No Variations]"
Add component (AddParameter): Name = "Value"; Value = "1мк"; VariantName = "[No Variations]"
Added Component: Designator=C4(cap0603)
Add component (AddParameter): Name = "manufacture"; Value = "ОЖО.460.107ТУ"; VariantName = "[No Variations]"
Add component (AddParameter): Name = "Name"; Value = "Керамический конденсатор"; VariantName = "[No Variations]"
Add component (AddParameter): Name = "name_main"; Value = "CC0603KRX7R7BB105"; VariantName = "[No Variations]"
Add component (AddParameter): Name = "nameSuf"; Value = "-3"; VariantName = "[No Variations]"
Add component (AddParameter): Name = "Units"; Value = "Ф"; VariantName = "[No Variations]"
Add component (AddParameter): Name = "Value"; Value = "1мк"; VariantName = "[No Variations]"
Added Component: Designator=C7(cap0603)
Add component (AddParameter): Name = "manufacture"; Value = "ОЖО.460.107ТУ"; VariantName = "[No Variations]"
Add component (AddParameter): Name = "Name"; Value = "Керамический конденсатор"; VariantName = "[No Variations]"
Add component (AddParameter): Name = "name_main"; Value = "GRM188R71H103K"; VariantName = "[No Variations]"
Add component (AddParameter): Name = "Units"; Value = "Ф"; VariantName = "[No Variations]"
Add component (AddParameter): Name = "Value"; Value = "0,01мк"; VariantName = "[No Variations]"
Added Component: Designator=C8(cap0603)
Add component (AddParameter): Name = "manufacture"; Value = "ОЖО.460.107ТУ"; VariantName = "[No Variations]"
Add component (AddParameter): Name = "Name"; Value = "Керамический конденсатор"; VariantName = "[No Variations]"
Add component (AddParameter): Name = "name_main"; Value = "CC0603KRX7R7BB104"; VariantName = "[No Variations]"
Add component (AddParameter): Name = "nameSuf"; Value = "-3"; VariantName = "[No Variations]"
Add component (AddParameter): Name = "Tolerance"; Value = ""; VariantName = "[No Variations]"
Add component (AddParameter): Name = "Units"; Value = "Ф"; VariantName = "[No Variations]"
Add component (AddParameter): Name = "Value"; Value = "0,1мк"; VariantName = "[No Variations]"
Added Component: Designator=C9(cap0603)
Add component (AddParameter): Name = "manufacture"; Value = "ОЖО.460.107ТУ"; VariantName = "[No Variations]"
Add component (AddParameter): Name = "Name"; Value = "Керамический конденсатор"; VariantName = "[No Variations]"
Add component (AddParameter): Name = "name_main"; Value = "CL10C100JB8NNNC"; VariantName = "[No Variations]"
Add component (AddParameter): Name = "Units"; Value = "Ф"; VariantName = "[No Variations]"
Add component (AddParameter): Name = "Value"; Value = "10p"; VariantName = "[No Variations]"
Added Component: Designator=C10(cap0603)
Add component (AddParameter): Name = "manufacture"; Value = "ОЖО.460.107ТУ"; VariantName = "[No Variations]"
Add component (AddParameter): Name = "Name"; Value = "Керамический конденсатор"; VariantName = "[No Variations]"
Add component (AddParameter): Name = "name_main"; Value = "GRM21BR60J335K"; VariantName = "[No Variations]"
Add component (AddParameter): Name = "Units"; Value = "Ф"; VariantName = "[No Variations]"
Add component (AddParameter): Name = "Value"; Value = "3,3мк"; VariantName = "[No Variations]"
Added Component: Designator=C11(cap0603)
Add component (AddParameter): Name = "manufacture"; Value = "ОЖО.460.107ТУ"; VariantName = "[No Variations]"
Add component (AddParameter): Name = "Name"; Value = "Керамический конденсатор"; VariantName = "[No Variations]"
Add component (AddParameter): Name = "name_main"; Value = "CC0603KRX7R7BB104"; VariantName = "[No Variations]"
Add component (AddParameter): Name = "nameSuf"; Value = "-3"; VariantName = "[No Variations]"
Add component (AddParameter): Name = "Tolerance"; Value = ""; VariantName = "[No Variations]"
Add component (AddParameter): Name = "Units"; Value = "Ф"; VariantName = "[No Variations]"
Add component (AddParameter): Name = "Value"; Value = "0,1мк"; VariantName = "[No Variations]"
Added Component: Designator=C12(cap0603)
Add component (AddParameter): Name = "manufacture"; Value = "ОЖО.460.107ТУ"; VariantName = "[No Variations]"
Add component (AddParameter): Name = "Name"; Value = "Керамический конденсатор"; VariantName = "[No Variations]"
Add component (AddParameter): Name = "name_main"; Value = "GRM21BR60J335K"; VariantName = "[No Variations]"
Add component (AddParameter): Name = "Units"; Value = "Ф"; VariantName = "[No Variations]"
Add component (AddParameter): Name = "Value"; Value = "3,3мк"; VariantName = "[No Variations]"
Added Component: Designator=C13(cap0603)
Add component (AddParameter): Name = "manufacture"; Value = "ОЖО.460.107ТУ"; VariantName = "[No Variations]"
Add component (AddParameter): Name = "Name"; Value = "Керамический конденсатор"; VariantName = "[No Variations]"
Add component (AddParameter): Name = "name_main"; Value = "CC0603KRX7R7BB333"; VariantName = "[No Variations]"
Add component (AddParameter): Name = "nameSuf"; Value = "-3"; VariantName = "[No Variations]"
Add component (AddParameter): Name = "Tolerance"; Value = ""; VariantName = "[No Variations]"
Add component (AddParameter): Name = "Units"; Value = "Ф"; VariantName = "[No Variations]"
Add component (AddParameter): Name = "Value"; Value = "33н"; VariantName = "[No Variations]"
Added Component: Designator=C14(cap0603)
Add component (AddParameter): Name = "manufacture"; Value = "ОЖО.460.107ТУ"; VariantName = "[No Variations]"
Add component (AddParameter): Name = "Name"; Value = "Керамический конденсатор"; VariantName = "[No Variations]"
Add component (AddParameter): Name = "name_main"; Value = "CC0603KRX7R7BB105"; VariantName = "[No Variations]"
Add component (AddParameter): Name = "nameSuf"; Value = "-3"; VariantName = "[No Variations]"
Add component (AddParameter): Name = "Units"; Value = "Ф"; VariantName = "[No Variations]"
Add component (AddParameter): Name = "Value"; Value = "1мк"; VariantName = "[No Variations]"
Added Component: Designator=C15(cap0603)
Add component (AddParameter): Name = "manufacture"; Value = "ОЖО.460.107ТУ"; VariantName = "[No Variations]"
Add component (AddParameter): Name = "Name"; Value = "Керамический конденсатор"; VariantName = "[No Variations]"
Add component (AddParameter): Name = "name_main"; Value = "CC0603KRX7R7BB104"; VariantName = "[No Variations]"
Add component (AddParameter): Name = "nameSuf"; Value = "-3"; VariantName = "[No Variations]"
Add component (AddParameter): Name = "Tolerance"; Value = ""; VariantName = "[No Variations]"
Add component (AddParameter): Name = "Units"; Value = "Ф"; VariantName = "[No Variations]"
Add component (AddParameter): Name = "Value"; Value = "0,1мк"; VariantName = "[No Variations]"
Added Component: Designator=C16(cap0603)
Add component (AddParameter): Name = "manufacture"; Value = "ОЖО.460.107ТУ"; VariantName = "[No Variations]"
Add component (AddParameter): Name = "Name"; Value = "Керамический конденсатор"; VariantName = "[No Variations]"
Add component (AddParameter): Name = "name_main"; Value = "GRM21BR60J335K"; VariantName = "[No Variations]"
Add component (AddParameter): Name = "Units"; Value = "Ф"; VariantName = "[No Variations]"
Add component (AddParameter): Name = "Value"; Value = "3,3мк"; VariantName = "[No Variations]"
Added Component: Designator=C17(cap0603)
Add component (AddParameter): Name = "manufacture"; Value = "ОЖО.460.107ТУ"; VariantName = "[No Variations]"
Add component (AddParameter): Name = "Name"; Value = "Керамический конденсатор"; VariantName = "[No Variations]"
Add component (AddParameter): Name = "name_main"; Value = "GRM188R61C105K"; VariantName = "[No Variations]"
Add component (AddParameter): Name = "Units"; Value = "Ф"; VariantName = "[No Variations]"
Add component (AddParameter): Name = "Value"; Value = "1н"; VariantName = "[No Variations]"
Added Component: Designator=C18(cap0603)
Add component (AddParameter): Name = "manufacture"; Value = "ОЖО.460.107ТУ"; VariantName = "[No Variations]"
Add component (AddParameter): Name = "Name"; Value = "Керамический конденсатор"; VariantName = "[No Variations]"
Add component (AddParameter): Name = "name_main"; Value = "CC0603KRX7R7BB105"; VariantName = "[No Variations]"
Add component (AddParameter): Name = "nameSuf"; Value = "-3"; VariantName = "[No Variations]"
Add component (AddParameter): Name = "Units"; Value = "Ф"; VariantName = "[No Variations]"
Add component (AddParameter): Name = "Value"; Value = "1мк"; VariantName = "[No Variations]"
Added Component: Designator=C19(cap0603)
Add component (AddParameter): Name = "manufacture"; Value = "ОЖО.460.107ТУ"; VariantName = "[No Variations]"
Add component (AddParameter): Name = "Name"; Value = "Керамический конденсатор"; VariantName = "[No Variations]"
Add component (AddParameter): Name = "name_main"; Value = "GRM1535C1H100J"; VariantName = "[No Variations]"
Add component (AddParameter): Name = "Units"; Value = "Ф"; VariantName = "[No Variations]"
Add component (AddParameter): Name = "Value"; Value = "10п"; VariantName = "[No Variations]"
Added Component: Designator=C20(cap0603)
Add component (AddParameter): Name = "manufacture"; Value = "ОЖО.460.107ТУ"; VariantName = "[No Variations]"
Add component (AddParameter): Name = "Name"; Value = "Керамический конденсатор"; VariantName = "[No Variations]"
Add component (AddParameter): Name = "name_main"; Value = "GRM1555C1H1R0BA01D"; VariantName = "[No Variations]"
Add component (AddParameter): Name = "Units"; Value = "Ф"; VariantName = "[No Variations]"
Add component (AddParameter): Name = "Value"; Value = "1п"; VariantName = "[No Variations]"
Added Component: Designator=C22(cap0603)
Add component (AddParameter): Name = "manufacture"; Value = "ОЖО.460.107ТУ"; VariantName = "[No Variations]"
Add component (AddParameter): Name = "Name"; Value = "Керамический конденсатор"; VariantName = "[No Variations]"
Add component (AddParameter): Name = "name_main"; Value = "CL10C1R5CB8NNNC"; VariantName = "[No Variations]"
Add component (AddParameter): Name = "Units"; Value = "Ф"; VariantName = "[No Variations]"
Add component (AddParameter): Name = "Value"; Value = "1,5п"; VariantName = "[No Variations]"
Added Component: Designator=C23(CAP0805)
Add component (AddParameter): Name = "manufacture"; Value = "ОЖО.460.107ТУ"; VariantName = "[No Variations]"
Add component (AddParameter): Name = "Name"; Value = "Керамический конденсатор"; VariantName = "[No Variations]"
Add component (AddParameter): Name = "name_main"; Value = "GRM21BR60J335K"; VariantName = "[No Variations]"
Add component (AddParameter): Name = "Tolerance"; Value = ""; VariantName = "[No Variations]"
Add component (AddParameter): Name = "Units"; Value = "Ф"; VariantName = "[No Variations]"
Add component (AddParameter): Name = "Value"; Value = "4,7мк"; VariantName = "[No Variations]"
Added Component: Designator=C25(cap0603)
Add component (AddParameter): Name = "manufacture"; Value = "ОЖО.460.107ТУ"; VariantName = "[No Variations]"
Add component (AddParameter): Name = "Name"; Value = "Керамический конденсатор"; VariantName = "[No Variations]"
Add component (AddParameter): Name = "name_main"; Value = "CL10C1R5CB8NNNC"; VariantName = "[No Variations]"
Add component (AddParameter): Name = "Units"; Value = "Ф"; VariantName = "[No Variations]"
Add component (AddParameter): Name = "Value"; Value = "1,5п"; VariantName = "[No Variations]"
Added Component: Designator=C26(cap0603)
Add component (AddParameter): Name = "manufacture"; Value = "ОЖО.460.107ТУ"; VariantName = "[No Variations]"
Add component (AddParameter): Name = "Name"; Value = "Керамический конденсатор"; VariantName = "[No Variations]"
Add component (AddParameter): Name = "name_main"; Value = "CC0603KRX7R7BB105"; VariantName = "[No Variations]"
Add component (AddParameter): Name = "nameSuf"; Value = "-3"; VariantName = "[No Variations]"
Add component (AddParameter): Name = "Units"; Value = "Ф"; VariantName = "[No Variations]"
Add component (AddParameter): Name = "Value"; Value = "1мк"; VariantName = "[No Variations]"
Added Component: Designator=C27(cap0603)
Add component (AddParameter): Name = "manufacture"; Value = "ОЖО.460.107ТУ"; VariantName = "[No Variations]"
Add component (AddParameter): Name = "Name"; Value = "Керамический конденсатор"; VariantName = "[No Variations]"
Add component (AddParameter): Name = "name_main"; Value = "GRM1885C1H101J"; VariantName = "[No Variations]"
Add component (AddParameter): Name = "Units"; Value = "Ф"; VariantName = "[No Variations]"
Add component (AddParameter): Name = "Value"; Value = "100п"; VariantName = "[No Variations]"
Added Component: Designator=C28(cap0603)
Add component (AddParameter): Name = "manufacture"; Value = "ОЖО.460.107ТУ"; VariantName = "[No Variations]"
Add component (AddParameter): Name = "Name"; Value = "Керамический конденсатор"; VariantName = "[No Variations]"
Add component (AddParameter): Name = "name_main"; Value = "CC0603KRX7R7BB105"; VariantName = "[No Variations]"
Add component (AddParameter): Name = "nameSuf"; Value = "-3"; VariantName = "[No Variations]"
Add component (AddParameter): Name = "Units"; Value = "Ф"; VariantName = "[No Variations]"
Add component (AddParameter): Name = "Value"; Value = "1мк"; VariantName = "[No Variations]"
Added Component: Designator=C29(cap0603)
Add component (AddParameter): Name = "manufacture"; Value = "ОЖО.460.107ТУ"; VariantName = "[No Variations]"
Add component (AddParameter): Name = "Name"; Value = "Керамический конденсатор"; VariantName = "[No Variations]"
Add component (AddParameter): Name = "name_main"; Value = "GRM188R71H103K"; VariantName = "[No Variations]"
Add component (AddParameter): Name = "Units"; Value = "Ф"; VariantName = "[No Variations]"
Add component (AddParameter): Name = "Value"; Value = "0,01мк"; VariantName = "[No Variations]"
Added Component: Designator=C30(cap0603)
Add component (AddParameter): Name = "manufacture"; Value = "ОЖО.460.107ТУ"; VariantName = "[No Variations]"
Add component (AddParameter): Name = "Name"; Value = "Керамический конденсатор"; VariantName = "[No Variations]"
Add component (AddParameter): Name = "name_main"; Value = "CC0603KRX7R7BB104"; VariantName = "[No Variations]"
Add component (AddParameter): Name = "nameSuf"; Value = "-3"; VariantName = "[No Variations]"
Add component (AddParameter): Name = "Tolerance"; Value = ""; VariantName = "[No Variations]"
Add component (AddParameter): Name = "Units"; Value = "Ф"; VariantName = "[No Variations]"
Add component (AddParameter): Name = "Value"; Value = "0,1мк"; VariantName = "[No Variations]"
Added Component: Designator=C31(cap0603)
Add component (AddParameter): Name = "manufacture"; Value = "ОЖО.460.107ТУ"; VariantName = "[No Variations]"
Add component (AddParameter): Name = "Name"; Value = "Керамический конденсатор"; VariantName = "[No Variations]"
Add component (AddParameter): Name = "name_main"; Value = "CC0603KRX7R7BB105"; VariantName = "[No Variations]"
Add component (AddParameter): Name = "nameSuf"; Value = "-3"; VariantName = "[No Variations]"
Add component (AddParameter): Name = "Units"; Value = "Ф"; VariantName = "[No Variations]"
Add component (AddParameter): Name = "Value"; Value = "1мк"; VariantName = "[No Variations]"
Added Component: Designator=C32(cap0603)
Add component (AddParameter): Name = "manufacture"; Value = "ОЖО.460.107ТУ"; VariantName = "[No Variations]"
Add component (AddParameter): Name = "Name"; Value = "Керамический конденсатор"; VariantName = "[No Variations]"
Add component (AddParameter): Name = "name_main"; Value = "CL10C100JB8NNNC"; VariantName = "[No Variations]"
Add component (AddParameter): Name = "Units"; Value = "Ф"; VariantName = "[No Variations]"
Add component (AddParameter): Name = "Value"; Value = "10п"; VariantName = "[No Variations]"
Added Component: Designator=C33(cap0603)
Add component (AddParameter): Name = "manufacture"; Value = "ОЖО.460.107ТУ"; VariantName = "[No Variations]"
Add component (AddParameter): Name = "Name"; Value = "Керамический конденсатор"; VariantName = "[No Variations]"
Add component (AddParameter): Name = "name_main"; Value = "GRM188R61A225K"; VariantName = "[No Variations]"
Add component (AddParameter): Name = "Tolerance"; Value = ""; VariantName = "[No Variations]"
Add component (AddParameter): Name = "Units"; Value = "Ф"; VariantName = "[No Variations]"
Add component (AddParameter): Name = "Value"; Value = "2,2мк"; VariantName = "[No Variations]"
Added Component: Designator=C34(CAP0805)
Add component (AddParameter): Name = "manufacture"; Value = "ОЖО.460.107ТУ"; VariantName = "[No Variations]"
Add component (AddParameter): Name = "Name"; Value = "Керамический конденсатор"; VariantName = "[No Variations]"
Add component (AddParameter): Name = "name_main"; Value = "GRM21BR60J335K"; VariantName = "[No Variations]"
Add component (AddParameter): Name = "Tolerance"; Value = ""; VariantName = "[No Variations]"
Add component (AddParameter): Name = "Units"; Value = "Ф"; VariantName = "[No Variations]"
Add component (AddParameter): Name = "Value"; Value = "4,7мк"; VariantName = "[No Variations]"
Added Component: Designator=C35(CAP0805)
Add component (AddParameter): Name = "manufacture"; Value = "ОЖО.460.107ТУ"; VariantName = "[No Variations]"
Add component (AddParameter): Name = "Name"; Value = "Керамический конденсатор"; VariantName = "[No Variations]"
Add component (AddParameter): Name = "name_main"; Value = "GRM21BR60J335K"; VariantName = "[No Variations]"
Add component (AddParameter): Name = "Units"; Value = "Ф"; VariantName = "[No Variations]"
Add component (AddParameter): Name = "Value"; Value = "3,3мк"; VariantName = "[No Variations]"
Added Component: Designator=C36(cap0603)
Add component (AddParameter): Name = "manufacture"; Value = "ОЖО.460.107ТУ"; VariantName = "[No Variations]"
Add component (AddParameter): Name = "Name"; Value = "Керамический конденсатор"; VariantName = "[No Variations]"
Add component (AddParameter): Name = "name_main"; Value = "CC0603KRX7R7BB104"; VariantName = "[No Variations]"
Add component (AddParameter): Name = "nameSuf"; Value = "-3"; VariantName = "[No Variations]"
Add component (AddParameter): Name = "Tolerance"; Value = ""; VariantName = "[No Variations]"
Add component (AddParameter): Name = "Units"; Value = "Ф"; VariantName = "[No Variations]"
Add component (AddParameter): Name = "Value"; Value = "0,1мк"; VariantName = "[No Variations]"
Added Component: Designator=C37(CAP0805)
Add component (AddParameter): Name = "manufacture"; Value = "ОЖО.460.107ТУ"; VariantName = "[No Variations]"
Add component (AddParameter): Name = "Name"; Value = "Керамический конденсатор"; VariantName = "[No Variations]"
Add component (AddParameter): Name = "name_main"; Value = "GRM21BR60J335K"; VariantName = "[No Variations]"
Add component (AddParameter): Name = "Units"; Value = "Ф"; VariantName = "[No Variations]"
Add component (AddParameter): Name = "Value"; Value = "3,3мк"; VariantName = "[No Variations]"
Added Component: Designator=C38(cap0603)
Add component (AddParameter): Name = "manufacture"; Value = "ОЖО.460.107ТУ"; VariantName = "[No Variations]"
Add component (AddParameter): Name = "Name"; Value = "Керамический конденсатор"; VariantName = "[No Variations]"
Add component (AddParameter): Name = "name_main"; Value = "CC0603KRX7R7BB333"; VariantName = "[No Variations]"
Add component (AddParameter): Name = "nameSuf"; Value = "-3"; VariantName = "[No Variations]"
Add component (AddParameter): Name = "Tolerance"; Value = ""; VariantName = "[No Variations]"
Add component (AddParameter): Name = "Units"; Value = "Ф"; VariantName = "[No Variations]"
Add component (AddParameter): Name = "Value"; Value = "33н"; VariantName = "[No Variations]"
Added Component: Designator=C39(cap0603)
Add component (AddParameter): Name = "manufacture"; Value = "ОЖО.460.107ТУ"; VariantName = "[No Variations]"
Add component (AddParameter): Name = "Name"; Value = "Керамический конденсатор"; VariantName = "[No Variations]"
Add component (AddParameter): Name = "name_main"; Value = "CC0603KRX7R7BB105"; VariantName = "[No Variations]"
Add component (AddParameter): Name = "nameSuf"; Value = "-3"; VariantName = "[No Variations]"
Add component (AddParameter): Name = "Units"; Value = "Ф"; VariantName = "[No Variations]"
Add component (AddParameter): Name = "Value"; Value = "1мк"; VariantName = "[No Variations]"
Added Component: Designator=C40(cap0603)
Add component (AddParameter): Name = "manufacture"; Value = "ОЖО.460.107ТУ"; VariantName = "[No Variations]"
Add component (AddParameter): Name = "Name"; Value = "Керамический конденсатор"; VariantName = "[No Variations]"
Add component (AddParameter): Name = "name_main"; Value = "CC0603KRX7R7BB104"; VariantName = "[No Variations]"
Add component (AddParameter): Name = "nameSuf"; Value = "-3"; VariantName = "[No Variations]"
Add component (AddParameter): Name = "Tolerance"; Value = ""; VariantName = "[No Variations]"
Add component (AddParameter): Name = "Units"; Value = "Ф"; VariantName = "[No Variations]"
Add component (AddParameter): Name = "Value"; Value = "0,1мк"; VariantName = "[No Variations]"
Added Component: Designator=C41(CAP0805)
Add component (AddParameter): Name = "manufacture"; Value = "ОЖО.460.107ТУ"; VariantName = "[No Variations]"
Add component (AddParameter): Name = "Name"; Value = "Керамический конденсатор"; VariantName = "[No Variations]"
Add component (AddParameter): Name = "name_main"; Value = "GRM21BR60J335K"; VariantName = "[No Variations]"
Add component (AddParameter): Name = "Units"; Value = "Ф"; VariantName = "[No Variations]"
Add component (AddParameter): Name = "Value"; Value = "3,3мк"; VariantName = "[No Variations]"
Added Component: Designator=C42(cap0603)
Add component (AddParameter): Name = "manufacture"; Value = "ОЖО.460.107ТУ"; VariantName = "[No Variations]"
Add component (AddParameter): Name = "Name"; Value = "Керамический конденсатор"; VariantName = "[No Variations]"
Add component (AddParameter): Name = "name_main"; Value = "CL10B224KA8NNNC"; VariantName = "[No Variations]"
Add component (AddParameter): Name = "Tolerance"; Value = ""; VariantName = "[No Variations]"
Add component (AddParameter): Name = "Units"; Value = "Ф"; VariantName = "[No Variations]"
Add component (AddParameter): Name = "Value"; Value = "220н"; VariantName = "[No Variations]"
Added Component: Designator=C43(cap0603)
Add component (AddParameter): Name = "manufacture"; Value = "ОЖО.460.107ТУ"; VariantName = "[No Variations]"
Add component (AddParameter): Name = "Name"; Value = "Керамический конденсатор"; VariantName = "[No Variations]"
Add component (AddParameter): Name = "name_main"; Value = "GRM188R61C105K"; VariantName = "[No Variations]"
Add component (AddParameter): Name = "Units"; Value = "Ф"; VariantName = "[No Variations]"
Add component (AddParameter): Name = "Value"; Value = "1н"; VariantName = "[No Variations]"
Added Component: Designator=C44(cap0603)
Add component (AddParameter): Name = "manufacture"; Value = "ОЖО.460.107ТУ"; VariantName = "[No Variations]"
Add component (AddParameter): Name = "Name"; Value = "Керамический конденсатор"; VariantName = "[No Variations]"
Add component (AddParameter): Name = "name_main"; Value = "GRM188R71C104KA01D"; VariantName = "[No Variations]"
Add component (AddParameter): Name = "Tolerance"; Value = ""; VariantName = "[No Variations]"
Add component (AddParameter): Name = "Units"; Value = "Ф"; VariantName = "[No Variations]"
Add component (AddParameter): Name = "Value"; Value = "100н"; VariantName = "[No Variations]"
Added Component: Designator=DA1(ADPD1080)
Added Component: Designator=DA2(TPS7A02)
Add component (AddParameter): Name = "name"; Value = "Микросхема"; VariantName = "[No Variations]"
Add component (AddParameter): Name = "name_main"; Value = "TPS7A0218PDBVR"; VariantName = "[No Variations]"
Added Component: Designator=DA3(TPS7A02)
Add component (AddParameter): Name = "name"; Value = "Микросхема"; VariantName = "[No Variations]"
Add component (AddParameter): Name = "name_main"; Value = "TPS7A0218PDBVR"; VariantName = "[No Variations]"
Added Component: Designator=DA4(RSL10)
Added Component: Designator=DA5(ADS7142IRUGT)
Added Component: Designator=DD1(OPA333)
Add component (AddParameter): Name = "name_main"; Value = "OPA333AIDBVR"; VariantName = "[No Variations]"
Added Component: Designator=DD2(OPA333)
Add component (AddParameter): Name = "name_main"; Value = "OPA333AIDBVR"; VariantName = "[No Variations]"
Added Component: Designator=DD3(OPA333)
Add component (AddParameter): Name = "name_main"; Value = "OPA333AIDBVR"; VariantName = "[No Variations]"
Added Component: Designator=DD4(OPA333)
Add component (AddParameter): Name = "name_main"; Value = "OPA333AIDBVR"; VariantName = "[No Variations]"
Added Component: Designator=DD5(OPA333)
Add component (AddParameter): Name = "name_main"; Value = "OPA333AIDBVR"; VariantName = "[No Variations]"
Added Component: Designator=DD6(OPA333)
Add component (AddParameter): Name = "name_main"; Value = "OPA333AIDBVR"; VariantName = "[No Variations]"
Added Component: Designator=G2(XTAL48)
Added Component: Designator=L1(MLZ1608M100WT000)
Add component (AddParameter): Name = "Name"; Value = "Катушка индуктивности"; VariantName = "[No Variations]"
Add component (AddParameter): Name = "name_main"; Value = "MLZ1608M100WT000"; VariantName = "[No Variations]"
Add component (AddParameter): Name = "Units"; Value = "Гн"; VariantName = "[No Variations]"
Add component (AddParameter): Name = "Value"; Value = "10мк"; VariantName = "[No Variations]"
Added Component: Designator=L2(IND0402)
Add component (AddParameter): Name = "Name"; Value = "Катушка индуктивности"; VariantName = "[No Variations]"
Add component (AddParameter): Name = "name_main"; Value = "LQP03TG0N4B02D"; VariantName = "[No Variations]"
Add component (AddParameter): Name = "Units"; Value = "Гн"; VariantName = "[No Variations]"
Add component (AddParameter): Name = "Value"; Value = "0.4н"; VariantName = "[No Variations]"
Added Component: Designator=L3(IND0402)
Add component (AddParameter): Name = "Name"; Value = "Катушка индуктивности"; VariantName = "[No Variations]"
Add component (AddParameter): Name = "name_main"; Value = "LQG15HS1N8S02D"; VariantName = "[No Variations]"
Add component (AddParameter): Name = "Units"; Value = "Гн"; VariantName = "[No Variations]"
Add component (AddParameter): Name = "Value"; Value = "1,8н"; VariantName = "[No Variations]"
Added Component: Designator=L4(MLZ1608M100WT000)
Add component (AddParameter): Name = "Name"; Value = "Катушка индуктивности"; VariantName = "[No Variations]"
Add component (AddParameter): Name = "name_main"; Value = "MLZ1608M100WT000"; VariantName = "[No Variations]"
Add component (AddParameter): Name = "Units"; Value = "Гн"; VariantName = "[No Variations]"
Add component (AddParameter): Name = "Value"; Value = "10мк"; VariantName = "[No Variations]"
Added Component: Designator=L5(IND0402)
Add component (AddParameter): Name = "Name"; Value = "Катушка индуктивности"; VariantName = "[No Variations]"
Add component (AddParameter): Name = "name_main"; Value = "LQG15HS3N0S02D"; VariantName = "[No Variations]"
Add component (AddParameter): Name = "Units"; Value = "Гн"; VariantName = "[No Variations]"
Add component (AddParameter): Name = "Value"; Value = "3н"; VariantName = "[No Variations]"
Added Component: Designator=R1(Res0603)
Add component (AddParameter): Name = "Manufacturer"; Value = "АЛЯР.434110.005ТУ"; VariantName = "[No Variations]"
Add component (AddParameter): Name = "Name"; Value = "Резистор"; VariantName = "[No Variations]"
Add component (AddParameter): Name = "name_main"; Value = "RC0603FR-0710KL"; VariantName = "[No Variations]"
Add component (AddParameter): Name = "nameSuf"; Value = ""; VariantName = "[No Variations]"
Add component (AddParameter): Name = "Tolerance"; Value = "5%"; VariantName = "[No Variations]"
Add component (AddParameter): Name = "Units"; Value = ""; VariantName = "[No Variations]"
Add component (AddParameter): Name = "Value"; Value = "10к"; VariantName = "[No Variations]"
Added Component: Designator=R2(Res0603)
Add component (AddParameter): Name = "Manufacturer"; Value = "АЛЯР.434110.005ТУ"; VariantName = "[No Variations]"
Add component (AddParameter): Name = "Name"; Value = "Резистор"; VariantName = "[No Variations]"
Add component (AddParameter): Name = "name_main"; Value = "RC0603FR-0710KL"; VariantName = "[No Variations]"
Add component (AddParameter): Name = "nameSuf"; Value = ""; VariantName = "[No Variations]"
Add component (AddParameter): Name = "Tolerance"; Value = "5%"; VariantName = "[No Variations]"
Add component (AddParameter): Name = "Units"; Value = ""; VariantName = "[No Variations]"
Add component (AddParameter): Name = "Value"; Value = "10к"; VariantName = "[No Variations]"
Added Component: Designator=R3(Res0603)
Add component (AddParameter): Name = "Name"; Value = "Резистор"; VariantName = "[No Variations]"
Add component (AddParameter): Name = "name_main"; Value = "RC0603JR-0710RL"; VariantName = "[No Variations]"
Add component (AddParameter): Name = "Tolerance"; Value = "5%"; VariantName = "[No Variations]"
Add component (AddParameter): Name = "Value"; Value = "10"; VariantName = "[No Variations]"
Added Component: Designator=R4(Res0603)
Add component (AddParameter): Name = "Name"; Value = "Резистор"; VariantName = "[No Variations]"
Add component (AddParameter): Name = "name_main"; Value = "RC0603JR-0710RL"; VariantName = "[No Variations]"
Add component (AddParameter): Name = "Tolerance"; Value = "5%"; VariantName = "[No Variations]"
Add component (AddParameter): Name = "Value"; Value = "10"; VariantName = "[No Variations]"
Added Component: Designator=R5(Res0603)
Add component (AddParameter): Name = "Name"; Value = "Резистор"; VariantName = "[No Variations]"
Add component (AddParameter): Name = "name_main"; Value = "RC0603FR-071ML"; VariantName = "[No Variations]"
Add component (AddParameter): Name = "Tolerance"; Value = "1%"; VariantName = "[No Variations]"
Add component (AddParameter): Name = "Value"; Value = "1M"; VariantName = "[No Variations]"
Added Component: Designator=R6(Res0603)
Add component (AddParameter): Name = "Name"; Value = "Резистор"; VariantName = "[No Variations]"
Add component (AddParameter): Name = "name_main"; Value = "RC0603FR-071ML"; VariantName = "[No Variations]"
Add component (AddParameter): Name = "Value"; Value = "1M"; VariantName = "[No Variations]"
Added Component: Designator=R7(Res0603)
Add component (AddParameter): Name = "Name"; Value = "Резистор"; VariantName = "[No Variations]"
Add component (AddParameter): Name = "name_main"; Value = "RC0603FR-07510KL"; VariantName = "[No Variations]"
Add component (AddParameter): Name = "Value"; Value = "510к"; VariantName = "[No Variations]"
Added Component: Designator=R8(Res0603)
Add component (AddParameter): Name = "Name"; Value = "Резистор"; VariantName = "[No Variations]"
Add component (AddParameter): Name = "name_main"; Value = "RC0603FR-07510KL"; VariantName = "[No Variations]"
Add component (AddParameter): Name = "Value"; Value = "510к"; VariantName = "[No Variations]"
Added Component: Designator=R9(Res0603)
Add component (AddParameter): Name = "Name"; Value = "Резистор"; VariantName = "[No Variations]"
Add component (AddParameter): Name = "name_main"; Value = "RC0603FR-07100KL"; VariantName = "[No Variations]"
Add component (AddParameter): Name = "Units"; Value = ""; VariantName = "[No Variations]"
Add component (AddParameter): Name = "Value"; Value = "100к"; VariantName = "[No Variations]"
Added Component: Designator=R10(Res0603)
Add component (AddParameter): Name = "Name"; Value = "Резистор"; VariantName = "[No Variations]"
Add component (AddParameter): Name = "name_main"; Value = "RC0603FR-071ML"; VariantName = "[No Variations]"
Add component (AddParameter): Name = "Tolerance"; Value = "1%"; VariantName = "[No Variations]"
Add component (AddParameter): Name = "Value"; Value = "1М"; VariantName = "[No Variations]"
Added Component: Designator=R11(Res0603)
Add component (AddParameter): Name = "Manufacturer"; Value = "АЛЯР.434110.005ТУ"; VariantName = "[No Variations]"
Add component (AddParameter): Name = "Name"; Value = "Резистор"; VariantName = "[No Variations]"
Add component (AddParameter): Name = "name_main"; Value = "RC0603FR-0710KL"; VariantName = "[No Variations]"
Add component (AddParameter): Name = "nameSuf"; Value = ""; VariantName = "[No Variations]"
Add component (AddParameter): Name = "Tolerance"; Value = "5%"; VariantName = "[No Variations]"
Add component (AddParameter): Name = "Units"; Value = ""; VariantName = "[No Variations]"
Add component (AddParameter): Name = "Value"; Value = "10к"; VariantName = "[No Variations]"
Added Component: Designator=R12(Res0603)
Add component (AddParameter): Name = "Name"; Value = "Резистор"; VariantName = "[No Variations]"
Add component (AddParameter): Name = "name_main"; Value = "RC0603FR-07100KL"; VariantName = "[No Variations]"
Add component (AddParameter): Name = "Units"; Value = ""; VariantName = "[No Variations]"
Add component (AddParameter): Name = "Value"; Value = "100к"; VariantName = "[No Variations]"
Added Component: Designator=R13(Res0603)
Add component (AddParameter): Name = "Name"; Value = "Резистор"; VariantName = "[No Variations]"
Add component (AddParameter): Name = "name_main"; Value = "RC0603FR-0710ML"; VariantName = "[No Variations]"
Add component (AddParameter): Name = "Units"; Value = ""; VariantName = "[No Variations]"
Add component (AddParameter): Name = "Value"; Value = "10М"; VariantName = "[No Variations]"
Added Component: Designator=R14(Res0603)
Add component (AddParameter): Name = "Manufacturer"; Value = "АЛЯР.434110.005ТУ"; VariantName = "[No Variations]"
Add component (AddParameter): Name = "Name"; Value = "Резистор"; VariantName = "[No Variations]"
Add component (AddParameter): Name = "name_main"; Value = "RC0603FR-0710KL"; VariantName = "[No Variations]"
Add component (AddParameter): Name = "nameSuf"; Value = ""; VariantName = "[No Variations]"
Add component (AddParameter): Name = "Tolerance"; Value = "5%"; VariantName = "[No Variations]"
Add component (AddParameter): Name = "Units"; Value = ""; VariantName = "[No Variations]"
Add component (AddParameter): Name = "Value"; Value = "10к"; VariantName = "[No Variations]"
Added Component: Designator=R15(Res0603)
Add component (AddParameter): Name = "Manufacturer"; Value = "АЛЯР.434110.005ТУ"; VariantName = "[No Variations]"
Add component (AddParameter): Name = "Name"; Value = "Резистор"; VariantName = "[No Variations]"
Add component (AddParameter): Name = "name_main"; Value = "RC0603FR-0710KL"; VariantName = "[No Variations]"
Add component (AddParameter): Name = "nameSuf"; Value = ""; VariantName = "[No Variations]"
Add component (AddParameter): Name = "Tolerance"; Value = "5%"; VariantName = "[No Variations]"
Add component (AddParameter): Name = "Units"; Value = ""; VariantName = "[No Variations]"
Add component (AddParameter): Name = "Value"; Value = "10к"; VariantName = "[No Variations]"
Added Component: Designator=R16(Res0603)
Add component (AddParameter): Name = "Name"; Value = "Резистор"; VariantName = "[No Variations]"
Add component (AddParameter): Name = "name_main"; Value = "AC0603FR-0768RL"; VariantName = "[No Variations]"
Add component (AddParameter): Name = "Value"; Value = "68"; VariantName = "[No Variations]"
Added Component: Designator=R17(Res0603)
Add component (AddParameter): Name = "Name"; Value = "Резистор"; VariantName = "[No Variations]"
Add component (AddParameter): Name = "name_main"; Value = "AC0603FR-0768RL"; VariantName = "[No Variations]"
Add component (AddParameter): Name = "Value"; Value = "68"; VariantName = "[No Variations]"
Added Component: Designator=R18(Res0603)
Add component (AddParameter): Name = "Name"; Value = "Резистор"; VariantName = "[No Variations]"
Add component (AddParameter): Name = "name_main"; Value = "AC0603FR-0768RL"; VariantName = "[No Variations]"
Add component (AddParameter): Name = "Value"; Value = "68"; VariantName = "[No Variations]"
Added Component: Designator=R19(Res0603)
Add component (AddParameter): Name = "Manufacturer"; Value = "АЛЯР.434110.005ТУ"; VariantName = "[No Variations]"
Add component (AddParameter): Name = "Name"; Value = "Резистор"; VariantName = "[No Variations]"
Add component (AddParameter): Name = "name_main"; Value = "RC0603FR-0710KL"; VariantName = "[No Variations]"
Add component (AddParameter): Name = "nameSuf"; Value = ""; VariantName = "[No Variations]"
Add component (AddParameter): Name = "Tolerance"; Value = "5%"; VariantName = "[No Variations]"
Add component (AddParameter): Name = "Units"; Value = ""; VariantName = "[No Variations]"
Add component (AddParameter): Name = "Value"; Value = "10к"; VariantName = "[No Variations]"
Added Component: Designator=R20(Res0603)
Add component (AddParameter): Name = "Name"; Value = "Резистор"; VariantName = "[No Variations]"
Add component (AddParameter): Name = "name_main"; Value = "RC0603FR-071ML"; VariantName = "[No Variations]"
Add component (AddParameter): Name = "Tolerance"; Value = "1%"; VariantName = "[No Variations]"
Add component (AddParameter): Name = "Value"; Value = "1M"; VariantName = "[No Variations]"
Added Component: Designator=R21(Res0603)
Add component (AddParameter): Name = "Name"; Value = "Резистор"; VariantName = "[No Variations]"
Add component (AddParameter): Name = "name_main"; Value = "RC0603FR-071ML"; VariantName = "[No Variations]"
Add component (AddParameter): Name = "Value"; Value = "1M"; VariantName = "[No Variations]"
Added Component: Designator=R22(Res0603)
Add component (AddParameter): Name = "Name"; Value = "Резистор"; VariantName = "[No Variations]"
Add component (AddParameter): Name = "name_main"; Value = "RC0603FR-07510KL"; VariantName = "[No Variations]"
Add component (AddParameter): Name = "Value"; Value = "510к"; VariantName = "[No Variations]"
Added Component: Designator=R23(Res0603)
Add component (AddParameter): Name = "Name"; Value = "Резистор"; VariantName = "[No Variations]"
Add component (AddParameter): Name = "name_main"; Value = "RC0603FR-07510KL"; VariantName = "[No Variations]"
Add component (AddParameter): Name = "Value"; Value = "510к"; VariantName = "[No Variations]"
Added Component: Designator=R24(Res0603)
Add component (AddParameter): Name = "Name"; Value = "Резистор"; VariantName = "[No Variations]"
Add component (AddParameter): Name = "name_main"; Value = "RC0603FR-07100KL"; VariantName = "[No Variations]"
Add component (AddParameter): Name = "Units"; Value = ""; VariantName = "[No Variations]"
Add component (AddParameter): Name = "Value"; Value = "100к"; VariantName = "[No Variations]"
Added Component: Designator=R25(Res0603)
Add component (AddParameter): Name = "Name"; Value = "Резистор"; VariantName = "[No Variations]"
Add component (AddParameter): Name = "name_main"; Value = "RC0603FR-071ML"; VariantName = "[No Variations]"
Add component (AddParameter): Name = "Tolerance"; Value = "1%"; VariantName = "[No Variations]"
Add component (AddParameter): Name = "Value"; Value = "1М"; VariantName = "[No Variations]"
Added Component: Designator=R26(Res0603)
Add component (AddParameter): Name = "Manufacturer"; Value = "АЛЯР.434110.005ТУ"; VariantName = "[No Variations]"
Add component (AddParameter): Name = "Name"; Value = "Резистор"; VariantName = "[No Variations]"
Add component (AddParameter): Name = "name_main"; Value = "RC0603FR-0710KL"; VariantName = "[No Variations]"
Add component (AddParameter): Name = "nameSuf"; Value = ""; VariantName = "[No Variations]"
Add component (AddParameter): Name = "Tolerance"; Value = "5%"; VariantName = "[No Variations]"
Add component (AddParameter): Name = "Units"; Value = ""; VariantName = "[No Variations]"
Add component (AddParameter): Name = "Value"; Value = "10к"; VariantName = "[No Variations]"
Added Component: Designator=R27(Res0603)
Add component (AddParameter): Name = "Name"; Value = "Резистор"; VariantName = "[No Variations]"
Add component (AddParameter): Name = "name_main"; Value = "RC0603JR-0710RL"; VariantName = "[No Variations]"
Add component (AddParameter): Name = "Tolerance"; Value = "5%"; VariantName = "[No Variations]"
Add component (AddParameter): Name = "Value"; Value = "10"; VariantName = "[No Variations]"
Added Component: Designator=R28(Res0603)
Add component (AddParameter): Name = "Manufacturer"; Value = "АЛЯР.434110.005ТУ"; VariantName = "[No Variations]"
Add component (AddParameter): Name = "Name"; Value = "Резистор"; VariantName = "[No Variations]"
Add component (AddParameter): Name = "name_main"; Value = "RC0603FR-0710KL"; VariantName = "[No Variations]"
Add component (AddParameter): Name = "nameSuf"; Value = ""; VariantName = "[No Variations]"
Add component (AddParameter): Name = "Tolerance"; Value = "5%"; VariantName = "[No Variations]"
Add component (AddParameter): Name = "Units"; Value = ""; VariantName = "[No Variations]"
Add component (AddParameter): Name = "Value"; Value = "10к"; VariantName = "[No Variations]"
Added Component: Designator=R29(Res0603)
Add component (AddParameter): Name = "Manufacturer"; Value = "АЛЯР.434110.005ТУ"; VariantName = "[No Variations]"
Add component (AddParameter): Name = "Name"; Value = "Резистор"; VariantName = "[No Variations]"
Add component (AddParameter): Name = "name_main"; Value = "RC0603FR-0710KL"; VariantName = "[No Variations]"
Add component (AddParameter): Name = "nameSuf"; Value = ""; VariantName = "[No Variations]"
Add component (AddParameter): Name = "Tolerance"; Value = "5%"; VariantName = "[No Variations]"
Add component (AddParameter): Name = "Units"; Value = ""; VariantName = "[No Variations]"
Add component (AddParameter): Name = "Value"; Value = "10к"; VariantName = "[No Variations]"
Added Component: Designator=R30(Res0603)
Add component (AddParameter): Name = "Manufacturer"; Value = "АЛЯР.434110.005ТУ"; VariantName = "[No Variations]"
Add component (AddParameter): Name = "Name"; Value = "Резистор"; VariantName = "[No Variations]"
Add component (AddParameter): Name = "name_main"; Value = "RC0603FR-0710KL"; VariantName = "[No Variations]"
Add component (AddParameter): Name = "nameSuf"; Value = ""; VariantName = "[No Variations]"
Add component (AddParameter): Name = "Tolerance"; Value = "5%"; VariantName = "[No Variations]"
Add component (AddParameter): Name = "Units"; Value = ""; VariantName = "[No Variations]"
Add component (AddParameter): Name = "Value"; Value = "10к"; VariantName = "[No Variations]"
Added Component: Designator=R31(Res0603)
Add component (AddParameter): Name = "Name"; Value = "Резистор"; VariantName = "[No Variations]"
Add component (AddParameter): Name = "name_main"; Value = "RC0603JR-0710RL"; VariantName = "[No Variations]"
Add component (AddParameter): Name = "Tolerance"; Value = "5%"; VariantName = "[No Variations]"
Add component (AddParameter): Name = "Value"; Value = "10"; VariantName = "[No Variations]"
Added Component: Designator=R32(Res0603)
Add component (AddParameter): Name = "Name"; Value = "Резистор"; VariantName = "[No Variations]"
Add component (AddParameter): Name = "name_main"; Value = "RC0603FR-07100KL"; VariantName = "[No Variations]"
Add component (AddParameter): Name = "Units"; Value = ""; VariantName = "[No Variations]"
Add component (AddParameter): Name = "Value"; Value = "100к"; VariantName = "[No Variations]"
Added Component: Designator=R33(Res0603)
Add component (AddParameter): Name = "Manufacturer"; Value = "АЛЯР.434110.005ТУ"; VariantName = "[No Variations]"
Add component (AddParameter): Name = "Name"; Value = "Резистор"; VariantName = "[No Variations]"
Add component (AddParameter): Name = "name_main"; Value = "RC0603FR-070RL"; VariantName = "[No Variations]"
Add component (AddParameter): Name = "nameSuf"; Value = ""; VariantName = "[No Variations]"
Add component (AddParameter): Name = "Tolerance"; Value = "5%"; VariantName = "[No Variations]"
Add component (AddParameter): Name = "Units"; Value = ""; VariantName = "[No Variations]"
Add component (AddParameter): Name = "Value"; Value = "0"; VariantName = "[No Variations]"
Added Component: Designator=R34(Res0603)
Add component (AddParameter): Name = "Manufacturer"; Value = "АЛЯР.434110.005ТУ"; VariantName = "[No Variations]"
Add component (AddParameter): Name = "Name"; Value = "Резистор"; VariantName = "[No Variations]"
Add component (AddParameter): Name = "name_main"; Value = "RC0603FR-070RL"; VariantName = "[No Variations]"
Add component (AddParameter): Name = "nameSuf"; Value = ""; VariantName = "[No Variations]"
Add component (AddParameter): Name = "Tolerance"; Value = "5%"; VariantName = "[No Variations]"
Add component (AddParameter): Name = "Units"; Value = ""; VariantName = "[No Variations]"
Add component (AddParameter): Name = "Value"; Value = "0"; VariantName = "[No Variations]"
Added Component: Designator=R35(Res0603)
Add component (AddParameter): Name = "Manufacturer"; Value = "АЛЯР.434110.005ТУ"; VariantName = "[No Variations]"
Add component (AddParameter): Name = "Name"; Value = "Резистор"; VariantName = "[No Variations]"
Add component (AddParameter): Name = "name_main"; Value = "Р1-12-0,1-"; VariantName = "[No Variations]"
Add component (AddParameter): Name = "nameSuf"; Value = ""; VariantName = "[No Variations]"
Add component (AddParameter): Name = "Tolerance"; Value = "5%"; VariantName = "[No Variations]"
Add component (AddParameter): Name = "Units"; Value = ""; VariantName = "[No Variations]"
Add component (AddParameter): Name = "Value"; Value = "DNP"; VariantName = "[No Variations]"
Added Component: Designator=R36(Res0603)
Add component (AddParameter): Name = "Name"; Value = "Резистор"; VariantName = "[No Variations]"
Add component (AddParameter): Name = "name_main"; Value = "RC0603FR-0710ML"; VariantName = "[No Variations]"
Add component (AddParameter): Name = "Units"; Value = ""; VariantName = "[No Variations]"
Add component (AddParameter): Name = "Value"; Value = "10М"; VariantName = "[No Variations]"
Added Component: Designator=T1(TestPoint)
Added Component: Designator=T2(TestPoint)
Added Component: Designator=T3(TestPoint)
Added Component: Designator=T4(TestPoint)
Added Component: Designator=T5(TestPoint)
Added Component: Designator=T6(TestPoint)
Added Component: Designator=VD2(LED1206)
Add component (AddParameter): Name = "manufacture"; Value = "аА0.339.189ТУ"; VariantName = "[No Variations]"
Add component (AddParameter): Name = "Name"; Value = "Индикатор"; VariantName = "[No Variations]"
Add component (AddParameter): Name = "Name_main"; Value = "15412094A9000"; VariantName = "[No Variations]"
Added Component: Designator=VD5(LED1206)
Add component (AddParameter): Name = "manufacture"; Value = "аА0.339.189ТУ"; VariantName = "[No Variations]"
Add component (AddParameter): Name = "Name"; Value = "Индикатор"; VariantName = "[No Variations]"
Add component (AddParameter): Name = "Name_main"; Value = "15412094A9000"; VariantName = "[No Variations]"
Added Component: Designator=VT1(Mosfet)
Added Component: Designator=VT2(Mosfet)
Added Component: Designator=X1(PSL_8)
Add component (AddParameter): Name = "manufacture"; Value = "БСАР.430420.014ТУ"; VariantName = "[No Variations]"
Add component (AddParameter): Name = "name"; Value = "Разъемы"; VariantName = "[No Variations]"
Add component (AddParameter): Name = "name_main"; Value = "PLS-8"; VariantName = "[No Variations]"
Added Component: Designator=X2(PSL_10)
Add component (AddParameter): Name = "manufacture"; Value = "БСАР.430420.014ТУ"; VariantName = "[No Variations]"
Add component (AddParameter): Name = "name"; Value = "Разъемы"; VariantName = "[No Variations]"
Add component (AddParameter): Name = "name_main"; Value = "PLS-10"; VariantName = "[No Variations]"
Added Component: Designator=X3(PSL_6)
Add component (AddParameter): Name = "manufacture"; Value = "БСАР.430420.014ТУ"; VariantName = "[No Variations]"
Add component (AddParameter): Name = "name"; Value = "Разъемы"; VariantName = "[No Variations]"
Add component (AddParameter): Name = "name_main"; Value = "PLS-6"; VariantName = "[No Variations]"
Added Component: Designator=X4(PSL_4)
Add component (AddParameter): Name = "manufacture"; Value = "БСАР.430420.014ТУ"; VariantName = "[No Variations]"
Add component (AddParameter): Name = "name"; Value = "Разъемы"; VariantName = "[No Variations]"
Add component (AddParameter): Name = "name_main"; Value = "PLS-6"; VariantName = "[No Variations]"
Added Component: Designator=ZQ1(XTAL32)
Added Pin To Net: NetName=1V8 Pin=C1-2
Added Pin To Net: NetName=1V8 Pin=C2-2
Added Pin To Net: NetName=1V8 Pin=C8-2
Added Pin To Net: NetName=1V8 Pin=C11-2
Added Pin To Net: NetName=1V8 Pin=C15-2
Added Pin To Net: NetName=1V8 Pin=C23-2
Added Pin To Net: NetName=1V8 Pin=C27-2
Added Pin To Net: NetName=1V8 Pin=C28-2
Added Pin To Net: NetName=1V8 Pin=C30-2
Added Pin To Net: NetName=1V8 Pin=C36-2
Added Pin To Net: NetName=1V8 Pin=C40-2
Added Pin To Net: NetName=1V8 Pin=C42-2
Added Pin To Net: NetName=1V8 Pin=C44-2
Added Pin To Net: NetName=1V8 Pin=DA1-3
Added Pin To Net: NetName=1V8 Pin=DA1-6
Added Pin To Net: NetName=1V8 Pin=DA4-9
Added Pin To Net: NetName=1V8 Pin=DA4-36
Added Pin To Net: NetName=1V8 Pin=DA5-1
Added Pin To Net: NetName=1V8 Pin=DA5-9
Added Pin To Net: NetName=1V8 Pin=DD1-5
Added Pin To Net: NetName=1V8 Pin=DD2-5
Added Pin To Net: NetName=1V8 Pin=DD3-5
Added Pin To Net: NetName=1V8 Pin=DD4-5
Added Pin To Net: NetName=1V8 Pin=DD5-5
Added Pin To Net: NetName=1V8 Pin=DD6-5
Added Pin To Net: NetName=1V8 Pin=L1-2
Added Pin To Net: NetName=1V8 Pin=L4-2
Added Pin To Net: NetName=1V8 Pin=R1-1
Added Pin To Net: NetName=1V8 Pin=R2-1
Added Pin To Net: NetName=1V8 Pin=R3-2
Added Pin To Net: NetName=1V8 Pin=R7-2
Added Pin To Net: NetName=1V8 Pin=R14-1
Added Pin To Net: NetName=1V8 Pin=R15-1
Added Pin To Net: NetName=1V8 Pin=R19-1
Added Pin To Net: NetName=1V8 Pin=R22-2
Added Pin To Net: NetName=1V8 Pin=R26-1
Added Pin To Net: NetName=1V8 Pin=R28-1
Added Pin To Net: NetName=1V8 Pin=R29-1
Added Pin To Net: NetName=1V8 Pin=R31-2
Added Pin To Net: NetName=1V8 Pin=R33-1
Added Net: Name=1V8
Added Pin To Net: NetName=A\L\E\R\T\ Pin=DA4-23
Added Pin To Net: NetName=A\L\E\R\T\ Pin=DA5-6
Added Pin To Net: NetName=A\L\E\R\T\ Pin=R26-2
Added Net: Name=A\L\E\R\T\
Added Pin To Net: NetName=BUSY Pin=DA4-25
Added Pin To Net: NetName=BUSY Pin=DA5-5
Added Net: Name=BUSY
Added Pin To Net: NetName=GND Pin=C1-1
Added Pin To Net: NetName=GND Pin=C2-1
Added Pin To Net: NetName=GND Pin=C3-1
Added Pin To Net: NetName=GND Pin=C4-1
Added Pin To Net: NetName=GND Pin=C7-1
Added Pin To Net: NetName=GND Pin=C8-1
Added Pin To Net: NetName=GND Pin=C11-1
Added Pin To Net: NetName=GND Pin=C12-2
Added Pin To Net: NetName=GND Pin=C14-1
Added Pin To Net: NetName=GND Pin=C15-1
Added Pin To Net: NetName=GND Pin=C16-2
Added Pin To Net: NetName=GND Pin=C18-1
Added Pin To Net: NetName=GND Pin=C19-1
Added Pin To Net: NetName=GND Pin=C22-1
Added Pin To Net: NetName=GND Pin=C23-1
Added Pin To Net: NetName=GND Pin=C25-1
Added Pin To Net: NetName=GND Pin=C27-1
Added Pin To Net: NetName=GND Pin=C28-1
Added Pin To Net: NetName=GND Pin=C29-1
Added Pin To Net: NetName=GND Pin=C30-1
Added Pin To Net: NetName=GND Pin=C31-1
Added Pin To Net: NetName=GND Pin=C33-1
Added Pin To Net: NetName=GND Pin=C34-1
Added Pin To Net: NetName=GND Pin=C36-1
Added Pin To Net: NetName=GND Pin=C37-2
Added Pin To Net: NetName=GND Pin=C39-1
Added Pin To Net: NetName=GND Pin=C40-1
Added Pin To Net: NetName=GND Pin=C41-2
Added Pin To Net: NetName=GND Pin=C42-1
Added Pin To Net: NetName=GND Pin=C44-1
Added Pin To Net: NetName=GND Pin=DA1-4
Added Pin To Net: NetName=GND Pin=DA1-26
Added Pin To Net: NetName=GND Pin=DA1-29
Added Pin To Net: NetName=GND Pin=DA2-2
Added Pin To Net: NetName=GND Pin=DA3-2
Added Pin To Net: NetName=GND Pin=DA4-3
Added Pin To Net: NetName=GND Pin=DA4-8
Added Pin To Net: NetName=GND Pin=DA4-28
Added Pin To Net: NetName=GND Pin=DA4-35
Added Pin To Net: NetName=GND Pin=DA4-42
Added Pin To Net: NetName=GND Pin=DA4-46
Added Pin To Net: NetName=GND Pin=DA5-10
Added Pin To Net: NetName=GND Pin=DD1-2
Added Pin To Net: NetName=GND Pin=DD2-2
Added Pin To Net: NetName=GND Pin=DD3-2
Added Pin To Net: NetName=GND Pin=DD4-2
Added Pin To Net: NetName=GND Pin=DD5-2
Added Pin To Net: NetName=GND Pin=DD6-2
Added Pin To Net: NetName=GND Pin=G2-2
Added Pin To Net: NetName=GND Pin=G2-4
Added Pin To Net: NetName=GND Pin=L2-1
Added Pin To Net: NetName=GND Pin=R5-1
Added Pin To Net: NetName=GND Pin=R8-1
Added Pin To Net: NetName=GND Pin=R20-1
Added Pin To Net: NetName=GND Pin=R23-1
Added Pin To Net: NetName=GND Pin=R34-2
Added Pin To Net: NetName=GND Pin=R35-2
Added Pin To Net: NetName=GND Pin=VT1-2
Added Pin To Net: NetName=GND Pin=VT2-2
Added Pin To Net: NetName=GND Pin=X1-2
Added Pin To Net: NetName=GND Pin=X1-3
Added Pin To Net: NetName=GND Pin=X2-4
Added Pin To Net: NetName=GND Pin=X4-4
Added Net: Name=GND
Added Pin To Net: NetName=LED Pin=DA4-24
Added Pin To Net: NetName=LED Pin=R27-2
Added Net: Name=LED
Added Pin To Net: NetName=NetA1_1 Pin=A1-1
Added Pin To Net: NetName=NetA1_1 Pin=A1-1
Added Pin To Net: NetName=NetA1_1 Pin=A1-1
Added Pin To Net: NetName=NetA1_1 Pin=A1-1
Added Pin To Net: NetName=NetA1_1 Pin=A1-1
Added Pin To Net: NetName=NetA1_1 Pin=A1-1
Added Pin To Net: NetName=NetA1_1 Pin=A1-1
Added Pin To Net: NetName=NetA1_1 Pin=A1-1
Added Pin To Net: NetName=NetA1_1 Pin=A1-1
Added Pin To Net: NetName=NetA1_1 Pin=A1-1
Added Pin To Net: NetName=NetA1_1 Pin=A1-1
Added Pin To Net: NetName=NetA1_1 Pin=A1-1
Added Pin To Net: NetName=NetA1_1 Pin=A1-1
Added Pin To Net: NetName=NetA1_1 Pin=A1-1
Added Pin To Net: NetName=NetA1_1 Pin=A1-1
Added Pin To Net: NetName=NetA1_1 Pin=A1-1
Added Pin To Net: NetName=NetA1_1 Pin=C19-2
Added Pin To Net: NetName=NetA1_1 Pin=C20-2
Added Pin To Net: NetName=NetA1_1 Pin=L2-2
Added Net: Name=NetA1_1
Added Pin To Net: NetName=NetC3_2 Pin=C3-2
Added Pin To Net: NetName=NetC3_2 Pin=DA2-1
Added Pin To Net: NetName=NetC3_2 Pin=DA2-3
Added Pin To Net: NetName=NetC3_2 Pin=X1-5
Added Net: Name=NetC3_2
Added Pin To Net: NetName=NetC4_2 Pin=C4-2
Added Pin To Net: NetName=NetC4_2 Pin=DA1-5
Added Net: Name=NetC4_2
Added Pin To Net: NetName=NetC5_1 Pin=DA2-5
Added Pin To Net: NetName=NetC5_1 Pin=L1-1
Added Net: Name=NetC5_1
Added Pin To Net: NetName=NetC7_2 Pin=C7-2
Added Pin To Net: NetName=NetC7_2 Pin=DD1-1
Added Pin To Net: NetName=NetC7_2 Pin=R5-2
Added Net: Name=NetC7_2
Added Pin To Net: NetName=NetC9_1 Pin=C9-1
Added Pin To Net: NetName=NetC9_1 Pin=DD1-3
Added Pin To Net: NetName=NetC9_1 Pin=R6-1
Added Net: Name=NetC9_1
Added Pin To Net: NetName=NetC9_2 Pin=C9-2
Added Pin To Net: NetName=NetC9_2 Pin=C10-1
Added Pin To Net: NetName=NetC9_2 Pin=DD1-4
Added Pin To Net: NetName=NetC9_2 Pin=R6-2
Added Pin To Net: NetName=NetC9_2 Pin=T1-T
Added Net: Name=NetC9_2
Added Pin To Net: NetName=NetC10_2 Pin=C10-2
Added Pin To Net: NetName=NetC10_2 Pin=DD2-1
Added Pin To Net: NetName=NetC10_2 Pin=R7-1
Added Pin To Net: NetName=NetC10_2 Pin=R8-2
Added Net: Name=NetC10_2
Added Pin To Net: NetName=NetC12_1 Pin=C12-1
Added Pin To Net: NetName=NetC12_1 Pin=R9-2
Added Net: Name=NetC12_1
Added Pin To Net: NetName=NetC13_1 Pin=C13-1
Added Pin To Net: NetName=NetC13_1 Pin=DD2-4
Added Pin To Net: NetName=NetC13_1 Pin=R10-1
Added Pin To Net: NetName=NetC13_1 Pin=R11-2
Added Pin To Net: NetName=NetC13_1 Pin=T2-T
Added Net: Name=NetC13_1
Added Pin To Net: NetName=NetC13_2 Pin=C13-2
Added Pin To Net: NetName=NetC13_2 Pin=DD2-3
Added Pin To Net: NetName=NetC13_2 Pin=R9-1
Added Pin To Net: NetName=NetC13_2 Pin=R10-2
Added Net: Name=NetC13_2
Added Pin To Net: NetName=NetC14_2 Pin=C14-2
Added Pin To Net: NetName=NetC14_2 Pin=DD3-1
Added Pin To Net: NetName=NetC14_2 Pin=R11-1
Added Net: Name=NetC14_2
Added Pin To Net: NetName=NetC16_1 Pin=C16-1
Added Pin To Net: NetName=NetC16_1 Pin=R12-2
Added Net: Name=NetC16_1
Added Pin To Net: NetName=NetC17_1 Pin=C17-1
Added Pin To Net: NetName=NetC17_1 Pin=DD3-4
Added Pin To Net: NetName=NetC17_1 Pin=R13-1
Added Pin To Net: NetName=NetC17_1 Pin=T3-T
Added Pin To Net: NetName=NetC17_1 Pin=X3-1
Added Net: Name=NetC17_1
Added Pin To Net: NetName=NetC17_2 Pin=C17-2
Added Pin To Net: NetName=NetC17_2 Pin=DD3-3
Added Pin To Net: NetName=NetC17_2 Pin=R12-1
Added Pin To Net: NetName=NetC17_2 Pin=R13-2
Added Net: Name=NetC17_2
Added Pin To Net: NetName=NetC18_2 Pin=C18-2
Added Pin To Net: NetName=NetC18_2 Pin=DA3-1
Added Pin To Net: NetName=NetC18_2 Pin=DA3-3
Added Net: Name=NetC18_2
Added Pin To Net: NetName=NetC20_1 Pin=C20-1
Added Pin To Net: NetName=NetC20_1 Pin=L3-1
Added Net: Name=NetC20_1
Added Pin To Net: NetName=NetC21_1 Pin=DA3-5
Added Pin To Net: NetName=NetC21_1 Pin=L4-1
Added Net: Name=NetC21_1
Added Pin To Net: NetName=NetC22_2 Pin=C22-2
Added Pin To Net: NetName=NetC22_2 Pin=L3-2
Added Pin To Net: NetName=NetC22_2 Pin=L5-1
Added Net: Name=NetC22_2
Added Pin To Net: NetName=NetC25_2 Pin=C25-2
Added Pin To Net: NetName=NetC25_2 Pin=DA4-1
Added Pin To Net: NetName=NetC25_2 Pin=L5-2
Added Net: Name=NetC25_2
Added Pin To Net: NetName=NetC26_1 Pin=C26-1
Added Pin To Net: NetName=NetC26_1 Pin=DA4-7
Added Net: Name=NetC26_1
Added Pin To Net: NetName=NetC26_2 Pin=C26-2
Added Pin To Net: NetName=NetC26_2 Pin=DA4-6
Added Net: Name=NetC26_2
Added Pin To Net: NetName=NetC29_2 Pin=C29-2
Added Pin To Net: NetName=NetC29_2 Pin=DD4-1
Added Pin To Net: NetName=NetC29_2 Pin=R20-2
Added Net: Name=NetC29_2
Added Pin To Net: NetName=NetC31_2 Pin=C31-2
Added Pin To Net: NetName=NetC31_2 Pin=DA4-5
Added Net: Name=NetC31_2
Added Pin To Net: NetName=NetC32_1 Pin=C32-1
Added Pin To Net: NetName=NetC32_1 Pin=DD4-3
Added Pin To Net: NetName=NetC32_1 Pin=R21-1
Added Net: Name=NetC32_1
Added Pin To Net: NetName=NetC32_2 Pin=C32-2
Added Pin To Net: NetName=NetC32_2 Pin=C35-1
Added Pin To Net: NetName=NetC32_2 Pin=DD4-4
Added Pin To Net: NetName=NetC32_2 Pin=R21-2
Added Pin To Net: NetName=NetC32_2 Pin=T4-T
Added Net: Name=NetC32_2
Added Pin To Net: NetName=NetC33_2 Pin=C33-2
Added Pin To Net: NetName=NetC33_2 Pin=DA4-48
Added Net: Name=NetC33_2
Added Pin To Net: NetName=NetC34_2 Pin=C34-2
Added Pin To Net: NetName=NetC34_2 Pin=DA4-12
Added Net: Name=NetC34_2
Added Pin To Net: NetName=NetC35_2 Pin=C35-2
Added Pin To Net: NetName=NetC35_2 Pin=DD5-1
Added Pin To Net: NetName=NetC35_2 Pin=R22-1
Added Pin To Net: NetName=NetC35_2 Pin=R23-2
Added Net: Name=NetC35_2
Added Pin To Net: NetName=NetC37_1 Pin=C37-1
Added Pin To Net: NetName=NetC37_1 Pin=R24-2
Added Net: Name=NetC37_1
Added Pin To Net: NetName=NetC38_1 Pin=C38-1
Added Pin To Net: NetName=NetC38_1 Pin=DD5-4
Added Pin To Net: NetName=NetC38_1 Pin=R25-1
Added Pin To Net: NetName=NetC38_1 Pin=R30-2
Added Pin To Net: NetName=NetC38_1 Pin=T5-T
Added Net: Name=NetC38_1
Added Pin To Net: NetName=NetC38_2 Pin=C38-2
Added Pin To Net: NetName=NetC38_2 Pin=DD5-3
Added Pin To Net: NetName=NetC38_2 Pin=R24-1
Added Pin To Net: NetName=NetC38_2 Pin=R25-2
Added Net: Name=NetC38_2
Added Pin To Net: NetName=NetC39_2 Pin=C39-2
Added Pin To Net: NetName=NetC39_2 Pin=DD6-1
Added Pin To Net: NetName=NetC39_2 Pin=R30-1
Added Net: Name=NetC39_2
Added Pin To Net: NetName=NetC41_1 Pin=C41-1
Added Pin To Net: NetName=NetC41_1 Pin=R32-2
Added Net: Name=NetC41_1
Added Pin To Net: NetName=NetC43_1 Pin=C43-1
Added Pin To Net: NetName=NetC43_1 Pin=DA5-2
Added Pin To Net: NetName=NetC43_1 Pin=DD6-4
Added Pin To Net: NetName=NetC43_1 Pin=R36-1
Added Pin To Net: NetName=NetC43_1 Pin=T6-T
Added Net: Name=NetC43_1
Added Pin To Net: NetName=NetC43_2 Pin=C43-2
Added Pin To Net: NetName=NetC43_2 Pin=DD6-3
Added Pin To Net: NetName=NetC43_2 Pin=R32-1
Added Pin To Net: NetName=NetC43_2 Pin=R36-2
Added Net: Name=NetC43_2
Added Pin To Net: NetName=NetDA1_1 Pin=DA1-1
Added Pin To Net: NetName=NetDA1_1 Pin=X2-6
Added Net: Name=NetDA1_1
Added Pin To Net: NetName=NetDA1_2 Pin=DA1-2
Added Pin To Net: NetName=NetDA1_2 Pin=X2-7
Added Net: Name=NetDA1_2
Added Pin To Net: NetName=NetDA1_7 Pin=DA1-7
Added Net: Name=NetDA1_7
Added Pin To Net: NetName=NetDA1_11 Pin=DA1-11
Added Net: Name=NetDA1_11
Added Pin To Net: NetName=NetDA1_23 Pin=DA1-23
Added Pin To Net: NetName=NetDA1_23 Pin=VD2-K
Added Pin To Net: NetName=NetDA1_23 Pin=VT1-3
Added Net: Name=NetDA1_23
Added Pin To Net: NetName=NetDA1_27 Pin=DA1-27
Added Pin To Net: NetName=NetDA1_27 Pin=R2-2
Added Pin To Net: NetName=NetDA1_27 Pin=X2-1
Added Net: Name=NetDA1_27
Added Pin To Net: NetName=NetDA1_28 Pin=DA1-28
Added Pin To Net: NetName=NetDA1_28 Pin=R1-2
Added Pin To Net: NetName=NetDA1_28 Pin=X2-2
Added Net: Name=NetDA1_28
Added Pin To Net: NetName=NetDA4_13 Pin=DA4-13
Added Pin To Net: NetName=NetDA4_13 Pin=ZQ1-2
Added Net: Name=NetDA4_13
Added Pin To Net: NetName=NetDA4_14 Pin=DA4-14
Added Pin To Net: NetName=NetDA4_14 Pin=ZQ1-1
Added Net: Name=NetDA4_14
Added Pin To Net: NetName=NetDA4_16 Pin=DA4-16
Added Pin To Net: NetName=NetDA4_16 Pin=R16-1
Added Net: Name=NetDA4_16
Added Pin To Net: NetName=NetDA4_33 Pin=DA4-33
Added Pin To Net: NetName=NetDA4_33 Pin=R17-1
Added Net: Name=NetDA4_33
Added Pin To Net: NetName=NetDA4_34 Pin=DA4-34
Added Pin To Net: NetName=NetDA4_34 Pin=R18-1
Added Net: Name=NetDA4_34
Added Pin To Net: NetName=NetDA4_43 Pin=DA4-43
Added Pin To Net: NetName=NetDA4_43 Pin=G2-3
Added Net: Name=NetDA4_43
Added Pin To Net: NetName=NetDA4_44 Pin=DA4-44
Added Pin To Net: NetName=NetDA4_44 Pin=G2-1
Added Net: Name=NetDA4_44
Added Pin To Net: NetName=NetDA4_45 Pin=DA4-45
Added Pin To Net: NetName=NetDA4_45 Pin=DA4-47
Added Net: Name=NetDA4_45
Added Pin To Net: NetName=NetDA5_3 Pin=DA5-3
Added Pin To Net: NetName=NetDA5_3 Pin=R34-1
Added Net: Name=NetDA5_3
Added Pin To Net: NetName=NetDA5_4 Pin=DA5-4
Added Pin To Net: NetName=NetDA5_4 Pin=R33-2
Added Pin To Net: NetName=NetDA5_4 Pin=R35-1
Added Net: Name=NetDA5_4
Added Pin To Net: NetName=NetR3_1 Pin=R3-1
Added Pin To Net: NetName=NetR3_1 Pin=VD2-A
Added Net: Name=NetR3_1
Added Pin To Net: NetName=NetR4_1 Pin=R4-1
Added Pin To Net: NetName=NetR4_1 Pin=VT1-1
Added Net: Name=NetR4_1
Added Pin To Net: NetName=NetR4_2 Pin=R4-2
Added Pin To Net: NetName=NetR4_2 Pin=X3-2
Added Net: Name=NetR4_2
Added Pin To Net: NetName=NetR14_2 Pin=R14-2
Added Pin To Net: NetName=NetR14_2 Pin=R18-2
Added Pin To Net: NetName=NetR14_2 Pin=X4-3
Added Net: Name=NetR14_2
Added Pin To Net: NetName=NetR15_2 Pin=R15-2
Added Pin To Net: NetName=NetR15_2 Pin=R17-2
Added Pin To Net: NetName=NetR15_2 Pin=X4-2
Added Net: Name=NetR15_2
Added Pin To Net: NetName=NetR16_2 Pin=R16-2
Added Pin To Net: NetName=NetR16_2 Pin=R19-2
Added Pin To Net: NetName=NetR16_2 Pin=X4-1
Added Net: Name=NetR16_2
Added Pin To Net: NetName=NetR27_1 Pin=R27-1
Added Pin To Net: NetName=NetR27_1 Pin=VT2-1
Added Net: Name=NetR27_1
Added Pin To Net: NetName=NetR31_1 Pin=R31-1
Added Pin To Net: NetName=NetR31_1 Pin=VD5-A
Added Net: Name=NetR31_1
Added Pin To Net: NetName=NetVD5_K Pin=VD5-K
Added Pin To Net: NetName=NetVD5_K Pin=VT2-3
Added Net: Name=NetVD5_K
Added Pin To Net: NetName=SCL Pin=DA4-18
Added Pin To Net: NetName=SCL Pin=DA5-8
Added Pin To Net: NetName=SCL Pin=R29-2
Added Net: Name=SCL
Added Pin To Net: NetName=SDA Pin=DA4-20
Added Pin To Net: NetName=SDA Pin=DA5-7
Added Pin To Net: NetName=SDA Pin=R28-2
Added Net: Name=SDA
Added Class: Name=Course
Added Class: Name=RSL10_Sch
Added Room: Name=Course
Added Room: Name=RSL10_Sch
