Added Component: Designator=A1(antenna)
Added Component: Designator=C1(cap0603)
Add component (AddParameter): Name = "manufacture"; Value = "ОЖО.460.107ТУ"; VariantName = "[No Variations]"
Add component (AddParameter): Name = "Name"; Value = "Керамический конденсатор"; VariantName = "[No Variations]"
Add component (AddParameter): Name = "name_main"; Value = "CC0603KRX7R7BB105"; VariantName = "[No Variations]"
Add component (AddParameter): Name = "nameSuf"; Value = "-3"; VariantName = "[No Variations]"
Add component (AddParameter): Name = "Units"; Value = "Ф"; VariantName = "[No Variations]"
Add component (AddParameter): Name = "Value"; Value = "1мк"; VariantName = "[No Variations]"
Added Component: Designator=C2(cap0603)
Add component (AddParameter): Name = "manufacture"; Value = "ОЖО.460.107ТУ"; VariantName = "[No Variations]"
Add component (AddParameter): Name = "Name"; Value = "Керамический конденсатор"; VariantName = "[No Variations]"
Add component (AddParameter): Name = "name_main"; Value = "GRM1535C1H100J"; VariantName = "[No Variations]"
Add component (AddParameter): Name = "Units"; Value = "Ф"; VariantName = "[No Variations]"
Add component (AddParameter): Name = "Value"; Value = "10п"; VariantName = "[No Variations]"
Added Component: Designator=C3(cap0603)
Add component (AddParameter): Name = "manufacture"; Value = "ОЖО.460.107ТУ"; VariantName = "[No Variations]"
Add component (AddParameter): Name = "Name"; Value = "Керамический конденсатор"; VariantName = "[No Variations]"
Add component (AddParameter): Name = "name_main"; Value = "GRM1555C1H1R0BA01D"; VariantName = "[No Variations]"
Add component (AddParameter): Name = "Units"; Value = "Ф"; VariantName = "[No Variations]"
Add component (AddParameter): Name = "Value"; Value = "1п"; VariantName = "[No Variations]"
Added Component: Designator=C5(cap0603)
Add component (AddParameter): Name = "manufacture"; Value = "ОЖО.460.107ТУ"; VariantName = "[No Variations]"
Add component (AddParameter): Name = "Name"; Value = "Керамический конденсатор"; VariantName = "[No Variations]"
Add component (AddParameter): Name = "name_main"; Value = "CL10C1R5CB8NNNC"; VariantName = "[No Variations]"
Add component (AddParameter): Name = "Units"; Value = "Ф"; VariantName = "[No Variations]"
Add component (AddParameter): Name = "Value"; Value = "1,5п"; VariantName = "[No Variations]"
Added Component: Designator=C6(CAP0805)
Add component (AddParameter): Name = "manufacture"; Value = "ОЖО.460.107ТУ"; VariantName = "[No Variations]"
Add component (AddParameter): Name = "Name"; Value = "Керамический конденсатор"; VariantName = "[No Variations]"
Add component (AddParameter): Name = "name_main"; Value = "GRM21BR60J335K"; VariantName = "[No Variations]"
Add component (AddParameter): Name = "Tolerance"; Value = ""; VariantName = "[No Variations]"
Add component (AddParameter): Name = "Units"; Value = "Ф"; VariantName = "[No Variations]"
Add component (AddParameter): Name = "Value"; Value = "4,7мк"; VariantName = "[No Variations]"
Added Component: Designator=C8(cap0603)
Add component (AddParameter): Name = "manufacture"; Value = "ОЖО.460.107ТУ"; VariantName = "[No Variations]"
Add component (AddParameter): Name = "Name"; Value = "Керамический конденсатор"; VariantName = "[No Variations]"
Add component (AddParameter): Name = "name_main"; Value = "CL10C1R5CB8NNNC"; VariantName = "[No Variations]"
Add component (AddParameter): Name = "Units"; Value = "Ф"; VariantName = "[No Variations]"
Add component (AddParameter): Name = "Value"; Value = "1,5п"; VariantName = "[No Variations]"
Added Component: Designator=C9(cap0603)
Add component (AddParameter): Name = "manufacture"; Value = "ОЖО.460.107ТУ"; VariantName = "[No Variations]"
Add component (AddParameter): Name = "Name"; Value = "Керамический конденсатор"; VariantName = "[No Variations]"
Add component (AddParameter): Name = "name_main"; Value = "CC0603KRX7R7BB105"; VariantName = "[No Variations]"
Add component (AddParameter): Name = "nameSuf"; Value = "-3"; VariantName = "[No Variations]"
Add component (AddParameter): Name = "Units"; Value = "Ф"; VariantName = "[No Variations]"
Add component (AddParameter): Name = "Value"; Value = "1мк"; VariantName = "[No Variations]"
Added Component: Designator=C10(cap0603)
Add component (AddParameter): Name = "manufacture"; Value = "ОЖО.460.107ТУ"; VariantName = "[No Variations]"
Add component (AddParameter): Name = "Name"; Value = "Керамический конденсатор"; VariantName = "[No Variations]"
Add component (AddParameter): Name = "name_main"; Value = "GRM1885C1H101J"; VariantName = "[No Variations]"
Add component (AddParameter): Name = "Units"; Value = "Ф"; VariantName = "[No Variations]"
Add component (AddParameter): Name = "Value"; Value = "100п"; VariantName = "[No Variations]"
Added Component: Designator=C11(cap0603)
Add component (AddParameter): Name = "manufacture"; Value = "ОЖО.460.107ТУ"; VariantName = "[No Variations]"
Add component (AddParameter): Name = "Name"; Value = "Керамический конденсатор"; VariantName = "[No Variations]"
Add component (AddParameter): Name = "name_main"; Value = "CC0603KRX7R7BB105"; VariantName = "[No Variations]"
Add component (AddParameter): Name = "nameSuf"; Value = "-3"; VariantName = "[No Variations]"
Add component (AddParameter): Name = "Units"; Value = "Ф"; VariantName = "[No Variations]"
Add component (AddParameter): Name = "Value"; Value = "1мк"; VariantName = "[No Variations]"
Added Component: Designator=C12(cap0603)
Add component (AddParameter): Name = "manufacture"; Value = "ОЖО.460.107ТУ"; VariantName = "[No Variations]"
Add component (AddParameter): Name = "Name"; Value = "Керамический конденсатор"; VariantName = "[No Variations]"
Add component (AddParameter): Name = "name_main"; Value = "GRM188R71H103K"; VariantName = "[No Variations]"
Add component (AddParameter): Name = "Units"; Value = "Ф"; VariantName = "[No Variations]"
Add component (AddParameter): Name = "Value"; Value = "0,01мк"; VariantName = "[No Variations]"
Added Component: Designator=C13(cap0603)
Add component (AddParameter): Name = "manufacture"; Value = "ОЖО.460.107ТУ"; VariantName = "[No Variations]"
Add component (AddParameter): Name = "Name"; Value = "Керамический конденсатор"; VariantName = "[No Variations]"
Add component (AddParameter): Name = "name_main"; Value = "CC0603KRX7R7BB104"; VariantName = "[No Variations]"
Add component (AddParameter): Name = "nameSuf"; Value = "-3"; VariantName = "[No Variations]"
Add component (AddParameter): Name = "Tolerance"; Value = ""; VariantName = "[No Variations]"
Add component (AddParameter): Name = "Units"; Value = "Ф"; VariantName = "[No Variations]"
Add component (AddParameter): Name = "Value"; Value = "0,1мк"; VariantName = "[No Variations]"
Added Component: Designator=C14(cap0603)
Add component (AddParameter): Name = "manufacture"; Value = "ОЖО.460.107ТУ"; VariantName = "[No Variations]"
Add component (AddParameter): Name = "Name"; Value = "Керамический конденсатор"; VariantName = "[No Variations]"
Add component (AddParameter): Name = "name_main"; Value = "CC0603KRX7R7BB105"; VariantName = "[No Variations]"
Add component (AddParameter): Name = "nameSuf"; Value = "-3"; VariantName = "[No Variations]"
Add component (AddParameter): Name = "Units"; Value = "Ф"; VariantName = "[No Variations]"
Add component (AddParameter): Name = "Value"; Value = "1мк"; VariantName = "[No Variations]"
Added Component: Designator=C15(cap0603)
Add component (AddParameter): Name = "manufacture"; Value = "ОЖО.460.107ТУ"; VariantName = "[No Variations]"
Add component (AddParameter): Name = "Name"; Value = "Керамический конденсатор"; VariantName = "[No Variations]"
Add component (AddParameter): Name = "name_main"; Value = "CL10C100JB8NNNC"; VariantName = "[No Variations]"
Add component (AddParameter): Name = "Units"; Value = "Ф"; VariantName = "[No Variations]"
Add component (AddParameter): Name = "Value"; Value = "10п"; VariantName = "[No Variations]"
Added Component: Designator=C16(cap0603)
Add component (AddParameter): Name = "manufacture"; Value = "ОЖО.460.107ТУ"; VariantName = "[No Variations]"
Add component (AddParameter): Name = "Name"; Value = "Керамический конденсатор"; VariantName = "[No Variations]"
Add component (AddParameter): Name = "name_main"; Value = "GRM188R61A225K"; VariantName = "[No Variations]"
Add component (AddParameter): Name = "Tolerance"; Value = ""; VariantName = "[No Variations]"
Add component (AddParameter): Name = "Units"; Value = "Ф"; VariantName = "[No Variations]"
Add component (AddParameter): Name = "Value"; Value = "2,2мк"; VariantName = "[No Variations]"
Added Component: Designator=C17(CAP0805)
Add component (AddParameter): Name = "manufacture"; Value = "ОЖО.460.107ТУ"; VariantName = "[No Variations]"
Add component (AddParameter): Name = "Name"; Value = "Керамический конденсатор"; VariantName = "[No Variations]"
Add component (AddParameter): Name = "name_main"; Value = "GRM21BR60J335K"; VariantName = "[No Variations]"
Add component (AddParameter): Name = "Tolerance"; Value = ""; VariantName = "[No Variations]"
Add component (AddParameter): Name = "Units"; Value = "Ф"; VariantName = "[No Variations]"
Add component (AddParameter): Name = "Value"; Value = "4,7мк"; VariantName = "[No Variations]"
Added Component: Designator=C18(CAP0805)
Add component (AddParameter): Name = "manufacture"; Value = "ОЖО.460.107ТУ"; VariantName = "[No Variations]"
Add component (AddParameter): Name = "Name"; Value = "Керамический конденсатор"; VariantName = "[No Variations]"
Add component (AddParameter): Name = "name_main"; Value = "GRM21BR60J335K"; VariantName = "[No Variations]"
Add component (AddParameter): Name = "Units"; Value = "Ф"; VariantName = "[No Variations]"
Add component (AddParameter): Name = "Value"; Value = "3,3мк"; VariantName = "[No Variations]"
Added Component: Designator=C19(cap0603)
Add component (AddParameter): Name = "manufacture"; Value = "ОЖО.460.107ТУ"; VariantName = "[No Variations]"
Add component (AddParameter): Name = "Name"; Value = "Керамический конденсатор"; VariantName = "[No Variations]"
Add component (AddParameter): Name = "name_main"; Value = "CC0603KRX7R7BB104"; VariantName = "[No Variations]"
Add component (AddParameter): Name = "nameSuf"; Value = "-3"; VariantName = "[No Variations]"
Add component (AddParameter): Name = "Tolerance"; Value = ""; VariantName = "[No Variations]"
Add component (AddParameter): Name = "Units"; Value = "Ф"; VariantName = "[No Variations]"
Add component (AddParameter): Name = "Value"; Value = "0,1мк"; VariantName = "[No Variations]"
Added Component: Designator=C20(CAP0805)
Add component (AddParameter): Name = "manufacture"; Value = "ОЖО.460.107ТУ"; VariantName = "[No Variations]"
Add component (AddParameter): Name = "Name"; Value = "Керамический конденсатор"; VariantName = "[No Variations]"
Add component (AddParameter): Name = "name_main"; Value = "GRM21BR60J335K"; VariantName = "[No Variations]"
Add component (AddParameter): Name = "Units"; Value = "Ф"; VariantName = "[No Variations]"
Add component (AddParameter): Name = "Value"; Value = "3,3мк"; VariantName = "[No Variations]"
Added Component: Designator=C21(cap0603)
Add component (AddParameter): Name = "manufacture"; Value = "ОЖО.460.107ТУ"; VariantName = "[No Variations]"
Add component (AddParameter): Name = "Name"; Value = "Керамический конденсатор"; VariantName = "[No Variations]"
Add component (AddParameter): Name = "name_main"; Value = "CC0603KRX7R7BB333"; VariantName = "[No Variations]"
Add component (AddParameter): Name = "nameSuf"; Value = "-3"; VariantName = "[No Variations]"
Add component (AddParameter): Name = "Tolerance"; Value = ""; VariantName = "[No Variations]"
Add component (AddParameter): Name = "Units"; Value = "Ф"; VariantName = "[No Variations]"
Add component (AddParameter): Name = "Value"; Value = "33н"; VariantName = "[No Variations]"
Added Component: Designator=C22(cap0603)
Add component (AddParameter): Name = "manufacture"; Value = "ОЖО.460.107ТУ"; VariantName = "[No Variations]"
Add component (AddParameter): Name = "Name"; Value = "Керамический конденсатор"; VariantName = "[No Variations]"
Add component (AddParameter): Name = "name_main"; Value = "CC0603KRX7R7BB105"; VariantName = "[No Variations]"
Add component (AddParameter): Name = "nameSuf"; Value = "-3"; VariantName = "[No Variations]"
Add component (AddParameter): Name = "Units"; Value = "Ф"; VariantName = "[No Variations]"
Add component (AddParameter): Name = "Value"; Value = "1мк"; VariantName = "[No Variations]"
Added Component: Designator=C23(cap0603)
Add component (AddParameter): Name = "manufacture"; Value = "ОЖО.460.107ТУ"; VariantName = "[No Variations]"
Add component (AddParameter): Name = "Name"; Value = "Керамический конденсатор"; VariantName = "[No Variations]"
Add component (AddParameter): Name = "name_main"; Value = "CC0603KRX7R7BB104"; VariantName = "[No Variations]"
Add component (AddParameter): Name = "nameSuf"; Value = "-3"; VariantName = "[No Variations]"
Add component (AddParameter): Name = "Tolerance"; Value = ""; VariantName = "[No Variations]"
Add component (AddParameter): Name = "Units"; Value = "Ф"; VariantName = "[No Variations]"
Add component (AddParameter): Name = "Value"; Value = "0,1мк"; VariantName = "[No Variations]"
Added Component: Designator=C24(CAP0805)
Add component (AddParameter): Name = "manufacture"; Value = "ОЖО.460.107ТУ"; VariantName = "[No Variations]"
Add component (AddParameter): Name = "Name"; Value = "Керамический конденсатор"; VariantName = "[No Variations]"
Add component (AddParameter): Name = "name_main"; Value = "GRM21BR60J335K"; VariantName = "[No Variations]"
Add component (AddParameter): Name = "Units"; Value = "Ф"; VariantName = "[No Variations]"
Add component (AddParameter): Name = "Value"; Value = "3,3мк"; VariantName = "[No Variations]"
Added Component: Designator=C25(cap0603)
Add component (AddParameter): Name = "manufacture"; Value = "ОЖО.460.107ТУ"; VariantName = "[No Variations]"
Add component (AddParameter): Name = "Name"; Value = "Керамический конденсатор"; VariantName = "[No Variations]"
Add component (AddParameter): Name = "name_main"; Value = "CL10B224KA8NNNC"; VariantName = "[No Variations]"
Add component (AddParameter): Name = "Tolerance"; Value = ""; VariantName = "[No Variations]"
Add component (AddParameter): Name = "Units"; Value = "Ф"; VariantName = "[No Variations]"
Add component (AddParameter): Name = "Value"; Value = "220н"; VariantName = "[No Variations]"
Added Component: Designator=C26(cap0603)
Add component (AddParameter): Name = "manufacture"; Value = "ОЖО.460.107ТУ"; VariantName = "[No Variations]"
Add component (AddParameter): Name = "Name"; Value = "Керамический конденсатор"; VariantName = "[No Variations]"
Add component (AddParameter): Name = "name_main"; Value = "GRM188R61C105K"; VariantName = "[No Variations]"
Add component (AddParameter): Name = "Units"; Value = "Ф"; VariantName = "[No Variations]"
Add component (AddParameter): Name = "Value"; Value = "1н"; VariantName = "[No Variations]"
Added Component: Designator=C27(cap0603)
Add component (AddParameter): Name = "manufacture"; Value = "ОЖО.460.107ТУ"; VariantName = "[No Variations]"
Add component (AddParameter): Name = "Name"; Value = "Керамический конденсатор"; VariantName = "[No Variations]"
Add component (AddParameter): Name = "name_main"; Value = "GRM188R71C104KA01D"; VariantName = "[No Variations]"
Add component (AddParameter): Name = "Tolerance"; Value = ""; VariantName = "[No Variations]"
Add component (AddParameter): Name = "Units"; Value = "Ф"; VariantName = "[No Variations]"
Add component (AddParameter): Name = "Value"; Value = "100н"; VariantName = "[No Variations]"
Added Component: Designator=DA1(TPS7A02)
Add component (AddParameter): Name = "name"; Value = "Микросхема"; VariantName = "[No Variations]"
Add component (AddParameter): Name = "name_main"; Value = "TPS7A0218PDBVR"; VariantName = "[No Variations]"
Added Component: Designator=DA2(RSL10)
Added Component: Designator=DA3(ADS7142IRUGT)
Added Component: Designator=DD1(OPA333)
Add component (AddParameter): Name = "name_main"; Value = "OPA333AIDBVR"; VariantName = "[No Variations]"
Added Component: Designator=DD2(OPA333)
Add component (AddParameter): Name = "name_main"; Value = "OPA333AIDBVR"; VariantName = "[No Variations]"
Added Component: Designator=DD3(OPA333)
Add component (AddParameter): Name = "name_main"; Value = "OPA333AIDBVR"; VariantName = "[No Variations]"
Added Component: Designator=G2(XTAL48)
Added Component: Designator=L1(IND0402)
Add component (AddParameter): Name = "Name"; Value = "Катушка индуктивности"; VariantName = "[No Variations]"
Add component (AddParameter): Name = "name_main"; Value = "LQP03TG0N4B02D"; VariantName = "[No Variations]"
Add component (AddParameter): Name = "Units"; Value = "Гн"; VariantName = "[No Variations]"
Add component (AddParameter): Name = "Value"; Value = "0.4н"; VariantName = "[No Variations]"
Added Component: Designator=L2(IND0402)
Add component (AddParameter): Name = "Name"; Value = "Катушка индуктивности"; VariantName = "[No Variations]"
Add component (AddParameter): Name = "name_main"; Value = "LQG15HS1N8S02D"; VariantName = "[No Variations]"
Add component (AddParameter): Name = "Units"; Value = "Гн"; VariantName = "[No Variations]"
Add component (AddParameter): Name = "Value"; Value = "1,8н"; VariantName = "[No Variations]"
Added Component: Designator=L3(MLZ1608M100WT000)
Add component (AddParameter): Name = "Name"; Value = "Катушка индуктивности"; VariantName = "[No Variations]"
Add component (AddParameter): Name = "name_main"; Value = "MLZ1608M100WT000"; VariantName = "[No Variations]"
Add component (AddParameter): Name = "Units"; Value = "Гн"; VariantName = "[No Variations]"
Add component (AddParameter): Name = "Value"; Value = "10мк"; VariantName = "[No Variations]"
Added Component: Designator=L4(IND0402)
Add component (AddParameter): Name = "Name"; Value = "Катушка индуктивности"; VariantName = "[No Variations]"
Add component (AddParameter): Name = "name_main"; Value = "LQG15HS3N0S02D"; VariantName = "[No Variations]"
Add component (AddParameter): Name = "Units"; Value = "Гн"; VariantName = "[No Variations]"
Add component (AddParameter): Name = "Value"; Value = "3н"; VariantName = "[No Variations]"
Added Component: Designator=R1(Res0603)
Add component (AddParameter): Name = "Manufacturer"; Value = "АЛЯР.434110.005ТУ"; VariantName = "[No Variations]"
Add component (AddParameter): Name = "Name"; Value = "Резистор"; VariantName = "[No Variations]"
Add component (AddParameter): Name = "name_main"; Value = "RC0603FR-0710KL"; VariantName = "[No Variations]"
Add component (AddParameter): Name = "nameSuf"; Value = ""; VariantName = "[No Variations]"
Add component (AddParameter): Name = "Tolerance"; Value = "5%"; VariantName = "[No Variations]"
Add component (AddParameter): Name = "Units"; Value = ""; VariantName = "[No Variations]"
Add component (AddParameter): Name = "Value"; Value = "10к"; VariantName = "[No Variations]"
Added Component: Designator=R2(Res0603)
Add component (AddParameter): Name = "Manufacturer"; Value = "АЛЯР.434110.005ТУ"; VariantName = "[No Variations]"
Add component (AddParameter): Name = "Name"; Value = "Резистор"; VariantName = "[No Variations]"
Add component (AddParameter): Name = "name_main"; Value = "RC0603FR-0710KL"; VariantName = "[No Variations]"
Add component (AddParameter): Name = "nameSuf"; Value = ""; VariantName = "[No Variations]"
Add component (AddParameter): Name = "Tolerance"; Value = "5%"; VariantName = "[No Variations]"
Add component (AddParameter): Name = "Units"; Value = ""; VariantName = "[No Variations]"
Add component (AddParameter): Name = "Value"; Value = "10к"; VariantName = "[No Variations]"
Added Component: Designator=R3(Res0603)
Add component (AddParameter): Name = "Name"; Value = "Резистор"; VariantName = "[No Variations]"
Add component (AddParameter): Name = "name_main"; Value = "AC0603FR-0768RL"; VariantName = "[No Variations]"
Add component (AddParameter): Name = "Value"; Value = "68"; VariantName = "[No Variations]"
Added Component: Designator=R4(Res0603)
Add component (AddParameter): Name = "Name"; Value = "Резистор"; VariantName = "[No Variations]"
Add component (AddParameter): Name = "name_main"; Value = "AC0603FR-0768RL"; VariantName = "[No Variations]"
Add component (AddParameter): Name = "Value"; Value = "68"; VariantName = "[No Variations]"
Added Component: Designator=R5(Res0603)
Add component (AddParameter): Name = "Name"; Value = "Резистор"; VariantName = "[No Variations]"
Add component (AddParameter): Name = "name_main"; Value = "AC0603FR-0768RL"; VariantName = "[No Variations]"
Add component (AddParameter): Name = "Value"; Value = "68"; VariantName = "[No Variations]"
Added Component: Designator=R6(Res0603)
Add component (AddParameter): Name = "Manufacturer"; Value = "АЛЯР.434110.005ТУ"; VariantName = "[No Variations]"
Add component (AddParameter): Name = "Name"; Value = "Резистор"; VariantName = "[No Variations]"
Add component (AddParameter): Name = "name_main"; Value = "RC0603FR-0710KL"; VariantName = "[No Variations]"
Add component (AddParameter): Name = "nameSuf"; Value = ""; VariantName = "[No Variations]"
Add component (AddParameter): Name = "Tolerance"; Value = "5%"; VariantName = "[No Variations]"
Add component (AddParameter): Name = "Units"; Value = ""; VariantName = "[No Variations]"
Add component (AddParameter): Name = "Value"; Value = "10к"; VariantName = "[No Variations]"
Added Component: Designator=R7(Res0603)
Add component (AddParameter): Name = "Name"; Value = "Резистор"; VariantName = "[No Variations]"
Add component (AddParameter): Name = "name_main"; Value = "RC0603FR-071ML"; VariantName = "[No Variations]"
Add component (AddParameter): Name = "Tolerance"; Value = "1%"; VariantName = "[No Variations]"
Add component (AddParameter): Name = "Value"; Value = "1M"; VariantName = "[No Variations]"
Added Component: Designator=R8(Res0603)
Add component (AddParameter): Name = "Name"; Value = "Резистор"; VariantName = "[No Variations]"
Add component (AddParameter): Name = "name_main"; Value = "RC0603FR-071ML"; VariantName = "[No Variations]"
Add component (AddParameter): Name = "Value"; Value = "1M"; VariantName = "[No Variations]"
Added Component: Designator=R9(Res0603)
Add component (AddParameter): Name = "Name"; Value = "Резистор"; VariantName = "[No Variations]"
Add component (AddParameter): Name = "name_main"; Value = "RC0603FR-07510KL"; VariantName = "[No Variations]"
Add component (AddParameter): Name = "Value"; Value = "510к"; VariantName = "[No Variations]"
Added Component: Designator=R10(Res0603)
Add component (AddParameter): Name = "Name"; Value = "Резистор"; VariantName = "[No Variations]"
Add component (AddParameter): Name = "name_main"; Value = "RC0603FR-07510KL"; VariantName = "[No Variations]"
Add component (AddParameter): Name = "Value"; Value = "510к"; VariantName = "[No Variations]"
Added Component: Designator=R11(Res0603)
Add component (AddParameter): Name = "Name"; Value = "Резистор"; VariantName = "[No Variations]"
Add component (AddParameter): Name = "name_main"; Value = "RC0603FR-07100KL"; VariantName = "[No Variations]"
Add component (AddParameter): Name = "Units"; Value = ""; VariantName = "[No Variations]"
Add component (AddParameter): Name = "Value"; Value = "100к"; VariantName = "[No Variations]"
Added Component: Designator=R12(Res0603)
Add component (AddParameter): Name = "Name"; Value = "Резистор"; VariantName = "[No Variations]"
Add component (AddParameter): Name = "name_main"; Value = "RC0603FR-071ML"; VariantName = "[No Variations]"
Add component (AddParameter): Name = "Tolerance"; Value = "1%"; VariantName = "[No Variations]"
Add component (AddParameter): Name = "Value"; Value = "1М"; VariantName = "[No Variations]"
Added Component: Designator=R13(Res0603)
Add component (AddParameter): Name = "Manufacturer"; Value = "АЛЯР.434110.005ТУ"; VariantName = "[No Variations]"
Add component (AddParameter): Name = "Name"; Value = "Резистор"; VariantName = "[No Variations]"
Add component (AddParameter): Name = "name_main"; Value = "RC0603FR-0710KL"; VariantName = "[No Variations]"
Add component (AddParameter): Name = "nameSuf"; Value = ""; VariantName = "[No Variations]"
Add component (AddParameter): Name = "Tolerance"; Value = "5%"; VariantName = "[No Variations]"
Add component (AddParameter): Name = "Units"; Value = ""; VariantName = "[No Variations]"
Add component (AddParameter): Name = "Value"; Value = "10к"; VariantName = "[No Variations]"
Added Component: Designator=R14(Res0603)
Add component (AddParameter): Name = "Name"; Value = "Резистор"; VariantName = "[No Variations]"
Add component (AddParameter): Name = "name_main"; Value = "RC0603JR-0710RL"; VariantName = "[No Variations]"
Add component (AddParameter): Name = "Tolerance"; Value = "5%"; VariantName = "[No Variations]"
Add component (AddParameter): Name = "Value"; Value = "10"; VariantName = "[No Variations]"
Added Component: Designator=R15(Res0603)
Add component (AddParameter): Name = "Manufacturer"; Value = "АЛЯР.434110.005ТУ"; VariantName = "[No Variations]"
Add component (AddParameter): Name = "Name"; Value = "Резистор"; VariantName = "[No Variations]"
Add component (AddParameter): Name = "name_main"; Value = "RC0603FR-0710KL"; VariantName = "[No Variations]"
Add component (AddParameter): Name = "nameSuf"; Value = ""; VariantName = "[No Variations]"
Add component (AddParameter): Name = "Tolerance"; Value = "5%"; VariantName = "[No Variations]"
Add component (AddParameter): Name = "Units"; Value = ""; VariantName = "[No Variations]"
Add component (AddParameter): Name = "Value"; Value = "10к"; VariantName = "[No Variations]"
Added Component: Designator=R16(Res0603)
Add component (AddParameter): Name = "Manufacturer"; Value = "АЛЯР.434110.005ТУ"; VariantName = "[No Variations]"
Add component (AddParameter): Name = "Name"; Value = "Резистор"; VariantName = "[No Variations]"
Add component (AddParameter): Name = "name_main"; Value = "RC0603FR-0710KL"; VariantName = "[No Variations]"
Add component (AddParameter): Name = "nameSuf"; Value = ""; VariantName = "[No Variations]"
Add component (AddParameter): Name = "Tolerance"; Value = "5%"; VariantName = "[No Variations]"
Add component (AddParameter): Name = "Units"; Value = ""; VariantName = "[No Variations]"
Add component (AddParameter): Name = "Value"; Value = "10к"; VariantName = "[No Variations]"
Added Component: Designator=R17(Res0603)
Add component (AddParameter): Name = "Manufacturer"; Value = "АЛЯР.434110.005ТУ"; VariantName = "[No Variations]"
Add component (AddParameter): Name = "Name"; Value = "Резистор"; VariantName = "[No Variations]"
Add component (AddParameter): Name = "name_main"; Value = "RC0603FR-0710KL"; VariantName = "[No Variations]"
Add component (AddParameter): Name = "nameSuf"; Value = ""; VariantName = "[No Variations]"
Add component (AddParameter): Name = "Tolerance"; Value = "5%"; VariantName = "[No Variations]"
Add component (AddParameter): Name = "Units"; Value = ""; VariantName = "[No Variations]"
Add component (AddParameter): Name = "Value"; Value = "10к"; VariantName = "[No Variations]"
Added Component: Designator=R18(Res0603)
Add component (AddParameter): Name = "Name"; Value = "Резистор"; VariantName = "[No Variations]"
Add component (AddParameter): Name = "name_main"; Value = "RC0603JR-0710RL"; VariantName = "[No Variations]"
Add component (AddParameter): Name = "Tolerance"; Value = "5%"; VariantName = "[No Variations]"
Add component (AddParameter): Name = "Value"; Value = "10"; VariantName = "[No Variations]"
Added Component: Designator=R19(Res0603)
Add component (AddParameter): Name = "Name"; Value = "Резистор"; VariantName = "[No Variations]"
Add component (AddParameter): Name = "name_main"; Value = "RC0603FR-07100KL"; VariantName = "[No Variations]"
Add component (AddParameter): Name = "Units"; Value = ""; VariantName = "[No Variations]"
Add component (AddParameter): Name = "Value"; Value = "100к"; VariantName = "[No Variations]"
Added Component: Designator=R20(Res0603)
Add component (AddParameter): Name = "Manufacturer"; Value = "АЛЯР.434110.005ТУ"; VariantName = "[No Variations]"
Add component (AddParameter): Name = "Name"; Value = "Резистор"; VariantName = "[No Variations]"
Add component (AddParameter): Name = "name_main"; Value = "RC0603FR-070RL"; VariantName = "[No Variations]"
Add component (AddParameter): Name = "nameSuf"; Value = ""; VariantName = "[No Variations]"
Add component (AddParameter): Name = "Tolerance"; Value = "5%"; VariantName = "[No Variations]"
Add component (AddParameter): Name = "Units"; Value = ""; VariantName = "[No Variations]"
Add component (AddParameter): Name = "Value"; Value = "0"; VariantName = "[No Variations]"
Added Component: Designator=R21(Res0603)
Add component (AddParameter): Name = "Manufacturer"; Value = "АЛЯР.434110.005ТУ"; VariantName = "[No Variations]"
Add component (AddParameter): Name = "Name"; Value = "Резистор"; VariantName = "[No Variations]"
Add component (AddParameter): Name = "name_main"; Value = "RC0603FR-070RL"; VariantName = "[No Variations]"
Add component (AddParameter): Name = "nameSuf"; Value = ""; VariantName = "[No Variations]"
Add component (AddParameter): Name = "Tolerance"; Value = "5%"; VariantName = "[No Variations]"
Add component (AddParameter): Name = "Units"; Value = ""; VariantName = "[No Variations]"
Add component (AddParameter): Name = "Value"; Value = "0"; VariantName = "[No Variations]"
Added Component: Designator=R22(Res0603)
Add component (AddParameter): Name = "Manufacturer"; Value = "АЛЯР.434110.005ТУ"; VariantName = "[No Variations]"
Add component (AddParameter): Name = "Name"; Value = "Резистор"; VariantName = "[No Variations]"
Add component (AddParameter): Name = "name_main"; Value = "Р1-12-0,1-"; VariantName = "[No Variations]"
Add component (AddParameter): Name = "nameSuf"; Value = ""; VariantName = "[No Variations]"
Add component (AddParameter): Name = "Tolerance"; Value = "5%"; VariantName = "[No Variations]"
Add component (AddParameter): Name = "Units"; Value = ""; VariantName = "[No Variations]"
Add component (AddParameter): Name = "Value"; Value = "DNP"; VariantName = "[No Variations]"
Added Component: Designator=R23(Res0603)
Add component (AddParameter): Name = "Name"; Value = "Резистор"; VariantName = "[No Variations]"
Add component (AddParameter): Name = "name_main"; Value = "RC0603FR-0710ML"; VariantName = "[No Variations]"
Add component (AddParameter): Name = "Units"; Value = ""; VariantName = "[No Variations]"
Add component (AddParameter): Name = "Value"; Value = "10М"; VariantName = "[No Variations]"
Added Component: Designator=T1(TestPoint)
Added Component: Designator=T2(TestPoint)
Added Component: Designator=T3(TestPoint)
Added Component: Designator=VD2(LED1206)
Add component (AddParameter): Name = "manufacture"; Value = "аА0.339.189ТУ"; VariantName = "[No Variations]"
Add component (AddParameter): Name = "Name"; Value = "Индикатор"; VariantName = "[No Variations]"
Add component (AddParameter): Name = "Name_main"; Value = "15412094A9000"; VariantName = "[No Variations]"
Added Component: Designator=VT1(Mosfet)
Added Component: Designator=X1(PSL_4)
Add component (AddParameter): Name = "manufacture"; Value = "БСАР.430420.014ТУ"; VariantName = "[No Variations]"
Add component (AddParameter): Name = "name"; Value = "Разъемы"; VariantName = "[No Variations]"
Add component (AddParameter): Name = "name_main"; Value = "PLS-6"; VariantName = "[No Variations]"
Added Component: Designator=ZQ1(XTAL32)
Added Pin To Net: NetName=NetA1_1 Pin=A1-1
Added Pin To Net: NetName=NetA1_1 Pin=A1-1
Added Pin To Net: NetName=NetA1_1 Pin=A1-1
Added Pin To Net: NetName=NetA1_1 Pin=A1-1
Added Pin To Net: NetName=NetA1_1 Pin=A1-1
Added Pin To Net: NetName=NetA1_1 Pin=A1-1
Added Pin To Net: NetName=NetA1_1 Pin=A1-1
Added Pin To Net: NetName=NetA1_1 Pin=A1-1
Added Pin To Net: NetName=NetA1_1 Pin=A1-1
Added Pin To Net: NetName=NetA1_1 Pin=A1-1
Added Pin To Net: NetName=NetA1_1 Pin=A1-1
Added Pin To Net: NetName=NetA1_1 Pin=A1-1
Added Pin To Net: NetName=NetA1_1 Pin=A1-1
Added Pin To Net: NetName=NetA1_1 Pin=A1-1
Added Pin To Net: NetName=NetA1_1 Pin=A1-1
Added Pin To Net: NetName=NetA1_1 Pin=A1-1
Added Pin To Net: NetName=GND Pin=C1-1
Added Pin To Net: NetName=GND Pin=C2-1
Added Pin To Net: NetName=NetA1_1 Pin=C2-2
Added Pin To Net: NetName=NetA1_1 Pin=C3-2
Added Pin To Net: NetName=GND Pin=C5-1
Added Pin To Net: NetName=GND Pin=C6-1
Added Pin To Net: NetName=1V8 Pin=C6-2
Added Pin To Net: NetName=GND Pin=C8-1
Added Pin To Net: NetName=NetC9_1 Pin=C9-1
Added Pin To Net: NetName=NetC9_2 Pin=C9-2
Added Pin To Net: NetName=GND Pin=C10-1
Added Pin To Net: NetName=1V8 Pin=C10-2
Added Pin To Net: NetName=GND Pin=C11-1
Added Pin To Net: NetName=1V8 Pin=C11-2
Added Pin To Net: NetName=GND Pin=C12-1
Added Pin To Net: NetName=GND Pin=C13-1
Added Pin To Net: NetName=1V8 Pin=C13-2
Added Pin To Net: NetName=GND Pin=C14-1
Added Pin To Net: NetName=NetC14_2 Pin=C14-2
Added Pin To Net: NetName=GND Pin=C16-1
Added Pin To Net: NetName=GND Pin=C17-1
Added Pin To Net: NetName=NetC17_2 Pin=C17-2
Added Pin To Net: NetName=NetC18_2 Pin=C18-2
Added Pin To Net: NetName=GND Pin=C19-1
Added Pin To Net: NetName=1V8 Pin=C19-2
Added Pin To Net: NetName=NetC20_1 Pin=C20-1
Added Pin To Net: NetName=GND Pin=C20-2
Added Pin To Net: NetName=NetC21_1 Pin=C21-1
Added Pin To Net: NetName=GND Pin=C22-1
Added Pin To Net: NetName=NetC22_2 Pin=C22-2
Added Pin To Net: NetName=GND Pin=C23-1
Added Pin To Net: NetName=1V8 Pin=C23-2
Added Pin To Net: NetName=GND Pin=C24-2
Added Pin To Net: NetName=GND Pin=C25-1
Added Pin To Net: NetName=1V8 Pin=C25-2
Added Pin To Net: NetName=NetC26_1 Pin=C26-1
Added Pin To Net: NetName=NetC26_2 Pin=C26-2
Added Pin To Net: NetName=GND Pin=C27-1
Added Pin To Net: NetName=1V8 Pin=C27-2
Added Pin To Net: NetName=GND Pin=DA1-2
Added Pin To Net: NetName=GND Pin=DA2-3
Added Pin To Net: NetName=NetC14_2 Pin=DA2-5
Added Pin To Net: NetName=NetC9_2 Pin=DA2-6
Added Pin To Net: NetName=NetC9_1 Pin=DA2-7
Added Pin To Net: NetName=GND Pin=DA2-8
Added Pin To Net: NetName=1V8 Pin=DA2-9
Added Pin To Net: NetName=NetC17_2 Pin=DA2-12
Added Pin To Net: NetName=SCL Pin=DA2-18
Added Pin To Net: NetName=SDA Pin=DA2-20
Added Pin To Net: NetName=A\L\E\R\T\ Pin=DA2-23
Added Pin To Net: NetName=LED Pin=DA2-24
Added Pin To Net: NetName=BUSY Pin=DA2-25
Added Pin To Net: NetName=GND Pin=DA2-28
Added Pin To Net: NetName=GND Pin=DA2-35
Added Pin To Net: NetName=1V8 Pin=DA2-36
Added Pin To Net: NetName=GND Pin=DA2-42
Added Pin To Net: NetName=GND Pin=DA2-46
Added Pin To Net: NetName=1V8 Pin=DA3-1
Added Pin To Net: NetName=NetC26_1 Pin=DA3-2
Added Pin To Net: NetName=BUSY Pin=DA3-5
Added Pin To Net: NetName=A\L\E\R\T\ Pin=DA3-6
Added Pin To Net: NetName=SDA Pin=DA3-7
Added Pin To Net: NetName=SCL Pin=DA3-8
Added Pin To Net: NetName=1V8 Pin=DA3-9
Added Pin To Net: NetName=GND Pin=DA3-10
Added Pin To Net: NetName=GND Pin=DD1-2
Added Pin To Net: NetName=1V8 Pin=DD1-5
Added Pin To Net: NetName=NetC18_2 Pin=DD2-1
Added Pin To Net: NetName=GND Pin=DD2-2
Added Pin To Net: NetName=NetC21_1 Pin=DD2-4
Added Pin To Net: NetName=1V8 Pin=DD2-5
Added Pin To Net: NetName=NetC22_2 Pin=DD3-1
Added Pin To Net: NetName=GND Pin=DD3-2
Added Pin To Net: NetName=NetC26_2 Pin=DD3-3
Added Pin To Net: NetName=NetC26_1 Pin=DD3-4
Added Pin To Net: NetName=1V8 Pin=DD3-5
Added Pin To Net: NetName=GND Pin=G2-2
Added Pin To Net: NetName=GND Pin=G2-4
Added Pin To Net: NetName=GND Pin=L1-1
Added Pin To Net: NetName=NetA1_1 Pin=L1-2
Added Pin To Net: NetName=1V8 Pin=L3-2
Added Pin To Net: NetName=1V8 Pin=R1-1
Added Pin To Net: NetName=1V8 Pin=R2-1
Added Pin To Net: NetName=1V8 Pin=R6-1
Added Pin To Net: NetName=GND Pin=R7-1
Added Pin To Net: NetName=NetC18_2 Pin=R9-1
Added Pin To Net: NetName=1V8 Pin=R9-2
Added Pin To Net: NetName=GND Pin=R10-1
Added Pin To Net: NetName=NetC18_2 Pin=R10-2
Added Pin To Net: NetName=NetC20_1 Pin=R11-2
Added Pin To Net: NetName=NetC21_1 Pin=R12-1
Added Pin To Net: NetName=1V8 Pin=R13-1
Added Pin To Net: NetName=A\L\E\R\T\ Pin=R13-2
Added Pin To Net: NetName=LED Pin=R14-2
Added Pin To Net: NetName=1V8 Pin=R15-1
Added Pin To Net: NetName=SDA Pin=R15-2
Added Pin To Net: NetName=1V8 Pin=R16-1
Added Pin To Net: NetName=SCL Pin=R16-2
Added Pin To Net: NetName=NetC22_2 Pin=R17-1
Added Pin To Net: NetName=NetC21_1 Pin=R17-2
Added Pin To Net: NetName=1V8 Pin=R18-2
Added Pin To Net: NetName=NetC26_2 Pin=R19-1
Added Pin To Net: NetName=1V8 Pin=R20-1
Added Pin To Net: NetName=GND Pin=R21-2
Added Pin To Net: NetName=GND Pin=R22-2
Added Pin To Net: NetName=NetC26_1 Pin=R23-1
Added Pin To Net: NetName=NetC26_2 Pin=R23-2
Added Pin To Net: NetName=NetC21_1 Pin=T2-T
Added Pin To Net: NetName=NetC26_1 Pin=T3-T
Added Pin To Net: NetName=GND Pin=VT1-2
Added Pin To Net: NetName=GND Pin=X1-4
Added Pin To Net: NetName=NetC1_2 Pin=C1-2
Added Pin To Net: NetName=NetC1_2 Pin=DA1-1
Added Pin To Net: NetName=NetC1_2 Pin=DA1-3
Added Net: Name=NetC1_2
Added Pin To Net: NetName=NetC3_1 Pin=C3-1
Added Pin To Net: NetName=NetC3_1 Pin=L2-1
Added Net: Name=NetC3_1
Added Pin To Net: NetName=NetC4_1 Pin=DA1-5
Added Pin To Net: NetName=NetC4_1 Pin=L3-1
Added Net: Name=NetC4_1
Added Pin To Net: NetName=NetC5_2 Pin=C5-2
Added Pin To Net: NetName=NetC5_2 Pin=L2-2
Added Pin To Net: NetName=NetC5_2 Pin=L4-1
Added Net: Name=NetC5_2
Added Pin To Net: NetName=NetC8_2 Pin=C8-2
Added Pin To Net: NetName=NetC8_2 Pin=DA2-1
Added Pin To Net: NetName=NetC8_2 Pin=L4-2
Added Net: Name=NetC8_2
Added Pin To Net: NetName=NetC12_2 Pin=C12-2
Added Pin To Net: NetName=NetC12_2 Pin=DD1-1
Added Pin To Net: NetName=NetC12_2 Pin=R7-2
Added Net: Name=NetC12_2
Added Pin To Net: NetName=NetC15_1 Pin=C15-1
Added Pin To Net: NetName=NetC15_1 Pin=DD1-3
Added Pin To Net: NetName=NetC15_1 Pin=R8-1
Added Net: Name=NetC15_1
Added Pin To Net: NetName=NetC15_2 Pin=C15-2
Added Pin To Net: NetName=NetC15_2 Pin=C18-1
Added Pin To Net: NetName=NetC15_2 Pin=DD1-4
Added Pin To Net: NetName=NetC15_2 Pin=R8-2
Added Pin To Net: NetName=NetC15_2 Pin=T1-T
Added Net: Name=NetC15_2
Added Pin To Net: NetName=NetC16_2 Pin=C16-2
Added Pin To Net: NetName=NetC16_2 Pin=DA2-48
Added Net: Name=NetC16_2
Added Pin To Net: NetName=NetC21_2 Pin=C21-2
Added Pin To Net: NetName=NetC21_2 Pin=DD2-3
Added Pin To Net: NetName=NetC21_2 Pin=R11-1
Added Pin To Net: NetName=NetC21_2 Pin=R12-2
Added Net: Name=NetC21_2
Added Pin To Net: NetName=NetC24_1 Pin=C24-1
Added Pin To Net: NetName=NetC24_1 Pin=R19-2
Added Net: Name=NetC24_1
Added Pin To Net: NetName=NetDA2_13 Pin=DA2-13
Added Pin To Net: NetName=NetDA2_13 Pin=ZQ1-2
Added Net: Name=NetDA2_13
Added Pin To Net: NetName=NetDA2_14 Pin=DA2-14
Added Pin To Net: NetName=NetDA2_14 Pin=ZQ1-1
Added Net: Name=NetDA2_14
Added Pin To Net: NetName=NetDA2_16 Pin=DA2-16
Added Pin To Net: NetName=NetDA2_16 Pin=R3-1
Added Net: Name=NetDA2_16
Added Pin To Net: NetName=NetDA2_33 Pin=DA2-33
Added Pin To Net: NetName=NetDA2_33 Pin=R4-1
Added Net: Name=NetDA2_33
Added Pin To Net: NetName=NetDA2_34 Pin=DA2-34
Added Pin To Net: NetName=NetDA2_34 Pin=R5-1
Added Net: Name=NetDA2_34
Added Pin To Net: NetName=NetDA2_43 Pin=DA2-43
Added Pin To Net: NetName=NetDA2_43 Pin=G2-3
Added Net: Name=NetDA2_43
Added Pin To Net: NetName=NetDA2_44 Pin=DA2-44
Added Pin To Net: NetName=NetDA2_44 Pin=G2-1
Added Net: Name=NetDA2_44
Added Pin To Net: NetName=NetDA2_45 Pin=DA2-45
Added Pin To Net: NetName=NetDA2_45 Pin=DA2-47
Added Net: Name=NetDA2_45
Added Pin To Net: NetName=NetDA3_3 Pin=DA3-3
Added Pin To Net: NetName=NetDA3_3 Pin=R21-1
Added Net: Name=NetDA3_3
Added Pin To Net: NetName=NetDA3_4 Pin=DA3-4
Added Pin To Net: NetName=NetDA3_4 Pin=R20-2
Added Pin To Net: NetName=NetDA3_4 Pin=R22-1
Added Net: Name=NetDA3_4
Added Pin To Net: NetName=NetR1_2 Pin=R1-2
Added Pin To Net: NetName=NetR1_2 Pin=R5-2
Added Pin To Net: NetName=NetR1_2 Pin=X1-3
Added Net: Name=NetR1_2
Added Pin To Net: NetName=NetR2_2 Pin=R2-2
Added Pin To Net: NetName=NetR2_2 Pin=R4-2
Added Pin To Net: NetName=NetR2_2 Pin=X1-2
Added Net: Name=NetR2_2
Added Pin To Net: NetName=NetR3_2 Pin=R3-2
Added Pin To Net: NetName=NetR3_2 Pin=R6-2
Added Pin To Net: NetName=NetR3_2 Pin=X1-1
Added Net: Name=NetR3_2
Added Pin To Net: NetName=NetR14_1 Pin=R14-1
Added Pin To Net: NetName=NetR14_1 Pin=VT1-1
Added Net: Name=NetR14_1
Added Pin To Net: NetName=NetR18_1 Pin=R18-1
Added Pin To Net: NetName=NetR18_1 Pin=VD2-A
Added Net: Name=NetR18_1
Added Pin To Net: NetName=NetVD2_K Pin=VD2-K
Added Pin To Net: NetName=NetVD2_K Pin=VT1-3
Added Net: Name=NetVD2_K
Added Member To Class: ClassName=Course Member=Component A1 Обозначение при заказе
Added Member To Class: ClassName=Course Member=Component C1 1мк
Added Member To Class: ClassName=Course Member=Component C2 10п
Added Member To Class: ClassName=Course Member=Component C3 1п
Added Member To Class: ClassName=Course Member=Component C5 1,5п
Added Member To Class: ClassName=Course Member=Component C6 4,7мк
Added Member To Class: ClassName=Course Member=Component C8 1,5п
Added Member To Class: ClassName=Course Member=Component C9 1мк
Added Member To Class: ClassName=Course Member=Component C10 100п
Added Member To Class: ClassName=Course Member=Component C11 1мк
Added Member To Class: ClassName=Course Member=Component C12 0,01мк
Added Member To Class: ClassName=Course Member=Component C13 0,1мк
Added Member To Class: ClassName=Course Member=Component C14 1мк
Added Member To Class: ClassName=Course Member=Component C15 10п
Added Member To Class: ClassName=Course Member=Component C16 2,2мк
Added Member To Class: ClassName=Course Member=Component C17 4,7мк
Added Member To Class: ClassName=Course Member=Component C18 3,3мк
Added Member To Class: ClassName=Course Member=Component C19 0,1мк
Added Member To Class: ClassName=Course Member=Component C20 3,3мк
Added Member To Class: ClassName=Course Member=Component C21 33н
Added Member To Class: ClassName=Course Member=Component C22 1мк
Added Member To Class: ClassName=Course Member=Component C23 0,1мк
Added Member To Class: ClassName=Course Member=Component C24 3,3мк
Added Member To Class: ClassName=Course Member=Component C25 220н
Added Member To Class: ClassName=Course Member=Component C26 1н
Added Member To Class: ClassName=Course Member=Component C27 100н
Added Member To Class: ClassName=Course Member=Component DA1 TPS7A0218PDBVR
Added Member To Class: ClassName=Course Member=Component DA2 RSL10
Added Member To Class: ClassName=Course Member=Component DA3 ADC
Added Member To Class: ClassName=Course Member=Component DD1 operational amplifier_2
Added Member To Class: ClassName=Course Member=Component DD2 operational amplifier_1
Added Member To Class: ClassName=Course Member=Component DD3 operational amplifier_1
Added Member To Class: ClassName=Course Member=Component G2 Обозначение при заказе
Added Member To Class: ClassName=Course Member=Component L1 0.4н
Added Member To Class: ClassName=Course Member=Component L2 1,8н
Added Member To Class: ClassName=Course Member=Component L3 10мк
Added Member To Class: ClassName=Course Member=Component L4 3н
Added Member To Class: ClassName=Course Member=Component R1 10к
Added Member To Class: ClassName=Course Member=Component R2 10к
Added Member To Class: ClassName=Course Member=Component R3 68
Added Member To Class: ClassName=Course Member=Component R4 68
Added Member To Class: ClassName=Course Member=Component R5 68
Added Member To Class: ClassName=Course Member=Component R6 10к
Added Member To Class: ClassName=Course Member=Component R7 1M
Added Member To Class: ClassName=Course Member=Component R8 1M
Added Member To Class: ClassName=Course Member=Component R9 510к
Added Member To Class: ClassName=Course Member=Component R10 510к
Added Member To Class: ClassName=Course Member=Component R11 100к
Added Member To Class: ClassName=Course Member=Component R12 1М
Added Member To Class: ClassName=Course Member=Component R13 10к
Added Member To Class: ClassName=Course Member=Component R14 10
Added Member To Class: ClassName=Course Member=Component R15 10к
Added Member To Class: ClassName=Course Member=Component R16 10к
Added Member To Class: ClassName=Course Member=Component R17 10к
Added Member To Class: ClassName=Course Member=Component R18 10
Added Member To Class: ClassName=Course Member=Component R19 100к
Added Member To Class: ClassName=Course Member=Component R20 0
Added Member To Class: ClassName=Course Member=Component R21 0
Added Member To Class: ClassName=Course Member=Component R22 DNP
Added Member To Class: ClassName=Course Member=Component R23 10М
Added Member To Class: ClassName=Course Member=Component T1 TestPoint
Added Member To Class: ClassName=Course Member=Component T2 TestPoint
Added Member To Class: ClassName=Course Member=Component T3 TestPoint
Added Member To Class: ClassName=Course Member=Component VD2 15412094A9000аА0.339.189ТУ
Added Member To Class: ClassName=Course Member=Component VT1 RU1J002YNTCL
Added Member To Class: ClassName=Course Member=Component X1 PLS-6БСАР.430420.014ТУ
Added Member To Class: ClassName=Course Member=Component ZQ1 Обозначение при заказе
Added Room: Name=Course
