Removed Pin From Net: NetName=1V8 Pin=DA3-1
Removed Pin From Net: NetName=NetC26_1 Pin=DA3-2
Removed Pin From Net: NetName=BUSY Pin=DA3-5
Removed Pin From Net: NetName=A\L\E\R\T\ Pin=DA3-6
Removed Pin From Net: NetName=SDA Pin=DA3-7
Removed Pin From Net: NetName=SCL Pin=DA3-8
Removed Pin From Net: NetName=1V8 Pin=DA3-9
Removed Pin From Net: NetName=GND Pin=DA3-10
Removed Member From Class: ClassName=Course Member=ZQ1
Change Component Footprint: Designator=C6 Old Footprint=CAP0805 New Footprint=cap0603
Change Component Footprint: Designator=C17 Old Footprint=CAP0805 New Footprint=cap0603
Change Component Footprint: Designator=C18 Old Footprint=CAP0805 New Footprint=cap0603
Change Component Footprint: Designator=C20 Old Footprint=CAP0805 New Footprint=cap0603
Change Component Footprint: Designator=C24 Old Footprint=CAP0805 New Footprint=cap0603
Change Component Footprint: Designator=L3 Old Footprint=MLZ1608M100WT000 New Footprint=IND0402
Change Component Comment : Designator=L1 Old Comment=0.4н New Comment=0,4н
Change Component Designator: OldDesignator=C1 NewDesignator=C3
Change Component Designator: OldDesignator=C2 NewDesignator=C1
Change Component Designator: OldDesignator=C3 NewDesignator=C2
Change Component Designator: OldDesignator=C5 NewDesignator=C4
Change Component Designator: OldDesignator=C6 NewDesignator=C5
Change Component Designator: OldDesignator=C8 NewDesignator=C6
Change Component Designator: OldDesignator=C9 NewDesignator=C8
Change Component Designator: OldDesignator=C10 NewDesignator=C9
Change Component Designator: OldDesignator=C11 NewDesignator=C10
Change Component Designator: OldDesignator=C13 NewDesignator=C16
Change Component Designator: OldDesignator=C14 NewDesignator=C13
Change Component Designator: OldDesignator=C15 NewDesignator=C17
Change Component Designator: OldDesignator=C16 NewDesignator=C14
Change Component Designator: OldDesignator=C17 NewDesignator=C15
Change Component Designator: OldDesignator=L3 NewDesignator=L4
Change Component Designator: OldDesignator=L4 NewDesignator=L3
Change Component Kind : Designator=R22 Old Kind=Standard (No BOM) New Kind=Standard
Change component parameters: Designator = "L2" ("L2"); Footprint = "IND0402"; UniqueID = "\GEMZEVKC" ("\GEMZEVKC")
Change component parameters (AddParameter): Name = "Name"; Value = "Катушка индуктивности"; VariantName = "[No Variations]"
Change component parameters (AddParameter): Name = "name_main"; Value = "MLZ1608M100WT000"; VariantName = "[No Variations]"
Change component parameters (AddParameter): Name = "Units"; Value = "Гн"; VariantName = "[No Variations]"
Change component parameters (AddParameter): Name = "Value"; Value = "1,8н"; VariantName = "[No Variations]"
Change component parameters: Designator = "L4" ("L3"); Footprint = "IND0402"; UniqueID = "\WYYHAJHH" ("\WYYHAJHH")
Change component parameters (AddParameter): Name = "Name"; Value = "Катушка индуктивности"; VariantName = "[No Variations]"
Change component parameters (AddParameter): Name = "name_main"; Value = "MLZ1608M100WT000"; VariantName = "[No Variations]"
Change component parameters (AddParameter): Name = "Units"; Value = "Гн"; VariantName = "[No Variations]"
Change component parameters (AddParameter): Name = "Value"; Value = "3н"; VariantName = "[No Variations]"
Change component parameters: Designator = "DD1" ("DD1"); Footprint = "OPA333"; UniqueID = "\VLXPJATQ" ("\VLXPJATQ")
Change component parameters (AddParameter): Name = "main_name"; Value = "OPA333AIDBVR"; VariantName = "[No Variations]"
Change component parameters: Designator = "DD2" ("DD2"); Footprint = "OPA333"; UniqueID = "\TNVBPFYH" ("\TNVBPFYH")
Change component parameters (AddParameter): Name = "main_name"; Value = "OPA333AIDBVR"; VariantName = "[No Variations]"
Change component parameters: Designator = "DD3" ("DD3"); Footprint = "OPA333"; UniqueID = "\PVUGXCTD" ("\PVUGXCTD")
Change component parameters (AddParameter): Name = "main_name"; Value = "OPA333AIDBVR"; VariantName = "[No Variations]"
Change component parameters: Designator = "R11" ("R11"); Footprint = "Res0603"; UniqueID = "\MYWQKHKT" ("\MYWQKHKT")
Change component parameters (AddParameter): Name = "Manufacturer"; Value = "АЛЯР.434110.005ТУ"; VariantName = "[No Variations]"
Change component parameters (AddParameter): Name = "Name"; Value = "Резистор"; VariantName = "[No Variations]"
Change component parameters (AddParameter): Name = "name_main"; Value = "RC0603FR-07100KL"; VariantName = "[No Variations]"
Change component parameters (AddParameter): Name = "nameSuf"; Value = ""; VariantName = "[No Variations]"
Change component parameters (AddParameter): Name = "Units"; Value = ""; VariantName = "[No Variations]"
Change component parameters (AddParameter): Name = "Value"; Value = "100к"; VariantName = "[No Variations]"
Change component parameters: Designator = "R19" ("R19"); Footprint = "Res0603"; UniqueID = "\EHKDOVLD" ("\EHKDOVLD")
Change component parameters (AddParameter): Name = "Manufacturer"; Value = "АЛЯР.434110.005ТУ"; VariantName = "[No Variations]"
Change component parameters (AddParameter): Name = "Name"; Value = "Резистор"; VariantName = "[No Variations]"
Change component parameters (AddParameter): Name = "name_main"; Value = "RC0603FR-07100KL"; VariantName = "[No Variations]"
Change component parameters (AddParameter): Name = "nameSuf"; Value = ""; VariantName = "[No Variations]"
Change component parameters (AddParameter): Name = "Units"; Value = ""; VariantName = "[No Variations]"
Change component parameters (AddParameter): Name = "Value"; Value = "100к"; VariantName = "[No Variations]"
Change component parameters: Designator = "R23" ("R23"); Footprint = "Res0603"; UniqueID = "\YAQXPTAW" ("\YAQXPTAW")
Change component parameters (AddParameter): Name = "Manufacturer"; Value = "АЛЯР.434110.005ТУ"; VariantName = "[No Variations]"
Change component parameters (AddParameter): Name = "Name"; Value = "Резистор"; VariantName = "[No Variations]"
Change component parameters (AddParameter): Name = "name_main"; Value = "RC0603FR-0710ML"; VariantName = "[No Variations]"
Change component parameters (AddParameter): Name = "nameSuf"; Value = ""; VariantName = "[No Variations]"
Change component parameters (AddParameter): Name = "Units"; Value = ""; VariantName = "[No Variations]"
Change component parameters (AddParameter): Name = "Value"; Value = "10М"; VariantName = "[No Variations]"
Change component parameters: Designator = "L1" ("L1"); Footprint = "IND0402"; UniqueID = "\CIBRYFCH" ("\CIBRYFCH")
Change component parameters (AddParameter): Name = "Name"; Value = "Катушка индуктивности"; VariantName = "[No Variations]"
Change component parameters (AddParameter): Name = "name_main"; Value = "MLZ1608M100WT000"; VariantName = "[No Variations]"
Change component parameters (AddParameter): Name = "Units"; Value = "Гн"; VariantName = "[No Variations]"
Change component parameters (AddParameter): Name = "Value"; Value = "0,4н"; VariantName = "[No Variations]"
Change component parameters: Designator = "R3" ("R3"); Footprint = "Res0603"; UniqueID = "\OYGFRVMW" ("\OYGFRVMW")
Change component parameters (AddParameter): Name = "Manufacturer"; Value = "АЛЯР.434110.005ТУ"; VariantName = "[No Variations]"
Change component parameters (AddParameter): Name = "Name"; Value = "Резистор"; VariantName = "[No Variations]"
Change component parameters (AddParameter): Name = "name_main"; Value = "AC0603FR-0768RL"; VariantName = "[No Variations]"
Change component parameters (AddParameter): Name = "nameSuf"; Value = ""; VariantName = "[No Variations]"
Change component parameters (AddParameter): Name = "Units"; Value = ""; VariantName = "[No Variations]"
Change component parameters (AddParameter): Name = "Value"; Value = "68"; VariantName = "[No Variations]"
Change component parameters: Designator = "R4" ("R4"); Footprint = "Res0603"; UniqueID = "\CJNYEOVF" ("\CJNYEOVF")
Change component parameters (AddParameter): Name = "Manufacturer"; Value = "АЛЯР.434110.005ТУ"; VariantName = "[No Variations]"
Change component parameters (AddParameter): Name = "Name"; Value = "Резистор"; VariantName = "[No Variations]"
Change component parameters (AddParameter): Name = "name_main"; Value = "AC0603FR-0768RL"; VariantName = "[No Variations]"
Change component parameters (AddParameter): Name = "nameSuf"; Value = ""; VariantName = "[No Variations]"
Change component parameters (AddParameter): Name = "Units"; Value = ""; VariantName = "[No Variations]"
Change component parameters (AddParameter): Name = "Value"; Value = "68"; VariantName = "[No Variations]"
Change component parameters: Designator = "R5" ("R5"); Footprint = "Res0603"; UniqueID = "\DJFBQQIR" ("\DJFBQQIR")
Change component parameters (AddParameter): Name = "Manufacturer"; Value = "АЛЯР.434110.005ТУ"; VariantName = "[No Variations]"
Change component parameters (AddParameter): Name = "Name"; Value = "Резистор"; VariantName = "[No Variations]"
Change component parameters (AddParameter): Name = "name_main"; Value = "AC0603FR-0768RL"; VariantName = "[No Variations]"
Change component parameters (AddParameter): Name = "nameSuf"; Value = ""; VariantName = "[No Variations]"
Change component parameters (AddParameter): Name = "Units"; Value = ""; VariantName = "[No Variations]"
Change component parameters (AddParameter): Name = "Value"; Value = "68"; VariantName = "[No Variations]"
Change component parameters: Designator = "R7" ("R7"); Footprint = "Res0603"; UniqueID = "\JNEKUCGR" ("\JNEKUCGR")
Change component parameters (AddParameter): Name = "Manufacturer"; Value = "АЛЯР.434110.005ТУ"; VariantName = "[No Variations]"
Change component parameters (AddParameter): Name = "Name"; Value = "Резистор"; VariantName = "[No Variations]"
Change component parameters (AddParameter): Name = "name_main"; Value = "RC0603FR-071ML"; VariantName = "[No Variations]"
Change component parameters (AddParameter): Name = "nameSuf"; Value = ""; VariantName = "[No Variations]"
Change component parameters (AddParameter): Name = "Tolerance"; Value = "1%"; VariantName = "[No Variations]"
Change component parameters (AddParameter): Name = "Units"; Value = ""; VariantName = "[No Variations]"
Change component parameters (AddParameter): Name = "Value"; Value = "1M"; VariantName = "[No Variations]"
Change component parameters: Designator = "R8" ("R8"); Footprint = "Res0603"; UniqueID = "\MXOCZRNC" ("\MXOCZRNC")
Change component parameters (AddParameter): Name = "Manufacturer"; Value = "АЛЯР.434110.005ТУ"; VariantName = "[No Variations]"
Change component parameters (AddParameter): Name = "Name"; Value = "Резистор"; VariantName = "[No Variations]"
Change component parameters (AddParameter): Name = "name_main"; Value = "RC0603FR-071ML"; VariantName = "[No Variations]"
Change component parameters (AddParameter): Name = "nameSuf"; Value = ""; VariantName = "[No Variations]"
Change component parameters (AddParameter): Name = "Units"; Value = ""; VariantName = "[No Variations]"
Change component parameters (AddParameter): Name = "Value"; Value = "1M"; VariantName = "[No Variations]"
Change component parameters: Designator = "R9" ("R9"); Footprint = "Res0603"; UniqueID = "\IRMDRDWK" ("\IRMDRDWK")
Change component parameters (AddParameter): Name = "Manufacturer"; Value = "АЛЯР.434110.005ТУ"; VariantName = "[No Variations]"
Change component parameters (AddParameter): Name = "Name"; Value = "Резистор"; VariantName = "[No Variations]"
Change component parameters (AddParameter): Name = "name_main"; Value = "RC0603FR-07510KL"; VariantName = "[No Variations]"
Change component parameters (AddParameter): Name = "nameSuf"; Value = ""; VariantName = "[No Variations]"
Change component parameters (AddParameter): Name = "Units"; Value = ""; VariantName = "[No Variations]"
Change component parameters (AddParameter): Name = "Value"; Value = "510к"; VariantName = "[No Variations]"
Change component parameters: Designator = "R10" ("R10"); Footprint = "Res0603"; UniqueID = "\EDHGVPYS" ("\EDHGVPYS")
Change component parameters (AddParameter): Name = "Manufacturer"; Value = "АЛЯР.434110.005ТУ"; VariantName = "[No Variations]"
Change component parameters (AddParameter): Name = "Name"; Value = "Резистор"; VariantName = "[No Variations]"
Change component parameters (AddParameter): Name = "name_main"; Value = "RC0603FR-07510KL"; VariantName = "[No Variations]"
Change component parameters (AddParameter): Name = "nameSuf"; Value = ""; VariantName = "[No Variations]"
Change component parameters (AddParameter): Name = "Units"; Value = ""; VariantName = "[No Variations]"
Change component parameters (AddParameter): Name = "Value"; Value = "510к"; VariantName = "[No Variations]"
Change component parameters: Designator = "R12" ("R12"); Footprint = "Res0603"; UniqueID = "\LJFGMUSD" ("\LJFGMUSD")
Change component parameters (AddParameter): Name = "Manufacturer"; Value = "АЛЯР.434110.005ТУ"; VariantName = "[No Variations]"
Change component parameters (AddParameter): Name = "Name"; Value = "Резистор"; VariantName = "[No Variations]"
Change component parameters (AddParameter): Name = "name_main"; Value = "RC0603FR-071ML"; VariantName = "[No Variations]"
Change component parameters (AddParameter): Name = "nameSuf"; Value = ""; VariantName = "[No Variations]"
Change component parameters (AddParameter): Name = "Tolerance"; Value = "1%"; VariantName = "[No Variations]"
Change component parameters (AddParameter): Name = "Units"; Value = ""; VariantName = "[No Variations]"
Change component parameters (AddParameter): Name = "Value"; Value = "1М"; VariantName = "[No Variations]"
Change component parameters: Designator = "R14" ("R14"); Footprint = "Res0603"; UniqueID = "\ICRYPUDX" ("\ICRYPUDX")
Change component parameters (AddParameter): Name = "Manufacturer"; Value = "АЛЯР.434110.005ТУ"; VariantName = "[No Variations]"
Change component parameters (AddParameter): Name = "Name"; Value = "Резистор"; VariantName = "[No Variations]"
Change component parameters (AddParameter): Name = "name_main"; Value = "RC0603JR-0710RL"; VariantName = "[No Variations]"
Change component parameters (AddParameter): Name = "nameSuf"; Value = ""; VariantName = "[No Variations]"
Change component parameters (AddParameter): Name = "Tolerance"; Value = "5%"; VariantName = "[No Variations]"
Change component parameters (AddParameter): Name = "Units"; Value = ""; VariantName = "[No Variations]"
Change component parameters (AddParameter): Name = "Value"; Value = "10"; VariantName = "[No Variations]"
Change component parameters: Designator = "R18" ("R18"); Footprint = "Res0603"; UniqueID = "\SJHBPTNZ" ("\SJHBPTNZ")
Change component parameters (AddParameter): Name = "Manufacturer"; Value = "АЛЯР.434110.005ТУ"; VariantName = "[No Variations]"
Change component parameters (AddParameter): Name = "Name"; Value = "Резистор"; VariantName = "[No Variations]"
Change component parameters (AddParameter): Name = "name_main"; Value = "RC0603JR-0710RL"; VariantName = "[No Variations]"
Change component parameters (AddParameter): Name = "nameSuf"; Value = ""; VariantName = "[No Variations]"
Change component parameters (AddParameter): Name = "Tolerance"; Value = "5%"; VariantName = "[No Variations]"
Change component parameters (AddParameter): Name = "Units"; Value = ""; VariantName = "[No Variations]"
Change component parameters (AddParameter): Name = "Value"; Value = "10"; VariantName = "[No Variations]"
Added Component: Designator=G1(Battery)
Added Pin To Net: NetName=GND Pin=G1-Neg
Added Pin To Net: NetName=NetC1_2 Pin=G1-Pos
Change Net Name : Old Net Name=NetC1_2 New Net Name=NetC3_2
Change Net Name : Old Net Name=NetC3_1 New Net Name=NetC2_1
Change Net Name : Old Net Name=NetC5_2 New Net Name=NetC4_2
Change Net Name : Old Net Name=NetC8_2 New Net Name=NetC6_2
Change Net Name : Old Net Name=NetC9_1 New Net Name=NetC8_1
Change Net Name : Old Net Name=NetC9_2 New Net Name=NetC8_2
Change Net Name : Old Net Name=NetC14_2 New Net Name=NetC13_2
Change Net Name : Old Net Name=NetC15_1 New Net Name=NetC17_1
Change Net Name : Old Net Name=NetC15_2 New Net Name=NetC17_2
Change Net Name : Old Net Name=NetC16_2 New Net Name=NetC14_2
Change Net Name : Old Net Name=NetC17_2 New Net Name=NetC15_2
Added Pin To Net: NetName=NetC7_1 Pin=DA1-5
Added Pin To Net: NetName=NetC7_1 Pin=L4-1
Added Net: Name=NetC7_1
Added Pin To Net: NetName=NetR20_2 Pin=R20-2
Added Pin To Net: NetName=NetR20_2 Pin=R22-1
Added Net: Name=NetR20_2
Added Member To Class: ClassName=Course Member=Component G1 battery
Added Room: Name=Course
