Replace Part C1 CapCer in C:\Users\retin\Desktop\My_Git\RSL10\Altium\RSL10\RSL10_Sch.SchDoc with CapCer from RSL10_SchLib.SchLib
Replace Part C2 CapCer in C:\Users\retin\Desktop\My_Git\RSL10\Altium\RSL10\RSL10_Sch.SchDoc with CapCer from RSL10_SchLib.SchLib
Replace Part C3 CapCer in C:\Users\retin\Desktop\My_Git\RSL10\Altium\RSL10\RSL10_Sch.SchDoc with CapCer from RSL10_SchLib.SchLib
Replace Part C4 CapTan in C:\Users\retin\Desktop\My_Git\RSL10\Altium\RSL10\RSL10_Sch.SchDoc with CapTan from RSL10_SchLib.SchLib
Replace Part C5 CapCer in C:\Users\retin\Desktop\My_Git\RSL10\Altium\RSL10\RSL10_Sch.SchDoc with CapCer from RSL10_SchLib.SchLib
Replace Part C6 CapTan in C:\Users\retin\Desktop\My_Git\RSL10\Altium\RSL10\RSL10_Sch.SchDoc with CapTan from RSL10_SchLib.SchLib
Replace Part C7 CapCer in C:\Users\retin\Desktop\My_Git\RSL10\Altium\RSL10\RSL10_Sch.SchDoc with CapCer from RSL10_SchLib.SchLib
Replace Part C8 CapCer in C:\Users\retin\Desktop\My_Git\RSL10\Altium\RSL10\RSL10_Sch.SchDoc with CapCer from RSL10_SchLib.SchLib
Replace Part C9 CapCer in C:\Users\retin\Desktop\My_Git\RSL10\Altium\RSL10\RSL10_Sch.SchDoc with CapCer from RSL10_SchLib.SchLib
Replace Part C10 CapCer in C:\Users\retin\Desktop\My_Git\RSL10\Altium\RSL10\RSL10_Sch.SchDoc with CapCer from RSL10_SchLib.SchLib
Replace Part C11 CapCer in C:\Users\retin\Desktop\My_Git\RSL10\Altium\RSL10\RSL10_Sch.SchDoc with CapCer from RSL10_SchLib.SchLib
Replace Part C? CapCer in C:\Users\retin\Desktop\My_Git\RSL10\Altium\RSL10\RSL10_Sch.SchDoc with CapCer from RSL10_SchLib.SchLib
Replace Part C? CapCer in C:\Users\retin\Desktop\My_Git\RSL10\Altium\RSL10\RSL10_Sch.SchDoc with CapCer from RSL10_SchLib.SchLib
Replace Part C? CapCer in C:\Users\retin\Desktop\My_Git\RSL10\Altium\RSL10\RSL10_Sch.SchDoc with CapCer from RSL10_SchLib.SchLib
Replace Part C? CapCer in C:\Users\retin\Desktop\My_Git\RSL10\Altium\RSL10\RSL10_Sch.SchDoc with CapCer from RSL10_SchLib.SchLib
Replace Part C? CapCer in C:\Users\retin\Desktop\My_Git\RSL10\Altium\RSL10\RSL10_Sch.SchDoc with CapCer from RSL10_SchLib.SchLib
Replace Part C? CapCer in C:\Users\retin\Desktop\My_Git\RSL10\Altium\RSL10\RSL10_Sch.SchDoc with CapCer from RSL10_SchLib.SchLib
Replace Part DA1 LDO in C:\Users\retin\Desktop\My_Git\RSL10\Altium\RSL10\RSL10_Sch.SchDoc with LDO from RSL10_SchLib.SchLib
Replace Part DA? ADPD1080 in C:\Users\retin\Desktop\My_Git\RSL10\Altium\RSL10\RSL10_Sch.SchDoc with ADPD1080 from RSL10_SchLib.SchLib
Replace Part DD1 operational amplifier_2 in C:\Users\retin\Desktop\My_Git\RSL10\Altium\RSL10\RSL10_Sch.SchDoc with operational amplifier_2 from RSL10_SchLib.SchLib
Replace Part DD2 operational amplifier_1 in C:\Users\retin\Desktop\My_Git\RSL10\Altium\RSL10\RSL10_Sch.SchDoc with operational amplifier_1 from RSL10_SchLib.SchLib
Replace Part DD3 operational amplifier_1 in C:\Users\retin\Desktop\My_Git\RSL10\Altium\RSL10\RSL10_Sch.SchDoc with operational amplifier_1 from RSL10_SchLib.SchLib
Replace Part L1 Ind in C:\Users\retin\Desktop\My_Git\RSL10\Altium\RSL10\RSL10_Sch.SchDoc with Ind from RSL10_SchLib.SchLib
Replace Part R1 Res in C:\Users\retin\Desktop\My_Git\RSL10\Altium\RSL10\RSL10_Sch.SchDoc with Res from RSL10_SchLib.SchLib
Replace Part R2 Res in C:\Users\retin\Desktop\My_Git\RSL10\Altium\RSL10\RSL10_Sch.SchDoc with Res from RSL10_SchLib.SchLib
Replace Part R3 Res in C:\Users\retin\Desktop\My_Git\RSL10\Altium\RSL10\RSL10_Sch.SchDoc with Res from RSL10_SchLib.SchLib
Replace Part R4 Res in C:\Users\retin\Desktop\My_Git\RSL10\Altium\RSL10\RSL10_Sch.SchDoc with Res from RSL10_SchLib.SchLib
Replace Part R5 Res in C:\Users\retin\Desktop\My_Git\RSL10\Altium\RSL10\RSL10_Sch.SchDoc with Res from RSL10_SchLib.SchLib
Replace Part R6 Res in C:\Users\retin\Desktop\My_Git\RSL10\Altium\RSL10\RSL10_Sch.SchDoc with Res from RSL10_SchLib.SchLib
Replace Part R7 Res in C:\Users\retin\Desktop\My_Git\RSL10\Altium\RSL10\RSL10_Sch.SchDoc with Res from RSL10_SchLib.SchLib
Replace Part R8 Res in C:\Users\retin\Desktop\My_Git\RSL10\Altium\RSL10\RSL10_Sch.SchDoc with Res from RSL10_SchLib.SchLib
Replace Part R9 Res in C:\Users\retin\Desktop\My_Git\RSL10\Altium\RSL10\RSL10_Sch.SchDoc with Res from RSL10_SchLib.SchLib
Replace Part R9 Res in C:\Users\retin\Desktop\My_Git\RSL10\Altium\RSL10\RSL10_Sch.SchDoc with Res from RSL10_SchLib.SchLib
Replace Part R9 Res in C:\Users\retin\Desktop\My_Git\RSL10\Altium\RSL10\RSL10_Sch.SchDoc with Res from RSL10_SchLib.SchLib
Replace Part R10 Res in C:\Users\retin\Desktop\My_Git\RSL10\Altium\RSL10\RSL10_Sch.SchDoc with Res from RSL10_SchLib.SchLib
Replace Part R11 Res in C:\Users\retin\Desktop\My_Git\RSL10\Altium\RSL10\RSL10_Sch.SchDoc with Res from RSL10_SchLib.SchLib
Replace Part T1 TestPoint in C:\Users\retin\Desktop\My_Git\RSL10\Altium\RSL10\RSL10_Sch.SchDoc with TestPoint from RSL10_SchLib.SchLib
Replace Part T2 TestPoint in C:\Users\retin\Desktop\My_Git\RSL10\Altium\RSL10\RSL10_Sch.SchDoc with TestPoint from RSL10_SchLib.SchLib
Replace Part T3 TestPoint in C:\Users\retin\Desktop\My_Git\RSL10\Altium\RSL10\RSL10_Sch.SchDoc with TestPoint from RSL10_SchLib.SchLib
Replace Part VD1 Led in C:\Users\retin\Desktop\My_Git\RSL10\Altium\RSL10\RSL10_Sch.SchDoc with Led from RSL10_SchLib.SchLib
Replace Part VD2 Photodiode in C:\Users\retin\Desktop\My_Git\RSL10\Altium\RSL10\RSL10_Sch.SchDoc with Photodiode from RSL10_SchLib.SchLib
Replace Part VD2 Photodiode in C:\Users\retin\Desktop\My_Git\RSL10\Altium\RSL10\RSL10_Sch.SchDoc with Photodiode from RSL10_SchLib.SchLib
Replace Part VT1 RU1J002YNTCL in C:\Users\retin\Desktop\My_Git\RSL10\Altium\RSL10\RSL10_Sch.SchDoc with RU1J002YNTCL from RSL10_SchLib.SchLib
Replace Part X1 PSL8 in C:\Users\retin\Desktop\My_Git\RSL10\Altium\RSL10\RSL10_Sch.SchDoc with PSL8 from RSL10_SchLib.SchLib
Replace Part X2 PSL6 in C:\Users\retin\Desktop\My_Git\RSL10\Altium\RSL10\RSL10_Sch.SchDoc with PSL6 from RSL10_SchLib.SchLib
Replace Part X? PSL10 in C:\Users\retin\Desktop\My_Git\RSL10\Altium\RSL10\RSL10_Sch.SchDoc with PSL10 from RSL10_SchLib.SchLib
