
Importing C:\Users\retin\Desktop\My_Git\RSL10\Altium\AntDig\AntDig\PDNAnalyzer_Output\AntDig\Unnamed simulation (1)\odb.tgz... [Mon Nov 27 18:41:56 2023]
============================================================
Reading ODB++ database ...

file not found: odb/misc/info.Z
Reading file odb/matrix/matrix...
Reading file odb/steps/pcb/profile...
Reading file odb/steps/pcb/eda/data...
Origin of ODB++ database:  Altium Designer file - Version 1.0.0.30000
eda data: 8 packages, 26 nets.
Reading file odb/steps/pcb/layers/top_solder/features...
138 SWHs on layer TOP_SOLDER

Reading file odb/steps/pcb/layers/top_layer/features...
374 SWHs on layer TOP_LAYER

Reading file odb/steps/pcb/layers/dielectric_1/features...
0 SWHs on layer DIELECTRIC_1

Reading file odb/steps/pcb/layers/bottom_layer/features...
103 SWHs on layer BOTTOM_LAYER

Reading file odb/steps/pcb/layers/bottom_solder/features...
33 SWHs on layer BOTTOM_SOLDER

Reading file odb/steps/pcb/layers/top_solder/attrlist...
Reading file odb/steps/pcb/layers/top_layer/attrlist...
Reading file odb/steps/pcb/layers/dielectric_1/attrlist...
Reading file odb/steps/pcb/layers/bottom_layer/attrlist...
Reading file odb/steps/pcb/layers/bottom_solder/attrlist...
WARNING: material values were set to default due to missing information for the following layers:  'TOP_SOLDER', 'TOP_LAYER', 'DIELECTRIC_1', 'BOTTOM_LAYER', 'BOTTOM_SOLDER'
parsing drills TOP_LAYER-BOTTOM_LAYER
Reading file odb/steps/pcb/layers/drill_plated_bottom-top/features...
Reading file odb/steps/pcb/layers/comp_+_top/components...
WARNING: unequal pin numbers in component group: 
	 G1
	 A1
INFO: 20 duplicate vertices ignored
========================================
INFO: Created CSV file (C:\Users\retin\Desktop\My_Git\RSL10\Altium\AntDig\AntDig\PDNAnalyzer_Output\AntDig\Unnamed simulation (1)\Results\tmp\design.csv) with component properties extracted from ODB++ file.
========================================
========================================
Lumped-element import (C:\Users\retin\Desktop\My_Git\RSL10\Altium\AntDig\AntDig\PDNAnalyzer_Output\AntDig\Unnamed simulation (1)\Results\tmp\design.csv)...
Detected ' ; ' as separator.

Value-string translations:
	0,4í ->  400.0 mH (L)
	1,5ï ->  1.5 pF (C)
	1,8í ->  1.8 nH (L)
	100ï ->  100.0 pF (C)
	10ê ->  10.0 Ohms (R)
	10ï ->  10.0 pF (C)
	1ìê ->  1.0 pF (C)
	1ï ->  1.0 pF (C)
	2,2ìê ->  2.2 pF (C)
	3í ->  3.0 nH (L)
	4,7ìê ->  4.7 pF (C)
	68 ->  68.0 Ohms (R)
WARNING: unphysical value: 0.4 H
========================================
WARNING: There were some warnings while importing the auto-generated CSV-file 'C:\Users\retin\Desktop\My_Git\RSL10\Altium\AntDig\AntDig\PDNAnalyzer_Output\AntDig\Unnamed simulation (1)\Results\tmp\design.csv'. Please review the auto-generated file under Parts Editor->Load (csv).
========================================
WARNING: renamed pins with the same name for component X2 from 0 to 0(1)
Unifying library padstacks...
Finished reading database.
============================================================
