Added Component: Designator=A1(antenna)
Added Component: Designator=C1(cap0402)
Add component (AddParameter): Name = "manufacture"; Value = "ОЖО.460.107ТУ"; VariantName = "[No Variations]"
Add component (AddParameter): Name = "Name"; Value = "Керамический конденсатор"; VariantName = "[No Variations]"
Add component (AddParameter): Name = "name_main"; Value = "GRM1535C1H100J"; VariantName = "[No Variations]"
Add component (AddParameter): Name = "Units"; Value = "Ф"; VariantName = "[No Variations]"
Add component (AddParameter): Name = "Value"; Value = "10п"; VariantName = "[No Variations]"
Added Component: Designator=C2(cap0402)
Add component (AddParameter): Name = "manufacture"; Value = "ОЖО.460.107ТУ"; VariantName = "[No Variations]"
Add component (AddParameter): Name = "Name"; Value = "Керамический конденсатор"; VariantName = "[No Variations]"
Add component (AddParameter): Name = "name_main"; Value = "GRM1555C1H1R0BA01D"; VariantName = "[No Variations]"
Add component (AddParameter): Name = "Units"; Value = "Ф"; VariantName = "[No Variations]"
Add component (AddParameter): Name = "Value"; Value = "1п"; VariantName = "[No Variations]"
Added Component: Designator=C3(cap0402)
Add component (AddParameter): Name = "manufacture"; Value = "ОЖО.460.107ТУ"; VariantName = "[No Variations]"
Add component (AddParameter): Name = "Name"; Value = "Керамический конденсатор"; VariantName = "[No Variations]"
Add component (AddParameter): Name = "name_main"; Value = "CL10C1R5CB8NNNC"; VariantName = "[No Variations]"
Add component (AddParameter): Name = "Units"; Value = "Ф"; VariantName = "[No Variations]"
Add component (AddParameter): Name = "Value"; Value = "1,5п"; VariantName = "[No Variations]"
Added Component: Designator=C4(cap0402)
Add component (AddParameter): Name = "manufacture"; Value = "ОЖО.460.107ТУ"; VariantName = "[No Variations]"
Add component (AddParameter): Name = "Name"; Value = "Керамический конденсатор"; VariantName = "[No Variations]"
Add component (AddParameter): Name = "name_main"; Value = "GRM21BR60J335K"; VariantName = "[No Variations]"
Add component (AddParameter): Name = "Tolerance"; Value = ""; VariantName = "[No Variations]"
Add component (AddParameter): Name = "Units"; Value = "Ф"; VariantName = "[No Variations]"
Add component (AddParameter): Name = "Value"; Value = "4,7мк"; VariantName = "[No Variations]"
Added Component: Designator=C5(cap0402)
Add component (AddParameter): Name = "manufacture"; Value = "ОЖО.460.107ТУ"; VariantName = "[No Variations]"
Add component (AddParameter): Name = "Name"; Value = "Керамический конденсатор"; VariantName = "[No Variations]"
Add component (AddParameter): Name = "name_main"; Value = "CL10C1R5CB8NNNC"; VariantName = "[No Variations]"
Add component (AddParameter): Name = "Units"; Value = "Ф"; VariantName = "[No Variations]"
Add component (AddParameter): Name = "Value"; Value = "1,5п"; VariantName = "[No Variations]"
Added Component: Designator=C6(cap0402)
Add component (AddParameter): Name = "manufacture"; Value = "ОЖО.460.107ТУ"; VariantName = "[No Variations]"
Add component (AddParameter): Name = "Name"; Value = "Керамический конденсатор"; VariantName = "[No Variations]"
Add component (AddParameter): Name = "name_main"; Value = "CC0603KRX7R7BB105"; VariantName = "[No Variations]"
Add component (AddParameter): Name = "nameSuf"; Value = "-3"; VariantName = "[No Variations]"
Add component (AddParameter): Name = "Units"; Value = "Ф"; VariantName = "[No Variations]"
Add component (AddParameter): Name = "Value"; Value = "1мк"; VariantName = "[No Variations]"
Added Component: Designator=C7(cap0402)
Add component (AddParameter): Name = "manufacture"; Value = "ОЖО.460.107ТУ"; VariantName = "[No Variations]"
Add component (AddParameter): Name = "Name"; Value = "Керамический конденсатор"; VariantName = "[No Variations]"
Add component (AddParameter): Name = "name_main"; Value = "GRM1885C1H101J"; VariantName = "[No Variations]"
Add component (AddParameter): Name = "Units"; Value = "Ф"; VariantName = "[No Variations]"
Add component (AddParameter): Name = "Value"; Value = "100п"; VariantName = "[No Variations]"
Added Component: Designator=C8(cap0402)
Add component (AddParameter): Name = "manufacture"; Value = "ОЖО.460.107ТУ"; VariantName = "[No Variations]"
Add component (AddParameter): Name = "Name"; Value = "Керамический конденсатор"; VariantName = "[No Variations]"
Add component (AddParameter): Name = "name_main"; Value = "CC0603KRX7R7BB105"; VariantName = "[No Variations]"
Add component (AddParameter): Name = "nameSuf"; Value = "-3"; VariantName = "[No Variations]"
Add component (AddParameter): Name = "Units"; Value = "Ф"; VariantName = "[No Variations]"
Add component (AddParameter): Name = "Value"; Value = "1мк"; VariantName = "[No Variations]"
Added Component: Designator=C9(cap0402)
Add component (AddParameter): Name = "manufacture"; Value = "ОЖО.460.107ТУ"; VariantName = "[No Variations]"
Add component (AddParameter): Name = "Name"; Value = "Керамический конденсатор"; VariantName = "[No Variations]"
Add component (AddParameter): Name = "name_main"; Value = "CC0603KRX7R7BB105"; VariantName = "[No Variations]"
Add component (AddParameter): Name = "nameSuf"; Value = "-3"; VariantName = "[No Variations]"
Add component (AddParameter): Name = "Units"; Value = "Ф"; VariantName = "[No Variations]"
Add component (AddParameter): Name = "Value"; Value = "1мк"; VariantName = "[No Variations]"
Added Component: Designator=C10(cap0402)
Add component (AddParameter): Name = "manufacture"; Value = "ОЖО.460.107ТУ"; VariantName = "[No Variations]"
Add component (AddParameter): Name = "Name"; Value = "Керамический конденсатор"; VariantName = "[No Variations]"
Add component (AddParameter): Name = "name_main"; Value = "GRM188R61A225K"; VariantName = "[No Variations]"
Add component (AddParameter): Name = "Tolerance"; Value = ""; VariantName = "[No Variations]"
Add component (AddParameter): Name = "Units"; Value = "Ф"; VariantName = "[No Variations]"
Add component (AddParameter): Name = "Value"; Value = "2,2мк"; VariantName = "[No Variations]"
Added Component: Designator=C11(cap0402)
Add component (AddParameter): Name = "manufacture"; Value = "ОЖО.460.107ТУ"; VariantName = "[No Variations]"
Add component (AddParameter): Name = "Name"; Value = "Керамический конденсатор"; VariantName = "[No Variations]"
Add component (AddParameter): Name = "name_main"; Value = "GRM21BR60J335K"; VariantName = "[No Variations]"
Add component (AddParameter): Name = "Tolerance"; Value = ""; VariantName = "[No Variations]"
Add component (AddParameter): Name = "Units"; Value = "Ф"; VariantName = "[No Variations]"
Add component (AddParameter): Name = "Value"; Value = "4,7мк"; VariantName = "[No Variations]"
Added Component: Designator=DA1(RSL10)
Added Component: Designator=G1(XTAL48)
Added Component: Designator=L1(IND0402)
Add component (AddParameter): Name = "Name"; Value = "Катушка индуктивности"; VariantName = "[No Variations]"
Add component (AddParameter): Name = "name_main"; Value = "MLZ1608M100WT000"; VariantName = "[No Variations]"
Add component (AddParameter): Name = "Units"; Value = "Гн"; VariantName = "[No Variations]"
Add component (AddParameter): Name = "Value"; Value = "0,4н"; VariantName = "[No Variations]"
Added Component: Designator=L2(IND0402)
Add component (AddParameter): Name = "Name"; Value = "Катушка индуктивности"; VariantName = "[No Variations]"
Add component (AddParameter): Name = "name_main"; Value = "MLZ1608M100WT000"; VariantName = "[No Variations]"
Add component (AddParameter): Name = "Units"; Value = "Гн"; VariantName = "[No Variations]"
Add component (AddParameter): Name = "Value"; Value = "1,8н"; VariantName = "[No Variations]"
Added Component: Designator=L3(IND0402)
Add component (AddParameter): Name = "Name"; Value = "Катушка индуктивности"; VariantName = "[No Variations]"
Add component (AddParameter): Name = "name_main"; Value = "MLZ1608M100WT000"; VariantName = "[No Variations]"
Add component (AddParameter): Name = "Units"; Value = "Гн"; VariantName = "[No Variations]"
Add component (AddParameter): Name = "Value"; Value = "3н"; VariantName = "[No Variations]"
Added Component: Designator=R1(Res0603)
Add component (AddParameter): Name = "Manufacturer"; Value = "АЛЯР.434110.005ТУ"; VariantName = "[No Variations]"
Add component (AddParameter): Name = "Name"; Value = "Резистор"; VariantName = "[No Variations]"
Add component (AddParameter): Name = "name_main"; Value = "RC0603FR-0710KL"; VariantName = "[No Variations]"
Add component (AddParameter): Name = "nameSuf"; Value = ""; VariantName = "[No Variations]"
Add component (AddParameter): Name = "Tolerance"; Value = "5%"; VariantName = "[No Variations]"
Add component (AddParameter): Name = "Units"; Value = ""; VariantName = "[No Variations]"
Add component (AddParameter): Name = "Value"; Value = "10к"; VariantName = "[No Variations]"
Added Component: Designator=R2(Res0603)
Add component (AddParameter): Name = "Manufacturer"; Value = "АЛЯР.434110.005ТУ"; VariantName = "[No Variations]"
Add component (AddParameter): Name = "Name"; Value = "Резистор"; VariantName = "[No Variations]"
Add component (AddParameter): Name = "name_main"; Value = "RC0603FR-0710KL"; VariantName = "[No Variations]"
Add component (AddParameter): Name = "nameSuf"; Value = ""; VariantName = "[No Variations]"
Add component (AddParameter): Name = "Tolerance"; Value = "5%"; VariantName = "[No Variations]"
Add component (AddParameter): Name = "Units"; Value = ""; VariantName = "[No Variations]"
Add component (AddParameter): Name = "Value"; Value = "10к"; VariantName = "[No Variations]"
Added Component: Designator=R3(Res0603)
Add component (AddParameter): Name = "Manufacturer"; Value = "АЛЯР.434110.005ТУ"; VariantName = "[No Variations]"
Add component (AddParameter): Name = "Name"; Value = "Резистор"; VariantName = "[No Variations]"
Add component (AddParameter): Name = "name_main"; Value = "AC0603FR-0768RL"; VariantName = "[No Variations]"
Add component (AddParameter): Name = "nameSuf"; Value = ""; VariantName = "[No Variations]"
Add component (AddParameter): Name = "Units"; Value = ""; VariantName = "[No Variations]"
Add component (AddParameter): Name = "Value"; Value = "68"; VariantName = "[No Variations]"
Added Component: Designator=R4(Res0603)
Add component (AddParameter): Name = "Manufacturer"; Value = "АЛЯР.434110.005ТУ"; VariantName = "[No Variations]"
Add component (AddParameter): Name = "Name"; Value = "Резистор"; VariantName = "[No Variations]"
Add component (AddParameter): Name = "name_main"; Value = "AC0603FR-0768RL"; VariantName = "[No Variations]"
Add component (AddParameter): Name = "nameSuf"; Value = ""; VariantName = "[No Variations]"
Add component (AddParameter): Name = "Units"; Value = ""; VariantName = "[No Variations]"
Add component (AddParameter): Name = "Value"; Value = "68"; VariantName = "[No Variations]"
Added Component: Designator=R5(Res0603)
Add component (AddParameter): Name = "Manufacturer"; Value = "АЛЯР.434110.005ТУ"; VariantName = "[No Variations]"
Add component (AddParameter): Name = "Name"; Value = "Резистор"; VariantName = "[No Variations]"
Add component (AddParameter): Name = "name_main"; Value = "AC0603FR-0768RL"; VariantName = "[No Variations]"
Add component (AddParameter): Name = "nameSuf"; Value = ""; VariantName = "[No Variations]"
Add component (AddParameter): Name = "Units"; Value = ""; VariantName = "[No Variations]"
Add component (AddParameter): Name = "Value"; Value = "68"; VariantName = "[No Variations]"
Added Component: Designator=R6(Res0603)
Add component (AddParameter): Name = "Manufacturer"; Value = "АЛЯР.434110.005ТУ"; VariantName = "[No Variations]"
Add component (AddParameter): Name = "Name"; Value = "Резистор"; VariantName = "[No Variations]"
Add component (AddParameter): Name = "name_main"; Value = "RC0603FR-0710KL"; VariantName = "[No Variations]"
Add component (AddParameter): Name = "nameSuf"; Value = ""; VariantName = "[No Variations]"
Add component (AddParameter): Name = "Tolerance"; Value = "5%"; VariantName = "[No Variations]"
Add component (AddParameter): Name = "Units"; Value = ""; VariantName = "[No Variations]"
Add component (AddParameter): Name = "Value"; Value = "10к"; VariantName = "[No Variations]"
Added Component: Designator=X1(PSL_4)
Add component (AddParameter): Name = "manufacture"; Value = "БСАР.430420.014ТУ"; VariantName = "[No Variations]"
Add component (AddParameter): Name = "name"; Value = "Разъемы"; VariantName = "[No Variations]"
Add component (AddParameter): Name = "name_main"; Value = "PLS-6"; VariantName = "[No Variations]"
Added Component: Designator=X2(FFC8)
Add component (AddParameter): Name = "manufacture"; Value = "2328702-8"; VariantName = "[No Variations]"
Add component (AddParameter): Name = "name"; Value = "Разъемы"; VariantName = "[No Variations]"
Add component (AddParameter): Name = "name_main"; Value = "FFC-8"; VariantName = "[No Variations]"
Added Pin To Net: NetName=NetA1_1 Pin=A1-1
Added Pin To Net: NetName=GND Pin=C1-1
Added Pin To Net: NetName=NetA1_1 Pin=C1-2
Added Pin To Net: NetName=NetC2_1 Pin=C2-1
Added Pin To Net: NetName=NetA1_1 Pin=C2-2
Added Pin To Net: NetName=GND Pin=C3-1
Added Pin To Net: NetName=NetC3_2 Pin=C3-2
Added Pin To Net: NetName=GND Pin=C4-1
Added Pin To Net: NetName=1V8 Pin=C4-2
Added Pin To Net: NetName=GND Pin=C5-1
Added Pin To Net: NetName=NetC5_2 Pin=C5-2
Added Pin To Net: NetName=NetC6_1 Pin=C6-1
Added Pin To Net: NetName=NetC6_2 Pin=C6-2
Added Pin To Net: NetName=GND Pin=C7-1
Added Pin To Net: NetName=1V8 Pin=C7-2
Added Pin To Net: NetName=GND Pin=C8-1
Added Pin To Net: NetName=1V8 Pin=C8-2
Added Pin To Net: NetName=GND Pin=C9-1
Added Pin To Net: NetName=NetC9_2 Pin=C9-2
Added Pin To Net: NetName=GND Pin=C10-1
Added Pin To Net: NetName=NetC10_2 Pin=C10-2
Added Pin To Net: NetName=GND Pin=C11-1
Added Pin To Net: NetName=NetC11_2 Pin=C11-2
Added Pin To Net: NetName=NetC5_2 Pin=DA1-1
Added Pin To Net: NetName=GND Pin=DA1-3
Added Pin To Net: NetName=NetC9_2 Pin=DA1-5
Added Pin To Net: NetName=NetC6_2 Pin=DA1-6
Added Pin To Net: NetName=NetC6_1 Pin=DA1-7
Added Pin To Net: NetName=GND Pin=DA1-8
Added Pin To Net: NetName=1V8 Pin=DA1-9
Added Pin To Net: NetName=NetC11_2 Pin=DA1-12
Added Pin To Net: NetName=NetDA1_16 Pin=DA1-16
Added Pin To Net: NetName=LED Pin=DA1-24
Added Pin To Net: NetName=SCL Pin=DA1-25
Added Pin To Net: NetName=SDA Pin=DA1-27
Added Pin To Net: NetName=GND Pin=DA1-28
Added Pin To Net: NetName=A\L\E\R\T\ Pin=DA1-29
Added Pin To Net: NetName=BUSY Pin=DA1-30
Added Pin To Net: NetName=NetDA1_33 Pin=DA1-33
Added Pin To Net: NetName=NetDA1_34 Pin=DA1-34
Added Pin To Net: NetName=GND Pin=DA1-35
Added Pin To Net: NetName=1V8 Pin=DA1-36
Added Pin To Net: NetName=GND Pin=DA1-42
Added Pin To Net: NetName=NetDA1_43 Pin=DA1-43
Added Pin To Net: NetName=NetDA1_44 Pin=DA1-44
Added Pin To Net: NetName=NetDA1_45 Pin=DA1-45
Added Pin To Net: NetName=GND Pin=DA1-46
Added Pin To Net: NetName=NetDA1_45 Pin=DA1-47
Added Pin To Net: NetName=NetC10_2 Pin=DA1-48
Added Pin To Net: NetName=NetDA1_44 Pin=G1-1
Added Pin To Net: NetName=GND Pin=G1-2
Added Pin To Net: NetName=NetDA1_43 Pin=G1-3
Added Pin To Net: NetName=GND Pin=G1-4
Added Pin To Net: NetName=GND Pin=L1-1
Added Pin To Net: NetName=NetA1_1 Pin=L1-2
Added Pin To Net: NetName=NetC2_1 Pin=L2-1
Added Pin To Net: NetName=NetC3_2 Pin=L2-2
Added Pin To Net: NetName=NetC3_2 Pin=L3-1
Added Pin To Net: NetName=NetC5_2 Pin=L3-2
Added Pin To Net: NetName=1V8 Pin=R1-1
Added Pin To Net: NetName=NetR1_2 Pin=R1-2
Added Pin To Net: NetName=1V8 Pin=R2-1
Added Pin To Net: NetName=NetR2_2 Pin=R2-2
Added Pin To Net: NetName=NetDA1_16 Pin=R3-1
Added Pin To Net: NetName=NetR3_2 Pin=R3-2
Added Pin To Net: NetName=NetDA1_33 Pin=R4-1
Added Pin To Net: NetName=NetR2_2 Pin=R4-2
Added Pin To Net: NetName=NetDA1_34 Pin=R5-1
Added Pin To Net: NetName=NetR1_2 Pin=R5-2
Added Pin To Net: NetName=1V8 Pin=R6-1
Added Pin To Net: NetName=NetR3_2 Pin=R6-2
Added Pin To Net: NetName=NetR3_2 Pin=X1-1
Added Pin To Net: NetName=NetR2_2 Pin=X1-2
Added Pin To Net: NetName=NetR1_2 Pin=X1-3
Added Pin To Net: NetName=GND Pin=X1-4
Added Pin To Net: NetName=SCL Pin=X2-1
Added Pin To Net: NetName=SDA Pin=X2-2
Added Pin To Net: NetName=A\L\E\R\T\ Pin=X2-3
Added Pin To Net: NetName=BUSY Pin=X2-4
Added Pin To Net: NetName=LED Pin=X2-5
Added Pin To Net: NetName=1V8 Pin=X2-6
Added Pin To Net: NetName=GND Pin=X2-7
Added Member To Class: ClassName=AntDig Member=Component A1 Обозначение при заказе
Added Member To Class: ClassName=AntDig Member=Component C1 10п
Added Member To Class: ClassName=AntDig Member=Component C2 1п
Added Member To Class: ClassName=AntDig Member=Component C3 1,5п
Added Member To Class: ClassName=AntDig Member=Component C4 4,7мк
Added Member To Class: ClassName=AntDig Member=Component C5 1,5п
Added Member To Class: ClassName=AntDig Member=Component C6 1мк
Added Member To Class: ClassName=AntDig Member=Component C7 100п
Added Member To Class: ClassName=AntDig Member=Component C8 1мк
Added Member To Class: ClassName=AntDig Member=Component C9 1мк
Added Member To Class: ClassName=AntDig Member=Component C10 2,2мк
Added Member To Class: ClassName=AntDig Member=Component C11 4,7мк
Added Member To Class: ClassName=AntDig Member=Component DA1 RSL10
Added Member To Class: ClassName=AntDig Member=Component G1 Обозначение при заказе
Added Member To Class: ClassName=AntDig Member=Component L1 0,4н
Added Member To Class: ClassName=AntDig Member=Component L2 1,8н
Added Member To Class: ClassName=AntDig Member=Component L3 3н
Added Member To Class: ClassName=AntDig Member=Component R1 10к
Added Member To Class: ClassName=AntDig Member=Component R2 10к
Added Member To Class: ClassName=AntDig Member=Component R3 68
Added Member To Class: ClassName=AntDig Member=Component R4 68
Added Member To Class: ClassName=AntDig Member=Component R5 68
Added Member To Class: ClassName=AntDig Member=Component R6 10к
Added Member To Class: ClassName=AntDig Member=Component X1 PLS-6БСАР.430420.014ТУ
Added Member To Class: ClassName=AntDig Member=Component X2 FFC-82328702-8
Added Room: Name=AntDig
