Change Component Designator: Old Designator=C17 New Designator=C4
Change Component Designator: Old Designator=C18 New Designator=C1
Change Component Designator: Old Designator=C19 New Designator=C2
Change Component Designator: Old Designator=C20 New Designator=C9
Change Component Designator: Old Designator=C21 New Designator=C3
Change Component Designator: Old Designator=C22 New Designator=C5
Change Component Designator: Old Designator=C23 New Designator=C10
Change Component Designator: Old Designator=C24 New Designator=C11
Change Component Designator: Old Designator=C25 New Designator=C6
Change Component Designator: Old Designator=C26 New Designator=C7
Change Component Designator: Old Designator=C27 New Designator=C8
Change Component Designator: Old Designator=DA3 New Designator=DA1
Change Component Designator: Old Designator=G2 New Designator=G1
Change Component Designator: Old Designator=L2 New Designator=L3
Change Component Designator: Old Designator=L3 New Designator=L1
Change Component Designator: Old Designator=L4 New Designator=L2
Change Component Designator: Old Designator=R18 New Designator=R1
Change Component Designator: Old Designator=R19 New Designator=R2
Change Component Designator: Old Designator=R20 New Designator=R4
Change Component Designator: Old Designator=R21 New Designator=R5
Change Component Designator: Old Designator=R22 New Designator=R6
Change Component Designator: Old Designator=R23 New Designator=R3
Change Component Designator: Old Designator=X3 New Designator=X1
